[ 2016-10-17T10:04:23+08:00 ] 127.0.0.1 /
INFO: [ app_init ] --START--
INFO: Run Behavior\BuildLiteBehavior [ RunTime:0.000022s ]
INFO: [ app_init ] --END-- [ RunTime:0.001855s ]
INFO: [ app_begin ] --START--
INFO: Run Behavior\ReadHtmlCacheBehavior [ RunTime:0.001673s ]
INFO: Run Behavior\CheckLangBehavior [ RunTime:0.005564s ]
INFO: [ app_begin ] --END-- [ RunTime:0.007404s ]
NOTIC: [2048] Declaration of Home\Controller\IndexController::show() should be compatible with that of Think\Controller::show() D:\www\ebook\App\Home\Controller\IndexController.class.php 第 6 行.
SQL: SHOW COLUMNS FROM `eb_option` [ RunTime:0.007593s ]
SQL: SELECT * FROM `eb_option` WHERE ( option_name='sys_reg_name' ) LIMIT 1   [ RunTime:0.000316s ]
SQL: SHOW COLUMNS FROM `eb_iplimit` [ RunTime:0.006971s ]
SQL: SELECT * FROM `eb_option` WHERE `option_name` IN ('sys_ip_fail_type','sys_ip_type')  [ RunTime:0.000573s ]
SQL: SELECT * FROM `eb_iplimit` WHERE ( is_close=0 AND 2105834626 between ip_beg_val AND ip_end_val ) LIMIT 1   [ RunTime:0.000205s ]
NOTIC: [2] Missing argument 1 for Home\Extend\Tcpdf\fpdf::getParser(), called in D:\www\ebook\App\Home\Controller\IndexController.class.php on line 13 and defined D:\www\ebook\App\Home\Extend\Tcpdf\fpdf.class.php 第 280 行.

[ 2016-10-17T10:04:39+08:00 ] 127.0.0.1 /
INFO: [ app_init ] --START--
INFO: Run Behavior\BuildLiteBehavior [ RunTime:0.000013s ]
INFO: [ app_init ] --END-- [ RunTime:0.000291s ]
INFO: [ app_begin ] --START--
INFO: Run Behavior\ReadHtmlCacheBehavior [ RunTime:0.000358s ]
INFO: Run Behavior\CheckLangBehavior [ RunTime:0.001920s ]
INFO: [ app_begin ] --END-- [ RunTime:0.002382s ]
NOTIC: [2048] Declaration of Home\Controller\IndexController::show() should be compatible with that of Think\Controller::show() D:\www\ebook\App\Home\Controller\IndexController.class.php 第 6 行.
SQL: SHOW COLUMNS FROM `eb_option` [ RunTime:0.004229s ]
SQL: SELECT * FROM `eb_option` WHERE ( option_name='sys_reg_name' ) LIMIT 1   [ RunTime:0.000248s ]
SQL: SHOW COLUMNS FROM `eb_iplimit` [ RunTime:0.003617s ]
SQL: SELECT * FROM `eb_option` WHERE `option_name` IN ('sys_ip_fail_type','sys_ip_type')  [ RunTime:0.000275s ]
SQL: SELECT * FROM `eb_iplimit` WHERE ( is_close=0 AND 2105834626 between ip_beg_val AND ip_end_val ) LIMIT 1   [ RunTime:0.000202s ]
NOTIC: [2] Missing argument 1 for Home\Extend\Tcpdf\fpdf::getParser(), called in D:\www\ebook\App\Home\Controller\IndexController.class.php on line 13 and defined D:\www\ebook\App\Home\Extend\Tcpdf\fpdf.class.php 第 280 行.
SQL: SHOW COLUMNS FROM `eb_book` [ RunTime:0.008205s ]
SQL: SELECT COUNT(0) AS tp_count FROM `eb_book` WHERE ( is_upload=0 ) LIMIT 1   [ RunTime:0.019321s ]
NOTIC: [8] Undefined variable: reg_info D:\www\ebook\App\Home\Extend\Tcpdf\fpdf.class.php 第 339 行.
SQL: SELECT * FROM `eb_option` WHERE `option_name` IN ('sys_index_left1','sys_index_left2','sys_index_left3','sys_index_left4')  [ RunTime:0.000327s ]
SQL: SHOW COLUMNS FROM `eb_booklist` [ RunTime:0.006294s ]
NOTIC: [2048] Declaration of Home\Model\SbookModel::check() should be compatible with that of Think\Model::check() D:\www\ebook\App\Home\Model\SbookModel.class.php 第 105 行.
SQL: SHOW COLUMNS FROM `eb_sbook` [ RunTime:0.008341s ]
SQL: SHOW COLUMNS FROM `eb_movie_file` [ RunTime:0.006958s ]
SQL: SELECT * FROM `eb_booklist` WHERE ( booklist_id=1 ) LIMIT 1   [ RunTime:0.000274s ]
SQL: SHOW COLUMNS FROM `eb_booklist_ext` [ RunTime:0.006539s ]
NOTIC: [8] Undefined index: order D:\www\ebook\App\Home\Model\BooklistModel.class.php 第 54 行.
SQL: SELECT * FROM `eb_booklist_ext` INNER JOIN eb_book ON eb_booklist_ext.book_id=eb_book.book_id  WHERE ( booklist_id=1 ) ORDER BY booklist_ext_id desc LIMIT 0,12   [ RunTime:0.003866s ]
INFO: [ view_filter ] --START--
INFO: Run Behavior\WriteHtmlCacheBehavior [ RunTime:0.001190s ]
INFO: [ view_filter ] --END-- [ RunTime:0.001269s ]
SQL: SELECT * FROM `eb_booklist` WHERE ( booklist_id=2 ) LIMIT 1   [ RunTime:0.000320s ]
NOTIC: [8] Undefined index: order D:\www\ebook\App\Home\Model\BooklistModel.class.php 第 54 行.
SQL: SELECT * FROM `eb_booklist_ext` INNER JOIN eb_book ON eb_booklist_ext.book_id=eb_book.book_id  WHERE ( booklist_id=2 ) ORDER BY booklist_ext_id desc LIMIT 0,12   [ RunTime:0.003164s ]
INFO: [ view_filter ] --START--
INFO: Run Behavior\WriteHtmlCacheBehavior [ RunTime:0.000013s ]
INFO: [ view_filter ] --END-- [ RunTime:-0.007829s ]
SQL: SELECT * FROM `eb_booklist` WHERE ( booklist_id=3 ) LIMIT 1   [ RunTime:0.000308s ]
NOTIC: [8] Undefined index: order D:\www\ebook\App\Home\Model\BooklistModel.class.php 第 54 行.
SQL: SELECT * FROM `eb_booklist_ext` INNER JOIN eb_book ON eb_booklist_ext.book_id=eb_book.book_id  WHERE ( booklist_id=3 ) ORDER BY booklist_ext_id desc LIMIT 0,12   [ RunTime:0.003044s ]
INFO: [ view_filter ] --START--
INFO: Run Behavior\WriteHtmlCacheBehavior [ RunTime:0.000016s ]
INFO: [ view_filter ] --END-- [ RunTime:-0.014640s ]
SQL: SELECT * FROM `eb_book` INNER JOIN (SELECT count(0) as cmt_cnt,book_id as book_id1 FROM eb_cmt INNER JOIN eb_cmt_ext ON eb_cmt.cmt_id=eb_cmt_ext.cmt_id where ctype=1 GROUP BY book_id)t1 on book_id=book_id1  ORDER BY cmt_cnt desc LIMIT 0,10   [ RunTime:0.005903s ]
NOTIC: [2] Invalid argument supplied for foreach() D:\www\ebook\App\Home\Model\BookModel.class.php 第 171 行.
SQL: SELECT * FROM `eb_book` ORDER BY readtimes LIMIT 0,10   [ RunTime:0.001136s ]
SQL: SELECT * FROM `eb_book` ORDER BY readtimes desc LIMIT 0,10   [ RunTime:0.001572s ]
SQL: SELECT * FROM `eb_book` INNER JOIN (SELECT count(0) as read_cnt,book_id as book_id1 FROM eb_rh GROUP BY book_id)t1 on book_id=book_id1  ORDER BY read_cnt desc LIMIT 0,10   [ RunTime:0.003582s ]
SQL: SELECT * FROM `eb_book` WHERE `book_id` NOT IN ('44772','25882') ORDER BY readtimes LIMIT 0,8   [ RunTime:0.009218s ]
SQL: SELECT COUNT(0) AS tp_count FROM `eb_book` LIMIT 1   [ RunTime:0.009294s ]
SQL: SELECT COUNT(0) AS tp_count FROM `eb_sbook` LIMIT 1   [ RunTime:0.003713s ]
SQL: SELECT COUNT(0) AS tp_count FROM `eb_movie_file` LIMIT 1   [ RunTime:0.005331s ]
SQL: SHOW COLUMNS FROM `eb_annou` [ RunTime:0.007757s ]
SQL: SELECT * FROM `eb_annou` ORDER BY add_time desc LIMIT 0,24   [ RunTime:0.000273s ]
SQL: SHOW COLUMNS FROM `eb_link` [ RunTime:0.006489s ]
SQL: SELECT * FROM `eb_link` ORDER BY order_num LIMIT 0,200   [ RunTime:0.000261s ]
SQL: SHOW COLUMNS FROM `eb_user` [ RunTime:0.006638s ]
SQL: SELECT * FROM `eb_user` WHERE ( user_id= ) LIMIT 1   [ RunTime:0.000213s ]
ERR: 1064:You have an error in your SQL syntax; check the manual that corresponds to your MySQL server version for the right syntax to use near ') LIMIT 1' at line 1
 [ SQL语句 ] : SELECT * FROM `eb_user` WHERE ( user_id= ) LIMIT 1  
SQL: SHOW COLUMNS FROM `eb_bookmark` [ RunTime:0.006319s ]
SQL: SHOW COLUMNS FROM `eb_cmt` [ RunTime:0.004027s ]
SQL: SHOW COLUMNS FROM `eb_rh` [ RunTime:0.003540s ]
SQL: SHOW COLUMNS FROM `eb_search` [ RunTime:0.006268s ]
SQL: SELECT COUNT(*) AS tp_count FROM `eb_bookmark` WHERE ( user_id= ) LIMIT 1   [ RunTime:0.000123s ]
ERR: 1064:You have an error in your SQL syntax; check the manual that corresponds to your MySQL server version for the right syntax to use near ') LIMIT 1' at line 1
 [ SQL语句 ] : SELECT COUNT(*) AS tp_count FROM `eb_bookmark` WHERE ( user_id= ) LIMIT 1  
SQL: SELECT COUNT(*) AS tp_count FROM `eb_cmt` WHERE ( user_id= ) LIMIT 1   [ RunTime:0.000089s ]
ERR: 1064:You have an error in your SQL syntax; check the manual that corresponds to your MySQL server version for the right syntax to use near ') LIMIT 1' at line 1
 [ SQL语句 ] : SELECT COUNT(*) AS tp_count FROM `eb_cmt` WHERE ( user_id= ) LIMIT 1  
SQL: SELECT COUNT(*) AS tp_count FROM `eb_rh` WHERE ( user_id= ) LIMIT 1   [ RunTime:0.000094s ]
ERR: 1064:You have an error in your SQL syntax; check the manual that corresponds to your MySQL server version for the right syntax to use near ') LIMIT 1' at line 1
 [ SQL语句 ] : SELECT COUNT(*) AS tp_count FROM `eb_rh` WHERE ( user_id= ) LIMIT 1  
SQL: SELECT COUNT(*) AS tp_count FROM `eb_search` WHERE ( user_id= ) LIMIT 1   [ RunTime:0.000086s ]
ERR: 1064:You have an error in your SQL syntax; check the manual that corresponds to your MySQL server version for the right syntax to use near ') LIMIT 1' at line 1
 [ SQL语句 ] : SELECT COUNT(*) AS tp_count FROM `eb_search` WHERE ( user_id= ) LIMIT 1  
SQL: SELECT * FROM `eb_option` WHERE ( option_name='sys_site_logo' ) LIMIT 1   [ RunTime:0.000361s ]
NOTIC: [8] Undefined index: sv D:\www\ebook\App\Home\View\Public\nav.php 第 22 行.
SQL: SHOW COLUMNS FROM `eb_nav` [ RunTime:0.006314s ]
SQL: SELECT * FROM `eb_nav` ORDER BY order_num,nav_id  [ RunTime:0.000285s ]
SQL: SELECT * FROM `eb_booklist` ORDER BY booklist_id desc  [ RunTime:0.000158s ]
INFO: [ view_filter ] --START--
INFO: Run Behavior\WriteHtmlCacheBehavior [ RunTime:0.000019s ]
INFO: [ view_filter ] --END-- [ RunTime:-0.134124s ]
INFO: [ app_end ] --START--
INFO: Run Behavior\ShowPageTraceBehavior [ RunTime:0.002053s ]
INFO: [ app_end ] --END-- [ RunTime:0.002129s ]

[ 2016-10-17T10:38:17+08:00 ] 127.0.0.1 /Index/video
INFO: [ app_init ] --START--
INFO: Run Behavior\BuildLiteBehavior [ RunTime:0.000020s ]
INFO: [ app_init ] --END-- [ RunTime:0.000490s ]
INFO: [ app_begin ] --START--
INFO: Run Behavior\ReadHtmlCacheBehavior [ RunTime:0.000422s ]
INFO: Run Behavior\CheckLangBehavior [ RunTime:0.002068s ]
INFO: [ app_begin ] --END-- [ RunTime:0.002610s ]
NOTIC: [2048] Declaration of Home\Controller\IndexController::show() should be compatible with that of Think\Controller::show() D:\www\ebook\App\Home\Controller\IndexController.class.php 第 6 行.
SQL: SHOW COLUMNS FROM `eb_option` [ RunTime:0.003924s ]
SQL: SELECT * FROM `eb_option` WHERE ( option_name='sys_reg_name' ) LIMIT 1   [ RunTime:0.000267s ]
SQL: SHOW COLUMNS FROM `eb_iplimit` [ RunTime:0.005176s ]
SQL: SELECT * FROM `eb_option` WHERE `option_name` IN ('sys_ip_fail_type','sys_ip_type')  [ RunTime:0.000461s ]
SQL: SELECT * FROM `eb_iplimit` WHERE ( is_close=0 AND 2105834626 between ip_beg_val AND ip_end_val ) LIMIT 1   [ RunTime:0.000439s ]
SQL: SHOW COLUMNS FROM `eb_movie` [ RunTime:0.007469s ]
SQL: SHOW COLUMNS FROM `eb_movie` [ RunTime:0.005171s ]
NOTIC: [8] Undefined index: title D:\www\ebook\App\Home\Controller\IndexController.class.php 第 821 行.
NOTIC: [8] Undefined index: author D:\www\ebook\App\Home\Controller\IndexController.class.php 第 824 行.
NOTIC: [8] Undefined index: clc D:\www\ebook\App\Home\Controller\IndexController.class.php 第 827 行.
SQL: SELECT COUNT(0) AS tp_count FROM `eb_movie` LIMIT 1   [ RunTime:0.011043s ]
SQL: SELECT * FROM `eb_movie` ORDER BY movie_id desc LIMIT 0,10   [ RunTime:0.000485s ]
SQL: SHOW COLUMNS FROM `eb_movie_file` [ RunTime:0.003792s ]
SQL: SELECT * FROM `eb_movie_file` WHERE ( movie_id=4257 )  [ RunTime:0.004021s ]
SQL: SELECT * FROM `eb_movie_file` WHERE ( movie_id=4256 )  [ RunTime:0.002883s ]
SQL: SELECT * FROM `eb_movie_file` WHERE ( movie_id=4255 )  [ RunTime:0.004069s ]
SQL: SELECT * FROM `eb_movie_file` WHERE ( movie_id=4254 )  [ RunTime:0.002395s ]
SQL: SELECT * FROM `eb_movie_file` WHERE ( movie_id=4253 )  [ RunTime:0.002479s ]
SQL: SELECT * FROM `eb_movie_file` WHERE ( movie_id=4252 )  [ RunTime:0.002469s ]
SQL: SELECT * FROM `eb_movie_file` WHERE ( movie_id=4251 )  [ RunTime:0.002441s ]
SQL: SELECT * FROM `eb_movie_file` WHERE ( movie_id=4250 )  [ RunTime:0.004082s ]
SQL: SELECT * FROM `eb_movie_file` WHERE ( movie_id=4249 )  [ RunTime:0.002405s ]
SQL: SELECT * FROM `eb_movie_file` WHERE ( movie_id=4248 )  [ RunTime:0.002270s ]
SQL: SELECT COUNT(0) AS tp_count FROM `eb_movie` LIMIT 1   [ RunTime:0.001324s ]
SQL: SELECT * FROM `eb_option` WHERE ( option_name='sys_site_logo' ) LIMIT 1   [ RunTime:0.000515s ]
NOTIC: [8] Undefined index: sv D:\www\ebook\App\Home\View\Public\nav.php 第 22 行.
SQL: SHOW COLUMNS FROM `eb_nav` [ RunTime:0.005698s ]
SQL: SELECT * FROM `eb_nav` ORDER BY order_num,nav_id  [ RunTime:0.000361s ]
SQL: SHOW COLUMNS FROM `eb_booklist` [ RunTime:0.003904s ]
SQL: SELECT * FROM `eb_booklist` ORDER BY booklist_id desc  [ RunTime:0.000300s ]
NOTIC: [8] Undefined variable: _curlocal D:\www\ebook\App\Home\View\Public\curlocal.php 第 2 行.
NOTIC: [8] Undefined index: s1 D:\www\ebook\App\Home\View\Index\video.php 第 28 行.
NOTIC: [8] Undefined index: v1 D:\www\ebook\App\Home\View\Index\video.php 第 29 行.
NOTIC: [8] Undefined index: clc D:\www\ebook\App\Home\View\Index\video.php 第 31 行.
NOTIC: [8] Undefined index: clc D:\www\ebook\App\Home\View\Index\video.php 第 44 行.
NOTIC: [8] Undefined index: clc D:\www\ebook\App\Home\View\Index\video.php 第 44 行.
NOTIC: [8] Undefined index: clc D:\www\ebook\App\Home\View\Index\video.php 第 44 行.
NOTIC: [8] Undefined index: clc D:\www\ebook\App\Home\View\Index\video.php 第 44 行.
NOTIC: [8] Undefined index: clc D:\www\ebook\App\Home\View\Index\video.php 第 44 行.
NOTIC: [8] Undefined index: clc D:\www\ebook\App\Home\View\Index\video.php 第 44 行.
NOTIC: [8] Undefined index: clc D:\www\ebook\App\Home\View\Index\video.php 第 44 行.
NOTIC: [8] Undefined index: clc D:\www\ebook\App\Home\View\Index\video.php 第 44 行.
NOTIC: [8] Undefined index: clc D:\www\ebook\App\Home\View\Index\video.php 第 44 行.
NOTIC: [8] Undefined index: clc D:\www\ebook\App\Home\View\Index\video.php 第 44 行.
NOTIC: [8] Undefined index: clc D:\www\ebook\App\Home\View\Index\video.php 第 44 行.
NOTIC: [8] Undefined index: clc D:\www\ebook\App\Home\View\Index\video.php 第 44 行.
NOTIC: [8] Undefined index: clc D:\www\ebook\App\Home\View\Index\video.php 第 44 行.
NOTIC: [8] Undefined index: clc D:\www\ebook\App\Home\View\Index\video.php 第 44 行.
NOTIC: [8] Undefined index: clc D:\www\ebook\App\Home\View\Index\video.php 第 44 行.
NOTIC: [8] Undefined index: clc D:\www\ebook\App\Home\View\Index\video.php 第 44 行.
NOTIC: [8] Undefined variable: link_list D:\www\ebook\App\Home\View\Public\links.php 第 3 行.
INFO: [ view_filter ] --START--
INFO: Run Behavior\WriteHtmlCacheBehavior [ RunTime:0.000247s ]
INFO: [ view_filter ] --END-- [ RunTime:0.000309s ]
INFO: [ app_end ] --START--
INFO: Run Behavior\ShowPageTraceBehavior [ RunTime:0.000615s ]
INFO: [ app_end ] --END-- [ RunTime:0.000706s ]

[ 2016-10-17T10:38:19+08:00 ] 127.0.0.1 /Index/mvshow/movie_file_id/4100
INFO: [ app_init ] --START--
INFO: Run Behavior\BuildLiteBehavior [ RunTime:0.000013s ]
INFO: [ app_init ] --END-- [ RunTime:0.000297s ]
INFO: [ app_begin ] --START--
INFO: Run Behavior\ReadHtmlCacheBehavior [ RunTime:0.000356s ]
INFO: Run Behavior\CheckLangBehavior [ RunTime:0.003418s ]
INFO: [ app_begin ] --END-- [ RunTime:0.003872s ]
NOTIC: [2048] Declaration of Home\Controller\IndexController::show() should be compatible with that of Think\Controller::show() D:\www\ebook\App\Home\Controller\IndexController.class.php 第 6 行.
SQL: SHOW COLUMNS FROM `eb_option` [ RunTime:0.003834s ]
SQL: SELECT * FROM `eb_option` WHERE ( option_name='sys_reg_name' ) LIMIT 1   [ RunTime:0.000261s ]
SQL: SHOW COLUMNS FROM `eb_iplimit` [ RunTime:0.003761s ]
SQL: SELECT * FROM `eb_option` WHERE `option_name` IN ('sys_ip_fail_type','sys_ip_type')  [ RunTime:0.000278s ]
SQL: SELECT * FROM `eb_iplimit` WHERE ( is_close=0 AND 2105834626 between ip_beg_val AND ip_end_val ) LIMIT 1   [ RunTime:0.000196s ]
NOTIC: [2] Missing argument 1 for Home\Extend\Tcpdf\fpdf::getParser(), called in D:\www\ebook\App\Home\Controller\IndexController.class.php on line 854 and defined D:\www\ebook\App\Home\Extend\Tcpdf\fpdf.class.php 第 280 行.
SQL: SHOW COLUMNS FROM `eb_book` [ RunTime:0.005449s ]
SQL: SELECT COUNT(0) AS tp_count FROM `eb_book` WHERE ( is_upload=0 ) LIMIT 1   [ RunTime:0.014621s ]
NOTIC: [8] Undefined variable: reg_info D:\www\ebook\App\Home\Extend\Tcpdf\fpdf.class.php 第 339 行.
SQL: SHOW COLUMNS FROM `eb_movie_file` [ RunTime:0.004811s ]
SQL: SELECT * FROM `eb_movie_file` WHERE ( movie_file_id=4100 ) LIMIT 1   [ RunTime:0.000305s ]
SQL: SHOW COLUMNS FROM `eb_movie` [ RunTime:0.004039s ]
SQL: SELECT * FROM `eb_movie` WHERE ( movie_id=4257 ) LIMIT 1   [ RunTime:0.000377s ]
SQL: UPDATE `eb_movie` SET `readtimes`=17 WHERE ( movie_id=4257 ) [ RunTime:0.000322s ]
SQL: SELECT * FROM `eb_option` WHERE ( option_name='sys_site_logo' ) LIMIT 1   [ RunTime:0.000355s ]
NOTIC: [8] Undefined index: sv D:\www\ebook\App\Home\View\Public\nav.php 第 22 行.
SQL: SHOW COLUMNS FROM `eb_nav` [ RunTime:0.004140s ]
SQL: SELECT * FROM `eb_nav` ORDER BY order_num,nav_id  [ RunTime:0.000330s ]
SQL: SHOW COLUMNS FROM `eb_booklist` [ RunTime:0.003590s ]
SQL: SELECT * FROM `eb_booklist` ORDER BY booklist_id desc  [ RunTime:0.000326s ]
INFO: [ view_filter ] --START--
INFO: Run Behavior\WriteHtmlCacheBehavior [ RunTime:0.000305s ]
INFO: [ view_filter ] --END-- [ RunTime:0.000390s ]
INFO: [ app_end ] --START--
INFO: Run Behavior\ShowPageTraceBehavior [ RunTime:0.000814s ]
INFO: [ app_end ] --END-- [ RunTime:0.000922s ]

[ 2016-10-17T10:38:19+08:00 ] 127.0.0.1 /Index/mvshow/movie_file_id/ckplayer/ckplayer.swf
INFO: [ app_init ] --START--
INFO: Run Behavior\BuildLiteBehavior [ RunTime:0.000024s ]
INFO: [ app_init ] --END-- [ RunTime:0.000617s ]
INFO: [ app_begin ] --START--
INFO: Run Behavior\ReadHtmlCacheBehavior [ RunTime:0.000414s ]
INFO: Run Behavior\CheckLangBehavior [ RunTime:0.001794s ]
INFO: [ app_begin ] --END-- [ RunTime:0.002321s ]
NOTIC: [2048] Declaration of Home\Controller\IndexController::show() should be compatible with that of Think\Controller::show() D:\www\ebook\App\Home\Controller\IndexController.class.php 第 6 行.
SQL: SHOW COLUMNS FROM `eb_option` [ RunTime:0.008417s ]
SQL: SELECT * FROM `eb_option` WHERE ( option_name='sys_reg_name' ) LIMIT 1   [ RunTime:0.000339s ]
SQL: SHOW COLUMNS FROM `eb_iplimit` [ RunTime:0.005372s ]
SQL: SELECT * FROM `eb_option` WHERE `option_name` IN ('sys_ip_fail_type','sys_ip_type')  [ RunTime:0.000421s ]
SQL: SELECT * FROM `eb_iplimit` WHERE ( is_close=0 AND 2105834626 between ip_beg_val AND ip_end_val ) LIMIT 1   [ RunTime:0.000294s ]
NOTIC: [2] Missing argument 1 for Home\Extend\Tcpdf\fpdf::getParser(), called in D:\www\ebook\App\Home\Controller\IndexController.class.php on line 854 and defined D:\www\ebook\App\Home\Extend\Tcpdf\fpdf.class.php 第 280 行.
SQL: SHOW COLUMNS FROM `eb_book` [ RunTime:0.005136s ]
SQL: SELECT COUNT(0) AS tp_count FROM `eb_book` WHERE ( is_upload=0 ) LIMIT 1   [ RunTime:0.013343s ]
NOTIC: [8] Undefined variable: reg_info D:\www\ebook\App\Home\Extend\Tcpdf\fpdf.class.php 第 339 行.
SQL: SHOW COLUMNS FROM `eb_movie_file` [ RunTime:0.007361s ]
SQL: SELECT * FROM `eb_movie_file` WHERE ( movie_file_id=0 ) LIMIT 1   [ RunTime:0.000562s ]
INFO: [ view_filter ] --START--
INFO: Run Behavior\WriteHtmlCacheBehavior [ RunTime:0.000320s ]
INFO: [ view_filter ] --END-- [ RunTime:0.000422s ]

[ 2016-10-17T10:38:20+08:00 ] 127.0.0.1 /Index/mvshow/movie_file_id/ckplayer/share.xml
INFO: [ app_init ] --START--
INFO: Run Behavior\BuildLiteBehavior [ RunTime:0.000018s ]
INFO: [ app_init ] --END-- [ RunTime:0.000419s ]
INFO: [ app_begin ] --START--
INFO: Run Behavior\ReadHtmlCacheBehavior [ RunTime:0.000505s ]
INFO: Run Behavior\CheckLangBehavior [ RunTime:0.002421s ]
INFO: [ app_begin ] --END-- [ RunTime:0.003062s ]
NOTIC: [2048] Declaration of Home\Controller\IndexController::show() should be compatible with that of Think\Controller::show() D:\www\ebook\App\Home\Controller\IndexController.class.php 第 6 行.
SQL: SHOW COLUMNS FROM `eb_option` [ RunTime:0.005999s ]
SQL: SELECT * FROM `eb_option` WHERE ( option_name='sys_reg_name' ) LIMIT 1   [ RunTime:0.000434s ]
SQL: SHOW COLUMNS FROM `eb_iplimit` [ RunTime:0.006679s ]
SQL: SELECT * FROM `eb_option` WHERE `option_name` IN ('sys_ip_fail_type','sys_ip_type')  [ RunTime:0.000514s ]
SQL: SELECT * FROM `eb_iplimit` WHERE ( is_close=0 AND 2105834626 between ip_beg_val AND ip_end_val ) LIMIT 1   [ RunTime:0.000508s ]
NOTIC: [2] Missing argument 1 for Home\Extend\Tcpdf\fpdf::getParser(), called in D:\www\ebook\App\Home\Controller\IndexController.class.php on line 854 and defined D:\www\ebook\App\Home\Extend\Tcpdf\fpdf.class.php 第 280 行.
SQL: SHOW COLUMNS FROM `eb_book` [ RunTime:0.007881s ]
SQL: SELECT COUNT(0) AS tp_count FROM `eb_book` WHERE ( is_upload=0 ) LIMIT 1   [ RunTime:0.015928s ]
NOTIC: [8] Undefined variable: reg_info D:\www\ebook\App\Home\Extend\Tcpdf\fpdf.class.php 第 339 行.
SQL: SHOW COLUMNS FROM `eb_movie_file` [ RunTime:0.025423s ]
SQL: SELECT * FROM `eb_movie_file` WHERE ( movie_file_id=0 ) LIMIT 1   [ RunTime:0.000350s ]
INFO: [ view_filter ] --START--
INFO: Run Behavior\WriteHtmlCacheBehavior [ RunTime:0.000256s ]
INFO: [ view_filter ] --END-- [ RunTime:0.000334s ]

