[ 2016-12-08T09:17:03+08:00 ] 127.0.0.1 /announce.php?info_hash=%FF%D8%D1%BC*%E5kq%EFv%D2%FEu%8F%40%9E%A6%14%EE%C4&peer_id=-XL0012-i1%7D%EA%E8%AA%3D%1B%1C%2C%F5%BD&ip=192.168.1.99&port=15000&uploaded=0&downloaded=0&left=9394951412&numwant=200&key=26067&compact=1&event=started
INFO: [ app_init ] --START--
INFO: Run Behavior\BuildLiteBehavior [ RunTime:0.000017s ]
INFO: [ app_init ] --END-- [ RunTime:0.001824s ]
INFO: [ app_begin ] --START--
INFO: Run Behavior\ReadHtmlCacheBehavior [ RunTime:0.001616s ]
INFO: Run Behavior\CheckLangBehavior [ RunTime:0.006640s ]
INFO: [ app_begin ] --END-- [ RunTime:0.008384s ]
ERR: 无法加载控制器:Announce

[ 2016-12-08T09:17:07+08:00 ] 127.0.0.1 /announce.php?info_hash=%FF%D8%D1%BC*%E5kq%EFv%D2%FEu%8F%40%9E%A6%14%EE%C4&peer_id=-XL0012-i1%7D%EA%E8%AA%3D%1B%1C%2C%F5%BD&ip=192.168.1.99&port=15000&uploaded=0&downloaded=0&left=9394951412&numwant=200&key=6597&compact=1&event=started
INFO: [ app_init ] --START--
INFO: Run Behavior\BuildLiteBehavior [ RunTime:0.000013s ]
INFO: [ app_init ] --END-- [ RunTime:0.000298s ]
INFO: [ app_begin ] --START--
INFO: Run Behavior\ReadHtmlCacheBehavior [ RunTime:0.000382s ]
INFO: Run Behavior\CheckLangBehavior [ RunTime:0.000723s ]
INFO: [ app_begin ] --END-- [ RunTime:0.001198s ]
ERR: 无法加载控制器:Announce

[ 2016-12-08T09:17:08+08:00 ] 127.0.0.1 /announce.php?info_hash=%FF%D8%D1%BC*%E5kq%EFv%D2%FEu%8F%40%9E%A6%14%EE%C4&peer_id=-XL0012-i1%7D%EA%E8%AA%3D%1B%1C%2C%F5%BD&ip=192.168.1.99&port=15000&uploaded=0&downloaded=4177920&left=9390773492&numwant=200&key=32399&compact=1&event=started
INFO: [ app_init ] --START--
INFO: Run Behavior\BuildLiteBehavior [ RunTime:0.000013s ]
INFO: [ app_init ] --END-- [ RunTime:0.000295s ]
INFO: [ app_begin ] --START--
INFO: Run Behavior\ReadHtmlCacheBehavior [ RunTime:0.000360s ]
INFO: Run Behavior\CheckLangBehavior [ RunTime:0.000680s ]
INFO: [ app_begin ] --END-- [ RunTime:0.001119s ]
ERR: 无法加载控制器:Announce

[ 2016-12-08T09:17:14+08:00 ] 127.0.0.1 /announce.php?info_hash=%FF%D8%D1%BC*%E5kq%EFv%D2%FEu%8F%40%9E%A6%14%EE%C4&peer_id=-XL0012-i1%7D%EA%E8%AA%3D%1B%1C%2C%F5%BD&ip=192.168.1.99&port=15000&uploaded=0&downloaded=0&left=9394951412&numwant=200&key=17372&compact=1&event=started
INFO: [ app_init ] --START--
INFO: Run Behavior\BuildLiteBehavior [ RunTime:0.000022s ]
INFO: [ app_init ] --END-- [ RunTime:0.000479s ]
INFO: [ app_begin ] --START--
INFO: Run Behavior\ReadHtmlCacheBehavior [ RunTime:0.000621s ]
INFO: Run Behavior\CheckLangBehavior [ RunTime:0.001052s ]
INFO: [ app_begin ] --END-- [ RunTime:0.001826s ]
ERR: 无法加载控制器:Announce

[ 2016-12-08T09:17:14+08:00 ] 127.0.0.1 /announce.php?info_hash=%FF%D8%D1%BC*%E5kq%EFv%D2%FEu%8F%40%9E%A6%14%EE%C4&peer_id=-XL0012-i1%7D%EA%E8%AA%3D%1B%1C%2C%F5%BD&ip=192.168.1.99&port=15000&uploaded=0&downloaded=4177920&left=9390773492&numwant=200&key=1878&compact=1&event=started
INFO: [ app_init ] --START--
INFO: Run Behavior\BuildLiteBehavior [ RunTime:0.000020s ]
INFO: [ app_init ] --END-- [ RunTime:0.000436s ]
INFO: [ app_begin ] --START--
INFO: Run Behavior\ReadHtmlCacheBehavior [ RunTime:0.000554s ]
INFO: Run Behavior\CheckLangBehavior [ RunTime:0.001017s ]
INFO: [ app_begin ] --END-- [ RunTime:0.001709s ]
ERR: 无法加载控制器:Announce

[ 2016-12-08T09:17:20+08:00 ] 127.0.0.1 /announce.php?info_hash=%FF%D8%D1%BC*%E5kq%EFv%D2%FEu%8F%40%9E%A6%14%EE%C4&peer_id=-XL0012-i1%7D%EA%E8%AA%3D%1B%1C%2C%F5%BD&ip=192.168.1.99&port=15000&uploaded=0&downloaded=0&left=9394951412&numwant=200&key=27316&compact=1&event=started
INFO: [ app_init ] --START--
INFO: Run Behavior\BuildLiteBehavior [ RunTime:0.000014s ]
INFO: [ app_init ] --END-- [ RunTime:0.000310s ]
INFO: [ app_begin ] --START--
INFO: Run Behavior\ReadHtmlCacheBehavior [ RunTime:0.000360s ]
INFO: Run Behavior\CheckLangBehavior [ RunTime:0.000702s ]
INFO: [ app_begin ] --END-- [ RunTime:0.001139s ]
ERR: 无法加载控制器:Announce

[ 2016-12-08T09:17:20+08:00 ] 127.0.0.1 /announce.php?info_hash=%FF%D8%D1%BC*%E5kq%EFv%D2%FEu%8F%40%9E%A6%14%EE%C4&peer_id=-XL0012-i1%7D%EA%E8%AA%3D%1B%1C%2C%F5%BD&ip=192.168.1.99&port=15000&uploaded=0&downloaded=4177920&left=9390773492&numwant=200&key=5811&compact=1&event=started
INFO: [ app_init ] --START--
INFO: Run Behavior\BuildLiteBehavior [ RunTime:0.000014s ]
INFO: [ app_init ] --END-- [ RunTime:0.000298s ]
INFO: [ app_begin ] --START--
INFO: Run Behavior\ReadHtmlCacheBehavior [ RunTime:0.000397s ]
INFO: Run Behavior\CheckLangBehavior [ RunTime:0.000696s ]
INFO: [ app_begin ] --END-- [ RunTime:0.001176s ]
ERR: 无法加载控制器:Announce

[ 2016-12-08T09:17:27+08:00 ] 127.0.0.1 /announce.php?info_hash=%FF%D8%D1%BC*%E5kq%EFv%D2%FEu%8F%40%9E%A6%14%EE%C4&peer_id=-XL0012-i1%7D%EA%E8%AA%3D%1B%1C%2C%F5%BD&ip=192.168.1.99&port=15000&uploaded=0&downloaded=0&left=9394951412&numwant=200&key=15043&compact=1&event=started
INFO: [ app_init ] --START--
INFO: Run Behavior\BuildLiteBehavior [ RunTime:0.000012s ]
INFO: [ app_init ] --END-- [ RunTime:0.000288s ]
INFO: [ app_begin ] --START--
INFO: Run Behavior\ReadHtmlCacheBehavior [ RunTime:0.000356s ]
INFO: Run Behavior\CheckLangBehavior [ RunTime:0.000676s ]
INFO: [ app_begin ] --END-- [ RunTime:0.001109s ]
ERR: 无法加载控制器:Announce

[ 2016-12-08T09:17:27+08:00 ] 127.0.0.1 /announce.php?info_hash=%FF%D8%D1%BC*%E5kq%EFv%D2%FEu%8F%40%9E%A6%14%EE%C4&peer_id=-XL0012-i1%7D%EA%E8%AA%3D%1B%1C%2C%F5%BD&ip=192.168.1.99&port=15000&uploaded=0&downloaded=4177920&left=9390773492&numwant=200&key=20601&compact=1&event=started
INFO: [ app_init ] --START--
INFO: Run Behavior\BuildLiteBehavior [ RunTime:0.000018s ]
INFO: [ app_init ] --END-- [ RunTime:0.000404s ]
INFO: [ app_begin ] --START--
INFO: Run Behavior\ReadHtmlCacheBehavior [ RunTime:0.000546s ]
INFO: Run Behavior\CheckLangBehavior [ RunTime:0.001798s ]
INFO: [ app_begin ] --END-- [ RunTime:0.002480s ]
ERR: 无法加载控制器:Announce

[ 2016-12-08T09:31:56+08:00 ] 127.0.0.1 /announce.php?info_hash=%FF%D8%D1%BC*%E5kq%EFv%D2%FEu%8F%40%9E%A6%14%EE%C4&peer_id=-XL0012-i1%7D%EA%E8%AA%3D%1B%1C%2C%F5%BD&ip=192.168.1.99&port=15000&uploaded=0&downloaded=0&left=9394951412&numwant=200&key=11750&compact=1&event=started
INFO: [ app_init ] --START--
INFO: Run Behavior\BuildLiteBehavior [ RunTime:0.000019s ]
INFO: [ app_init ] --END-- [ RunTime:0.000463s ]
INFO: [ app_begin ] --START--
INFO: Run Behavior\ReadHtmlCacheBehavior [ RunTime:0.000689s ]
INFO: Run Behavior\CheckLangBehavior [ RunTime:0.002222s ]
INFO: [ app_begin ] --END-- [ RunTime:0.003055s ]
ERR: 无法加载控制器:Announce

[ 2016-12-08T09:31:57+08:00 ] 127.0.0.1 /announce.php?info_hash=%FF%D8%D1%BC*%E5kq%EFv%D2%FEu%8F%40%9E%A6%14%EE%C4&peer_id=-XL0012-i1%7D%EA%E8%AA%3D%1B%1C%2C%F5%BD&ip=192.168.1.99&port=15000&uploaded=0&downloaded=4177920&left=9390773492&numwant=200&key=25723&compact=1&event=started
INFO: [ app_init ] --START--
INFO: Run Behavior\BuildLiteBehavior [ RunTime:0.000014s ]
INFO: [ app_init ] --END-- [ RunTime:0.000330s ]
INFO: [ app_begin ] --START--
INFO: Run Behavior\ReadHtmlCacheBehavior [ RunTime:0.000423s ]
INFO: Run Behavior\CheckLangBehavior [ RunTime:0.001062s ]
INFO: [ app_begin ] --END-- [ RunTime:0.001577s ]
ERR: 无法加载控制器:Announce

[ 2016-12-08T09:57:52+08:00 ] 192.168.1.88 /
INFO: [ app_init ] --START--
INFO: Run Behavior\BuildLiteBehavior [ RunTime:0.000016s ]
INFO: [ app_init ] --END-- [ RunTime:0.000391s ]
INFO: [ app_begin ] --START--
INFO: Run Behavior\ReadHtmlCacheBehavior [ RunTime:0.000451s ]
INFO: Run Behavior\CheckLangBehavior [ RunTime:0.003511s ]
INFO: [ app_begin ] --END-- [ RunTime:0.004077s ]
NOTIC: [2048] Declaration of Home\Controller\IndexController::show() should be compatible with that of Think\Controller::show() D:\www\ebook\App\Home\Controller\IndexController.class.php 第 6 行.
SQL: SHOW COLUMNS FROM `eb_option` [ RunTime:0.006642s ]
SQL: SELECT * FROM `eb_option` WHERE ( option_name='sys_reg_name' ) LIMIT 1   [ RunTime:0.000339s ]
SQL: SHOW COLUMNS FROM `eb_iplimit` [ RunTime:0.007636s ]
SQL: SELECT * FROM `eb_option` WHERE `option_name` IN ('sys_ip_fail_type','sys_ip_type')  [ RunTime:0.000284s ]
SQL: SELECT * FROM `eb_iplimit` WHERE ( is_close=0 AND 3194548543 between ip_beg_val AND ip_end_val ) LIMIT 1   [ RunTime:0.000200s ]
NOTIC: [2] Missing argument 1 for Home\Extend\Tcpdf\fpdf::getParser(), called in D:\www\ebook\App\Home\Controller\IndexController.class.php on line 13 and defined D:\www\ebook\App\Home\Extend\Tcpdf\fpdf.class.php 第 280 行.

[ 2016-12-08T11:09:59+08:00 ] 127.0.0.1 /announce.php?info_hash=%FF%D8%D1%BC*%E5kq%EFv%D2%FEu%8F%40%9E%A6%14%EE%C4&peer_id=-XL0012-i1%7D%EA%E8%AA%3D%1B%1C%2C%F5%BD&ip=192.168.1.99&port=15000&uploaded=0&downloaded=0&left=9394951412&numwant=200&key=18301&compact=1&event=started
INFO: [ app_init ] --START--
INFO: Run Behavior\BuildLiteBehavior [ RunTime:0.000020s ]
INFO: [ app_init ] --END-- [ RunTime:0.000791s ]
INFO: [ app_begin ] --START--
INFO: Run Behavior\ReadHtmlCacheBehavior [ RunTime:0.001053s ]
INFO: Run Behavior\CheckLangBehavior [ RunTime:0.005464s ]
INFO: [ app_begin ] --END-- [ RunTime:0.006689s ]
ERR: 无法加载控制器:Announce

[ 2016-12-08T11:09:59+08:00 ] 127.0.0.1 /announce.php?info_hash=%FF%D8%D1%BC*%E5kq%EFv%D2%FEu%8F%40%9E%A6%14%EE%C4&peer_id=-XL0012-i1%7D%EA%E8%AA%3D%1B%1C%2C%F5%BD&ip=192.168.1.99&port=15000&uploaded=0&downloaded=4177920&left=9390773492&numwant=200&key=27942&compact=1&event=started
INFO: [ app_init ] --START--
INFO: Run Behavior\BuildLiteBehavior [ RunTime:0.000039s ]
INFO: [ app_init ] --END-- [ RunTime:0.000624s ]
INFO: [ app_begin ] --START--
INFO: Run Behavior\ReadHtmlCacheBehavior [ RunTime:0.000702s ]
INFO: Run Behavior\CheckLangBehavior [ RunTime:0.001092s ]
INFO: [ app_begin ] --END-- [ RunTime:0.001919s ]
ERR: 无法加载控制器:Announce

[ 2016-12-08T11:11:52+08:00 ] 127.0.0.1 /announce.php?info_hash=%FF%D8%D1%BC*%E5kq%EFv%D2%FEu%8F%40%9E%A6%14%EE%C4&peer_id=-XL0012-i1%7D%EA%E8%AA%3D%1B%1C%2C%F5%BD&ip=192.168.1.99&port=15000&uploaded=0&downloaded=0&left=9394951412&numwant=200&key=8745&compact=1&event=started
INFO: [ app_init ] --START--
INFO: Run Behavior\BuildLiteBehavior [ RunTime:0.000014s ]
INFO: [ app_init ] --END-- [ RunTime:0.000353s ]
INFO: [ app_begin ] --START--
INFO: Run Behavior\ReadHtmlCacheBehavior [ RunTime:0.000439s ]
INFO: Run Behavior\CheckLangBehavior [ RunTime:0.000855s ]
INFO: [ app_begin ] --END-- [ RunTime:0.001397s ]
ERR: 无法加载控制器:Announce

[ 2016-12-08T11:11:52+08:00 ] 127.0.0.1 /announce.php?info_hash=%FF%D8%D1%BC*%E5kq%EFv%D2%FEu%8F%40%9E%A6%14%EE%C4&peer_id=-XL0012-i1%7D%EA%E8%AA%3D%1B%1C%2C%F5%BD&ip=192.168.1.99&port=15000&uploaded=0&downloaded=0&left=9394951412&numwant=200&key=26505&compact=1&event=started
INFO: [ app_init ] --START--
INFO: Run Behavior\BuildLiteBehavior [ RunTime:0.000020s ]
INFO: [ app_init ] --END-- [ RunTime:0.000468s ]
INFO: [ app_begin ] --START--
INFO: Run Behavior\ReadHtmlCacheBehavior [ RunTime:0.000469s ]
INFO: Run Behavior\CheckLangBehavior [ RunTime:0.000885s ]
INFO: [ app_begin ] --END-- [ RunTime:0.001452s ]
ERR: 无法加载控制器:Announce

[ 2016-12-08T11:59:18+08:00 ] 192.168.1.88 /
INFO: [ app_init ] --START--
INFO: Run Behavior\BuildLiteBehavior [ RunTime:0.000017s ]
INFO: [ app_init ] --END-- [ RunTime:0.001536s ]
INFO: [ app_begin ] --START--
INFO: Run Behavior\ReadHtmlCacheBehavior [ RunTime:0.001787s ]
INFO: Run Behavior\CheckLangBehavior [ RunTime:0.003371s ]
INFO: [ app_begin ] --END-- [ RunTime:0.005301s ]
NOTIC: [2048] Declaration of Home\Controller\IndexController::show() should be compatible with that of Think\Controller::show() D:\www\ebook\App\Home\Controller\IndexController.class.php 第 6 行.
SQL: SHOW COLUMNS FROM `eb_option` [ RunTime:0.003849s ]
SQL: SELECT * FROM `eb_option` WHERE ( option_name='sys_reg_name' ) LIMIT 1   [ RunTime:0.000285s ]
SQL: SHOW COLUMNS FROM `eb_iplimit` [ RunTime:0.003912s ]
SQL: SELECT * FROM `eb_option` WHERE `option_name` IN ('sys_ip_fail_type','sys_ip_type')  [ RunTime:0.000400s ]
SQL: SELECT * FROM `eb_iplimit` WHERE ( is_close=0 AND 3194548543 between ip_beg_val AND ip_end_val ) LIMIT 1   [ RunTime:0.000297s ]
NOTIC: [2] Missing argument 1 for Home\Extend\Tcpdf\fpdf::getParser(), called in D:\www\ebook\App\Home\Controller\IndexController.class.php on line 13 and defined D:\www\ebook\App\Home\Extend\Tcpdf\fpdf.class.php 第 280 行.

[ 2016-12-08T17:35:36+08:00 ] 127.0.0.1 /
INFO: [ app_init ] --START--
INFO: Run Behavior\BuildLiteBehavior [ RunTime:0.000025s ]
INFO: [ app_init ] --END-- [ RunTime:0.001557s ]
INFO: [ app_begin ] --START--
INFO: Run Behavior\ReadHtmlCacheBehavior [ RunTime:0.001979s ]
INFO: Run Behavior\CheckLangBehavior [ RunTime:0.006865s ]
INFO: [ app_begin ] --END-- [ RunTime:0.009031s ]
NOTIC: [2048] Declaration of Home\Controller\IndexController::show() should be compatible with that of Think\Controller::show() D:\www\ebook\App\Home\Controller\IndexController.class.php 第 6 行.
SQL: SHOW COLUMNS FROM `eb_option` [ RunTime:0.004986s ]
SQL: SELECT * FROM `eb_option` WHERE ( option_name='sys_reg_name' ) LIMIT 1   [ RunTime:0.000912s ]
SQL: SHOW COLUMNS FROM `eb_iplimit` [ RunTime:0.004286s ]
SQL: SELECT * FROM `eb_option` WHERE `option_name` IN ('sys_ip_fail_type','sys_ip_type')  [ RunTime:0.000520s ]
SQL: SELECT * FROM `eb_iplimit` WHERE ( is_close=0 AND 2105834626 between ip_beg_val AND ip_end_val ) LIMIT 1   [ RunTime:0.000724s ]
NOTIC: [2] Missing argument 1 for Home\Extend\Tcpdf\fpdf::getParser(), called in D:\www\ebook\App\Home\Controller\IndexController.class.php on line 13 and defined D:\www\ebook\App\Home\Extend\Tcpdf\fpdf.class.php 第 280 行.
SQL: SHOW COLUMNS FROM `eb_book` [ RunTime:0.010177s ]
SQL: SELECT COUNT(0) AS tp_count FROM `eb_book` WHERE ( is_upload=0 ) LIMIT 1   [ RunTime:0.019625s ]
NOTIC: [8] Undefined variable: reg_info D:\www\ebook\App\Home\Extend\Tcpdf\fpdf.class.php 第 339 行.
SQL: SELECT * FROM `eb_option` WHERE `option_name` IN ('sys_index_left1','sys_index_left2','sys_index_left3','sys_index_left4')  [ RunTime:0.000346s ]
SQL: SHOW COLUMNS FROM `eb_booklist` [ RunTime:0.007871s ]
NOTIC: [2048] Declaration of Home\Model\SbookModel::check() should be compatible with that of Think\Model::check() D:\www\ebook\App\Home\Model\SbookModel.class.php 第 105 行.
SQL: SHOW COLUMNS FROM `eb_sbook` [ RunTime:0.008385s ]
SQL: SHOW COLUMNS FROM `eb_movie_file` [ RunTime:0.008855s ]
SQL: SELECT * FROM `eb_booklist` WHERE ( booklist_id=1 ) LIMIT 1   [ RunTime:0.000263s ]
SQL: SHOW COLUMNS FROM `eb_booklist_ext` [ RunTime:0.007448s ]
NOTIC: [8] Undefined index: order D:\www\ebook\App\Home\Model\BooklistModel.class.php 第 54 行.
SQL: SELECT * FROM `eb_booklist_ext` INNER JOIN eb_book ON eb_booklist_ext.book_id=eb_book.book_id  WHERE ( booklist_id=1 ) ORDER BY booklist_ext_id desc LIMIT 0,12   [ RunTime:0.004016s ]
INFO: [ view_filter ] --START--
INFO: Run Behavior\WriteHtmlCacheBehavior [ RunTime:0.001350s ]
INFO: [ view_filter ] --END-- [ RunTime:0.001454s ]
SQL: SELECT * FROM `eb_booklist` WHERE ( booklist_id=2 ) LIMIT 1   [ RunTime:0.000492s ]
NOTIC: [8] Undefined index: order D:\www\ebook\App\Home\Model\BooklistModel.class.php 第 54 行.
SQL: SELECT * FROM `eb_booklist_ext` INNER JOIN eb_book ON eb_booklist_ext.book_id=eb_book.book_id  WHERE ( booklist_id=2 ) ORDER BY booklist_ext_id desc LIMIT 0,12   [ RunTime:0.003669s ]
INFO: [ view_filter ] --START--
INFO: Run Behavior\WriteHtmlCacheBehavior [ RunTime:0.000012s ]
INFO: [ view_filter ] --END-- [ RunTime:-0.008693s ]
SQL: SELECT * FROM `eb_booklist` WHERE ( booklist_id=3 ) LIMIT 1   [ RunTime:0.000306s ]
NOTIC: [8] Undefined index: order D:\www\ebook\App\Home\Model\BooklistModel.class.php 第 54 行.
SQL: SELECT * FROM `eb_booklist_ext` INNER JOIN eb_book ON eb_booklist_ext.book_id=eb_book.book_id  WHERE ( booklist_id=3 ) ORDER BY booklist_ext_id desc LIMIT 0,12   [ RunTime:0.003039s ]
INFO: [ view_filter ] --START--
INFO: Run Behavior\WriteHtmlCacheBehavior [ RunTime:0.000019s ]
INFO: [ view_filter ] --END-- [ RunTime:-0.015798s ]
SQL: SELECT * FROM `eb_book` INNER JOIN (SELECT count(0) as cmt_cnt,book_id as book_id1 FROM eb_cmt INNER JOIN eb_cmt_ext ON eb_cmt.cmt_id=eb_cmt_ext.cmt_id where ctype=1 GROUP BY book_id)t1 on book_id=book_id1  ORDER BY cmt_cnt desc LIMIT 0,10   [ RunTime:0.008157s ]
NOTIC: [2] Invalid argument supplied for foreach() D:\www\ebook\App\Home\Model\BookModel.class.php 第 171 行.
SQL: SELECT * FROM `eb_book` ORDER BY readtimes LIMIT 0,10   [ RunTime:0.001730s ]
SQL: SELECT * FROM `eb_book` ORDER BY readtimes desc LIMIT 0,10   [ RunTime:0.002306s ]
SQL: SELECT * FROM `eb_book` INNER JOIN (SELECT count(0) as read_cnt,book_id as book_id1 FROM eb_rh GROUP BY book_id)t1 on book_id=book_id1  ORDER BY read_cnt desc LIMIT 0,10   [ RunTime:0.009149s ]
SQL: SELECT COUNT(0) AS tp_count FROM `eb_book` LIMIT 1   [ RunTime:0.012568s ]
SQL: SELECT COUNT(0) AS tp_count FROM `eb_sbook` LIMIT 1   [ RunTime:0.003948s ]
SQL: SELECT COUNT(0) AS tp_count FROM `eb_movie_file` LIMIT 1   [ RunTime:0.005600s ]
SQL: SHOW COLUMNS FROM `eb_annou` [ RunTime:0.007562s ]
SQL: SELECT * FROM `eb_annou` ORDER BY add_time desc LIMIT 0,24   [ RunTime:0.000254s ]
SQL: SHOW COLUMNS FROM `eb_link` [ RunTime:0.007966s ]
SQL: SELECT * FROM `eb_link` ORDER BY order_num LIMIT 0,200   [ RunTime:0.000448s ]
SQL: SHOW COLUMNS FROM `eb_user` [ RunTime:0.010126s ]
SQL: SELECT * FROM `eb_user` WHERE ( user_id= ) LIMIT 1   [ RunTime:0.000191s ]
ERR: 1064:You have an error in your SQL syntax; check the manual that corresponds to your MySQL server version for the right syntax to use near ') LIMIT 1' at line 1
 [ SQL语句 ] : SELECT * FROM `eb_user` WHERE ( user_id= ) LIMIT 1  
SQL: SHOW COLUMNS FROM `eb_bookmark` [ RunTime:0.007796s ]
SQL: SHOW COLUMNS FROM `eb_cmt` [ RunTime:0.004650s ]
SQL: SHOW COLUMNS FROM `eb_rh` [ RunTime:0.004422s ]
SQL: SHOW COLUMNS FROM `eb_search` [ RunTime:0.007682s ]
SQL: SELECT COUNT(*) AS tp_count FROM `eb_bookmark` WHERE ( user_id= ) LIMIT 1   [ RunTime:0.000126s ]
ERR: 1064:You have an error in your SQL syntax; check the manual that corresponds to your MySQL server version for the right syntax to use near ') LIMIT 1' at line 1
 [ SQL语句 ] : SELECT COUNT(*) AS tp_count FROM `eb_bookmark` WHERE ( user_id= ) LIMIT 1  
SQL: SELECT COUNT(*) AS tp_count FROM `eb_cmt` WHERE ( user_id= ) LIMIT 1   [ RunTime:0.000090s ]
ERR: 1064:You have an error in your SQL syntax; check the manual that corresponds to your MySQL server version for the right syntax to use near ') LIMIT 1' at line 1
 [ SQL语句 ] : SELECT COUNT(*) AS tp_count FROM `eb_cmt` WHERE ( user_id= ) LIMIT 1  
SQL: SELECT COUNT(*) AS tp_count FROM `eb_rh` WHERE ( user_id= ) LIMIT 1   [ RunTime:0.000089s ]
ERR: 1064:You have an error in your SQL syntax; check the manual that corresponds to your MySQL server version for the right syntax to use near ') LIMIT 1' at line 1
 [ SQL语句 ] : SELECT COUNT(*) AS tp_count FROM `eb_rh` WHERE ( user_id= ) LIMIT 1  
SQL: SELECT COUNT(*) AS tp_count FROM `eb_search` WHERE ( user_id= ) LIMIT 1   [ RunTime:0.000089s ]
ERR: 1064:You have an error in your SQL syntax; check the manual that corresponds to your MySQL server version for the right syntax to use near ') LIMIT 1' at line 1
 [ SQL语句 ] : SELECT COUNT(*) AS tp_count FROM `eb_search` WHERE ( user_id= ) LIMIT 1  
SQL: SELECT * FROM `eb_option` WHERE ( option_name='sys_site_logo' ) LIMIT 1   [ RunTime:0.000342s ]
NOTIC: [8] Undefined index: sv D:\www\ebook\App\Home\View\Public\nav.php 第 22 行.
SQL: SHOW COLUMNS FROM `eb_nav` [ RunTime:0.006946s ]
SQL: SELECT * FROM `eb_nav` ORDER BY order_num,nav_id  [ RunTime:0.000314s ]
SQL: SELECT * FROM `eb_booklist` ORDER BY booklist_id desc  [ RunTime:0.000157s ]
INFO: [ view_filter ] --START--
INFO: Run Behavior\WriteHtmlCacheBehavior [ RunTime:0.000033s ]
INFO: [ view_filter ] --END-- [ RunTime:-0.152543s ]
INFO: [ app_end ] --START--
INFO: Run Behavior\ShowPageTraceBehavior [ RunTime:0.002174s ]
INFO: [ app_end ] --END-- [ RunTime:0.002243s ]

[ 2016-12-08T17:35:43+08:00 ] 127.0.0.1 /Index/login
INFO: [ app_init ] --START--
INFO: Run Behavior\BuildLiteBehavior [ RunTime:0.000013s ]
INFO: [ app_init ] --END-- [ RunTime:0.000361s ]
INFO: [ app_begin ] --START--
INFO: Run Behavior\ReadHtmlCacheBehavior [ RunTime:0.000561s ]
INFO: Run Behavior\CheckLangBehavior [ RunTime:0.001531s ]
INFO: [ app_begin ] --END-- [ RunTime:0.002242s ]
NOTIC: [2048] Declaration of Home\Controller\IndexController::show() should be compatible with that of Think\Controller::show() D:\www\ebook\App\Home\Controller\IndexController.class.php 第 6 行.
SQL: SHOW COLUMNS FROM `eb_option` [ RunTime:0.004376s ]
SQL: SELECT * FROM `eb_option` WHERE ( option_name='sys_reg_name' ) LIMIT 1   [ RunTime:0.000255s ]
SQL: SHOW COLUMNS FROM `eb_iplimit` [ RunTime:0.003591s ]
SQL: SELECT * FROM `eb_option` WHERE `option_name` IN ('sys_ip_fail_type','sys_ip_type')  [ RunTime:0.000338s ]
SQL: SELECT * FROM `eb_iplimit` WHERE ( is_close=0 AND 2105834626 between ip_beg_val AND ip_end_val ) LIMIT 1   [ RunTime:0.000361s ]
SQL: SELECT * FROM `eb_option` WHERE `option_name` IN ('cas_open','cas_ver','cas_host','cas_port','cas_uri')  [ RunTime:0.000371s ]
SQL: SHOW COLUMNS FROM `eb_user` [ RunTime:0.005310s ]
SQL: SELECT * FROM `eb_user` WHERE ( user_name='admin' ) LIMIT 1   [ RunTime:0.000766s ]
INFO: [ view_filter ] --START--
INFO: Run Behavior\WriteHtmlCacheBehavior [ RunTime:0.000268s ]
INFO: [ view_filter ] --END-- [ RunTime:0.000336s ]
INFO: [ app_end ] --START--
INFO: Run Behavior\ShowPageTraceBehavior [ RunTime:0.000475s ]
INFO: [ app_end ] --END-- [ RunTime:0.000533s ]

[ 2016-12-08T17:35:44+08:00 ] 127.0.0.1 /User/index
INFO: [ app_init ] --START--
INFO: Run Behavior\BuildLiteBehavior [ RunTime:0.000021s ]
INFO: [ app_init ] --END-- [ RunTime:0.000533s ]
INFO: [ app_begin ] --START--
INFO: Run Behavior\ReadHtmlCacheBehavior [ RunTime:0.000462s ]
INFO: Run Behavior\CheckLangBehavior [ RunTime:0.002736s ]
INFO: [ app_begin ] --END-- [ RunTime:0.003331s ]
SQL: SHOW COLUMNS FROM `eb_option` [ RunTime:0.004544s ]
SQL: SELECT * FROM `eb_option` WHERE ( option_name='sys_reg_name' ) LIMIT 1   [ RunTime:0.000313s ]
SQL: SHOW COLUMNS FROM `eb_iplimit` [ RunTime:0.005753s ]
SQL: SELECT * FROM `eb_option` WHERE `option_name` IN ('sys_ip_fail_type','sys_ip_type')  [ RunTime:0.000409s ]
SQL: SELECT * FROM `eb_iplimit` WHERE ( is_close=0 AND 2105834626 between ip_beg_val AND ip_end_val ) LIMIT 1   [ RunTime:0.000246s ]
SQL: SELECT * FROM `eb_option` WHERE `option_name` IN ('cas_open','cas_ver','cas_host','cas_port','cas_uri')  [ RunTime:0.000618s ]
SQL: SHOW COLUMNS FROM `eb_user` [ RunTime:0.004607s ]
SQL: SELECT * FROM `eb_user` WHERE ( user_id=1 ) LIMIT 1   [ RunTime:0.000342s ]
SQL: SHOW COLUMNS FROM `eb_bookmark` [ RunTime:0.003921s ]
SQL: SHOW COLUMNS FROM `eb_cmt` [ RunTime:0.004131s ]
SQL: SHOW COLUMNS FROM `eb_rh` [ RunTime:0.004658s ]
SQL: SHOW COLUMNS FROM `eb_search` [ RunTime:0.003912s ]
SQL: SELECT COUNT(*) AS tp_count FROM `eb_bookmark` WHERE ( user_id=1 ) LIMIT 1   [ RunTime:0.002514s ]
SQL: SELECT COUNT(*) AS tp_count FROM `eb_cmt` WHERE ( user_id=1 ) LIMIT 1   [ RunTime:0.000579s ]
SQL: SELECT COUNT(*) AS tp_count FROM `eb_rh` WHERE ( user_id=1 ) LIMIT 1   [ RunTime:0.000762s ]
SQL: SELECT COUNT(*) AS tp_count FROM `eb_search` WHERE ( user_id=1 ) LIMIT 1   [ RunTime:0.000173s ]
SQL: SHOW COLUMNS FROM `eb_book` [ RunTime:0.005626s ]
SQL: SELECT * FROM `eb_book` WHERE ( picture!='images/nopic.gif' AND picture!='' ) LIMIT 0,1000   [ RunTime:0.033555s ]
SQL: SELECT * FROM `eb_option` WHERE ( option_name='sys_site_logo' ) LIMIT 1   [ RunTime:0.000333s ]
NOTIC: [8] Undefined index: sv D:\www\ebook\App\Home\View\Public\nav.php 第 22 行.
SQL: SHOW COLUMNS FROM `eb_nav` [ RunTime:0.004106s ]
SQL: SELECT * FROM `eb_nav` ORDER BY order_num,nav_id  [ RunTime:0.000323s ]
SQL: SHOW COLUMNS FROM `eb_booklist` [ RunTime:0.005318s ]
SQL: SELECT * FROM `eb_booklist` ORDER BY booklist_id desc  [ RunTime:0.000347s ]
INFO: [ view_filter ] --START--
INFO: Run Behavior\WriteHtmlCacheBehavior [ RunTime:0.000308s ]
INFO: [ view_filter ] --END-- [ RunTime:0.000385s ]
INFO: [ app_end ] --START--
INFO: Run Behavior\ShowPageTraceBehavior [ RunTime:0.000874s ]
INFO: [ app_end ] --END-- [ RunTime:0.000981s ]

[ 2016-12-08T17:35:47+08:00 ] 127.0.0.1 /Index/index
INFO: [ app_init ] --START--
INFO: Run Behavior\BuildLiteBehavior [ RunTime:0.000016s ]
INFO: [ app_init ] --END-- [ RunTime:0.000422s ]
INFO: [ app_begin ] --START--
INFO: Run Behavior\ReadHtmlCacheBehavior [ RunTime:0.000467s ]
INFO: Run Behavior\CheckLangBehavior [ RunTime:0.001132s ]
INFO: [ app_begin ] --END-- [ RunTime:0.001721s ]
NOTIC: [2048] Declaration of Home\Controller\IndexController::show() should be compatible with that of Think\Controller::show() D:\www\ebook\App\Home\Controller\IndexController.class.php 第 6 行.
SQL: SHOW COLUMNS FROM `eb_option` [ RunTime:0.004440s ]
SQL: SELECT * FROM `eb_option` WHERE ( option_name='sys_reg_name' ) LIMIT 1   [ RunTime:0.000263s ]
SQL: SHOW COLUMNS FROM `eb_iplimit` [ RunTime:0.004241s ]
SQL: SELECT * FROM `eb_option` WHERE `option_name` IN ('sys_ip_fail_type','sys_ip_type')  [ RunTime:0.000373s ]
SQL: SELECT * FROM `eb_iplimit` WHERE ( is_close=0 AND 2105834626 between ip_beg_val AND ip_end_val ) LIMIT 1   [ RunTime:0.000239s ]
NOTIC: [2] Missing argument 1 for Home\Extend\Tcpdf\fpdf::getParser(), called in D:\www\ebook\App\Home\Controller\IndexController.class.php on line 13 and defined D:\www\ebook\App\Home\Extend\Tcpdf\fpdf.class.php 第 280 行.
SQL: SHOW COLUMNS FROM `eb_book` [ RunTime:0.006163s ]
SQL: SELECT COUNT(0) AS tp_count FROM `eb_book` WHERE ( is_upload=0 ) LIMIT 1   [ RunTime:0.013997s ]
NOTIC: [8] Undefined variable: reg_info D:\www\ebook\App\Home\Extend\Tcpdf\fpdf.class.php 第 339 行.
SQL: SELECT * FROM `eb_option` WHERE `option_name` IN ('sys_index_left1','sys_index_left2','sys_index_left3','sys_index_left4')  [ RunTime:0.000348s ]
SQL: SHOW COLUMNS FROM `eb_booklist` [ RunTime:0.003944s ]
NOTIC: [2048] Declaration of Home\Model\SbookModel::check() should be compatible with that of Think\Model::check() D:\www\ebook\App\Home\Model\SbookModel.class.php 第 105 行.
SQL: SHOW COLUMNS FROM `eb_sbook` [ RunTime:0.004649s ]
SQL: SHOW COLUMNS FROM `eb_movie_file` [ RunTime:0.005198s ]
SQL: SELECT * FROM `eb_booklist` WHERE ( booklist_id=1 ) LIMIT 1   [ RunTime:0.001134s ]
SQL: SHOW COLUMNS FROM `eb_booklist_ext` [ RunTime:0.004301s ]
NOTIC: [8] Undefined index: order D:\www\ebook\App\Home\Model\BooklistModel.class.php 第 54 行.
SQL: SELECT * FROM `eb_booklist_ext` INNER JOIN eb_book ON eb_booklist_ext.book_id=eb_book.book_id  WHERE ( booklist_id=1 ) ORDER BY booklist_ext_id desc LIMIT 0,12   [ RunTime:0.000911s ]
INFO: [ view_filter ] --START--
INFO: Run Behavior\WriteHtmlCacheBehavior [ RunTime:0.000247s ]
INFO: [ view_filter ] --END-- [ RunTime:0.000300s ]
SQL: SELECT * FROM `eb_booklist` WHERE ( booklist_id=2 ) LIMIT 1   [ RunTime:0.000304s ]
NOTIC: [8] Undefined index: order D:\www\ebook\App\Home\Model\BooklistModel.class.php 第 54 行.
SQL: SELECT * FROM `eb_booklist_ext` INNER JOIN eb_book ON eb_booklist_ext.book_id=eb_book.book_id  WHERE ( booklist_id=2 ) ORDER BY booklist_ext_id desc LIMIT 0,12   [ RunTime:0.000547s ]
INFO: [ view_filter ] --START--
INFO: Run Behavior\WriteHtmlCacheBehavior [ RunTime:0.000020s ]
INFO: [ view_filter ] --END-- [ RunTime:-0.004647s ]
SQL: SELECT * FROM `eb_booklist` WHERE ( booklist_id=3 ) LIMIT 1   [ RunTime:0.000318s ]
NOTIC: [8] Undefined index: order D:\www\ebook\App\Home\Model\BooklistModel.class.php 第 54 行.
SQL: SELECT * FROM `eb_booklist_ext` INNER JOIN eb_book ON eb_booklist_ext.book_id=eb_book.book_id  WHERE ( booklist_id=3 ) ORDER BY booklist_ext_id desc LIMIT 0,12   [ RunTime:0.000588s ]
INFO: [ view_filter ] --START--
INFO: Run Behavior\WriteHtmlCacheBehavior [ RunTime:0.000012s ]
INFO: [ view_filter ] --END-- [ RunTime:-0.008911s ]
SQL: SELECT * FROM `eb_book` INNER JOIN (SELECT count(0) as cmt_cnt,book_id as book_id1 FROM eb_cmt INNER JOIN eb_cmt_ext ON eb_cmt.cmt_id=eb_cmt_ext.cmt_id where ctype=1 GROUP BY book_id)t1 on book_id=book_id1  ORDER BY cmt_cnt desc LIMIT 0,10   [ RunTime:0.000740s ]
NOTIC: [2] Invalid argument supplied for foreach() D:\www\ebook\App\Home\Model\BookModel.class.php 第 171 行.
SQL: SELECT * FROM `eb_book` ORDER BY readtimes LIMIT 0,10   [ RunTime:0.000321s ]
SQL: SELECT * FROM `eb_book` ORDER BY readtimes desc LIMIT 0,10   [ RunTime:0.000348s ]
SQL: SELECT * FROM `eb_book` INNER JOIN (SELECT count(0) as read_cnt,book_id as book_id1 FROM eb_rh GROUP BY book_id)t1 on book_id=book_id1  ORDER BY read_cnt desc LIMIT 0,10   [ RunTime:0.003115s ]
SQL: SELECT COUNT(0) AS tp_count FROM `eb_book` LIMIT 1   [ RunTime:0.007883s ]
SQL: SELECT COUNT(0) AS tp_count FROM `eb_sbook` LIMIT 1   [ RunTime:0.001554s ]
SQL: SELECT COUNT(0) AS tp_count FROM `eb_movie_file` LIMIT 1   [ RunTime:0.001735s ]
SQL: SHOW COLUMNS FROM `eb_annou` [ RunTime:0.004048s ]
SQL: SELECT * FROM `eb_annou` ORDER BY add_time desc LIMIT 0,24   [ RunTime:0.000256s ]
SQL: SHOW COLUMNS FROM `eb_link` [ RunTime:0.004589s ]
SQL: SELECT * FROM `eb_link` ORDER BY order_num LIMIT 0,200   [ RunTime:0.000398s ]
SQL: SHOW COLUMNS FROM `eb_user` [ RunTime:0.004157s ]
SQL: SELECT * FROM `eb_user` WHERE ( user_id=1 ) LIMIT 1   [ RunTime:0.000276s ]
SQL: SHOW COLUMNS FROM `eb_bookmark` [ RunTime:0.004523s ]
SQL: SHOW COLUMNS FROM `eb_cmt` [ RunTime:0.004303s ]
SQL: SHOW COLUMNS FROM `eb_rh` [ RunTime:0.005889s ]
SQL: SHOW COLUMNS FROM `eb_search` [ RunTime:0.005213s ]
SQL: SELECT COUNT(*) AS tp_count FROM `eb_bookmark` WHERE ( user_id=1 ) LIMIT 1   [ RunTime:0.000749s ]
SQL: SELECT COUNT(*) AS tp_count FROM `eb_cmt` WHERE ( user_id=1 ) LIMIT 1   [ RunTime:0.000311s ]
SQL: SELECT COUNT(*) AS tp_count FROM `eb_rh` WHERE ( user_id=1 ) LIMIT 1   [ RunTime:0.001415s ]
SQL: SELECT COUNT(*) AS tp_count FROM `eb_search` WHERE ( user_id=1 ) LIMIT 1   [ RunTime:0.000210s ]
SQL: SELECT * FROM `eb_option` WHERE ( option_name='sys_site_logo' ) LIMIT 1   [ RunTime:0.000293s ]
NOTIC: [8] Undefined index: sv D:\www\ebook\App\Home\View\Public\nav.php 第 22 行.
SQL: SHOW COLUMNS FROM `eb_nav` [ RunTime:0.004555s ]
SQL: SELECT * FROM `eb_nav` ORDER BY order_num,nav_id  [ RunTime:0.000315s ]
SQL: SELECT * FROM `eb_booklist` ORDER BY booklist_id desc  [ RunTime:0.000169s ]
INFO: [ view_filter ] --START--
INFO: Run Behavior\WriteHtmlCacheBehavior [ RunTime:0.000014s ]
INFO: [ view_filter ] --END-- [ RunTime:-0.087286s ]
INFO: [ app_end ] --START--
INFO: Run Behavior\ShowPageTraceBehavior [ RunTime:0.000710s ]
INFO: [ app_end ] --END-- [ RunTime:0.000784s ]

[ 2016-12-08T17:35:48+08:00 ] 127.0.0.1 /Index/bookview/book_id/62105
INFO: [ app_init ] --START--
INFO: Run Behavior\BuildLiteBehavior [ RunTime:0.000021s ]
INFO: [ app_init ] --END-- [ RunTime:0.000493s ]
INFO: [ app_begin ] --START--
INFO: Run Behavior\ReadHtmlCacheBehavior [ RunTime:0.000627s ]
INFO: Run Behavior\CheckLangBehavior [ RunTime:0.001651s ]
INFO: [ app_begin ] --END-- [ RunTime:0.002413s ]
NOTIC: [2048] Declaration of Home\Controller\IndexController::show() should be compatible with that of Think\Controller::show() D:\www\ebook\App\Home\Controller\IndexController.class.php 第 6 行.
SQL: SHOW COLUMNS FROM `eb_option` [ RunTime:0.004150s ]
SQL: SELECT * FROM `eb_option` WHERE ( option_name='sys_reg_name' ) LIMIT 1   [ RunTime:0.000351s ]
SQL: SHOW COLUMNS FROM `eb_iplimit` [ RunTime:0.004278s ]
SQL: SELECT * FROM `eb_option` WHERE `option_name` IN ('sys_ip_fail_type','sys_ip_type')  [ RunTime:0.000287s ]
SQL: SELECT * FROM `eb_iplimit` WHERE ( is_close=0 AND 2105834626 between ip_beg_val AND ip_end_val ) LIMIT 1   [ RunTime:0.000214s ]
SQL: SHOW COLUMNS FROM `eb_book` [ RunTime:0.006872s ]
SQL: SELECT * FROM `eb_book` WHERE ( book_id=62105 ) LIMIT 1   [ RunTime:0.000370s ]
SQL: SHOW COLUMNS FROM `eb_bookmark` [ RunTime:0.005115s ]
SQL: SELECT * FROM `eb_bookmark` WHERE ( user_id=1 AND book_id=62105 ) LIMIT 1   [ RunTime:0.000775s ]
SQL: SHOW COLUMNS FROM `eb_cmt` [ RunTime:0.005165s ]
SQL: SHOW COLUMNS FROM `eb_cmt_ext` [ RunTime:0.006886s ]
SQL: SHOW COLUMNS FROM `eb_cmt` [ RunTime:0.005243s ]
SQL: SELECT COUNT(0) AS tp_count FROM eb_cmt INNER JOIN eb_user ON eb_cmt.user_id=eb_user.user_id LEFT JOIN (select cmt_id as cmt_id1,count(0) as good_cnt from eb_cmt_ext where ctype=1 group by cmt_id)t1 ON eb_cmt.cmt_id=t1.cmt_id1 LEFT JOIN (select cmt_id as cmt_id1,count(0) as bad_cnt from eb_cmt_ext where ctype=2 group by cmt_id)t2 ON eb_cmt.cmt_id=t2.cmt_id1 WHERE ( eb_cmt.book_id=62105 ) LIMIT 1   [ RunTime:0.001421s ]
SQL: SHOW COLUMNS FROM `eb_cmt` [ RunTime:0.005162s ]
SQL: SELECT * FROM eb_cmt INNER JOIN eb_user ON eb_cmt.user_id=eb_user.user_id LEFT JOIN (select cmt_id as cmt_id1,count(0) as good_cnt from eb_cmt_ext where ctype=1 group by cmt_id)t1 ON eb_cmt.cmt_id=t1.cmt_id1 LEFT JOIN (select cmt_id as cmt_id1,count(0) as bad_cnt from eb_cmt_ext where ctype=2 group by cmt_id)t2 ON eb_cmt.cmt_id=t2.cmt_id1 WHERE ( eb_cmt.book_id=62105 ) ORDER BY good_cnt desc LIMIT 0,10   [ RunTime:0.000896s ]
SQL: SHOW COLUMNS FROM `eb_user` [ RunTime:0.004851s ]
SQL: SELECT * FROM `eb_user` INNER JOIN eb_rh ON eb_user.user_id=eb_rh.user_id  WHERE ( book_id=62105 ) GROUP BY eb_rh.user_id LIMIT 0,12   [ RunTime:0.001433s ]
SQL: SHOW COLUMNS FROM `eb_rh` [ RunTime:0.004993s ]
SQL: SHOW COLUMNS FROM `eb_book` [ RunTime:0.005981s ]
SQL: SELECT eb_book.* FROM eb_book INNER JOIN (SELECT book_id,count(rh_id) rh_cnt,max(add_time) add_time from eb_rh GROUP BY book_id ORDER BY add_time DESC,rh_cnt DESC limit 0,200)eb_rh ON eb_book.book_id=eb_rh.book_id GROUP BY eb_book.book_id ORDER BY eb_rh.add_time desc,rh_cnt desc LIMIT 0,10   [ RunTime:0.040099s ]
SQL: SELECT * FROM `eb_book` WHERE ( picture!='images/nopic.gif' AND picture!='' AND ztc like '长篇小说%' ) LIMIT 0,200   [ RunTime:0.023242s ]
SQL: SELECT * FROM `eb_option` WHERE ( option_name='sys_site_logo' ) LIMIT 1   [ RunTime:0.000357s ]
NOTIC: [8] Undefined index: sv D:\www\ebook\App\Home\View\Public\nav.php 第 22 行.
SQL: SHOW COLUMNS FROM `eb_nav` [ RunTime:0.005225s ]
SQL: SELECT * FROM `eb_nav` ORDER BY order_num,nav_id  [ RunTime:0.000344s ]
SQL: SHOW COLUMNS FROM `eb_booklist` [ RunTime:0.004136s ]
SQL: SELECT * FROM `eb_booklist` ORDER BY booklist_id desc  [ RunTime:0.000243s ]
INFO: [ view_filter ] --START--
INFO: Run Behavior\WriteHtmlCacheBehavior [ RunTime:0.000227s ]
INFO: [ view_filter ] --END-- [ RunTime:0.000284s ]
INFO: [ app_end ] --START--
INFO: Run Behavior\ShowPageTraceBehavior [ RunTime:0.001076s ]
INFO: [ app_end ] --END-- [ RunTime:0.001212s ]

[ 2016-12-08T17:35:48+08:00 ] 127.0.0.1 /Index/get_qrcode/qr_code_text/687474703a2f2f65626f6f6b2e636e2f496e6465782f626f6f6b766965772f626f6f6b5f69642f3632313035
INFO: [ app_init ] --START--
INFO: Run Behavior\BuildLiteBehavior [ RunTime:0.000019s ]
INFO: [ app_init ] --END-- [ RunTime:0.000519s ]
INFO: [ app_begin ] --START--
INFO: Run Behavior\ReadHtmlCacheBehavior [ RunTime:0.000656s ]
INFO: Run Behavior\CheckLangBehavior [ RunTime:0.001686s ]
INFO: [ app_begin ] --END-- [ RunTime:0.002485s ]
NOTIC: [2048] Declaration of Home\Controller\IndexController::show() should be compatible with that of Think\Controller::show() D:\www\ebook\App\Home\Controller\IndexController.class.php 第 6 行.
SQL: SHOW COLUMNS FROM `eb_option` [ RunTime:0.005109s ]
SQL: SELECT * FROM `eb_option` WHERE ( option_name='sys_reg_name' ) LIMIT 1   [ RunTime:0.000296s ]
SQL: SHOW COLUMNS FROM `eb_iplimit` [ RunTime:0.004924s ]
SQL: SELECT * FROM `eb_option` WHERE `option_name` IN ('sys_ip_fail_type','sys_ip_type')  [ RunTime:0.000574s ]
SQL: SELECT * FROM `eb_iplimit` WHERE ( is_close=0 AND 2105834626 between ip_beg_val AND ip_end_val ) LIMIT 1   [ RunTime:0.000366s ]
INFO: [ app_end ] --START--
INFO: Run Behavior\ShowPageTraceBehavior [ RunTime:0.002326s ]
INFO: [ app_end ] --END-- [ RunTime:0.002462s ]

[ 2016-12-08T17:38:42+08:00 ] 127.0.0.1 /Index/index
INFO: [ app_init ] --START--
INFO: Run Behavior\BuildLiteBehavior [ RunTime:0.000020s ]
INFO: [ app_init ] --END-- [ RunTime:0.000501s ]
INFO: [ app_begin ] --START--
INFO: Run Behavior\ReadHtmlCacheBehavior [ RunTime:0.000614s ]
INFO: Run Behavior\CheckLangBehavior [ RunTime:0.002375s ]
INFO: [ app_begin ] --END-- [ RunTime:0.003115s ]
NOTIC: [2048] Declaration of Home\Controller\IndexController::show() should be compatible with that of Think\Controller::show() D:\www\ebook\App\Home\Controller\IndexController.class.php 第 6 行.
SQL: SHOW COLUMNS FROM `eb_option` [ RunTime:0.004033s ]
SQL: SELECT * FROM `eb_option` WHERE ( option_name='sys_reg_name' ) LIMIT 1   [ RunTime:0.000273s ]
SQL: SHOW COLUMNS FROM `eb_iplimit` [ RunTime:0.003867s ]
SQL: SELECT * FROM `eb_option` WHERE `option_name` IN ('sys_ip_fail_type','sys_ip_type')  [ RunTime:0.000278s ]
SQL: SELECT * FROM `eb_iplimit` WHERE ( is_close=0 AND 2105834626 between ip_beg_val AND ip_end_val ) LIMIT 1   [ RunTime:0.000193s ]
NOTIC: [2] Missing argument 1 for Home\Extend\Tcpdf\fpdf::getParser(), called in D:\www\ebook\App\Home\Controller\IndexController.class.php on line 13 and defined D:\www\ebook\App\Home\Extend\Tcpdf\fpdf.class.php 第 280 行.
SQL: SHOW COLUMNS FROM `eb_book` [ RunTime:0.004470s ]
SQL: SELECT COUNT(0) AS tp_count FROM `eb_book` WHERE ( is_upload=0 ) LIMIT 1   [ RunTime:0.010660s ]
NOTIC: [8] Undefined variable: reg_info D:\www\ebook\App\Home\Extend\Tcpdf\fpdf.class.php 第 339 行.
SQL: SELECT * FROM `eb_option` WHERE `option_name` IN ('sys_index_left1','sys_index_left2','sys_index_left3','sys_index_left4')  [ RunTime:0.000335s ]
SQL: SHOW COLUMNS FROM `eb_booklist` [ RunTime:0.006171s ]
NOTIC: [2048] Declaration of Home\Model\SbookModel::check() should be compatible with that of Think\Model::check() D:\www\ebook\App\Home\Model\SbookModel.class.php 第 105 行.
SQL: SHOW COLUMNS FROM `eb_sbook` [ RunTime:0.009835s ]
SQL: SHOW COLUMNS FROM `eb_movie_file` [ RunTime:0.004310s ]
SQL: SELECT * FROM `eb_booklist` WHERE ( booklist_id=1 ) LIMIT 1   [ RunTime:0.000393s ]
SQL: SHOW COLUMNS FROM `eb_booklist_ext` [ RunTime:0.007797s ]
NOTIC: [8] Undefined index: order D:\www\ebook\App\Home\Model\BooklistModel.class.php 第 54 行.
SQL: SELECT * FROM `eb_booklist_ext` INNER JOIN eb_book ON eb_booklist_ext.book_id=eb_book.book_id  WHERE ( booklist_id=1 ) ORDER BY booklist_ext_id desc LIMIT 0,12   [ RunTime:0.000676s ]
INFO: [ view_filter ] --START--
INFO: Run Behavior\WriteHtmlCacheBehavior [ RunTime:0.000544s ]
INFO: [ view_filter ] --END-- [ RunTime:0.000628s ]
SQL: SELECT * FROM `eb_booklist` WHERE ( booklist_id=2 ) LIMIT 1   [ RunTime:0.000399s ]
NOTIC: [8] Undefined index: order D:\www\ebook\App\Home\Model\BooklistModel.class.php 第 54 行.
SQL: SELECT * FROM `eb_booklist_ext` INNER JOIN eb_book ON eb_booklist_ext.book_id=eb_book.book_id  WHERE ( booklist_id=2 ) ORDER BY booklist_ext_id desc LIMIT 0,12   [ RunTime:0.000952s ]
INFO: [ view_filter ] --START--
INFO: Run Behavior\WriteHtmlCacheBehavior [ RunTime:0.000012s ]
INFO: [ view_filter ] --END-- [ RunTime:-0.004913s ]
SQL: SELECT * FROM `eb_booklist` WHERE ( booklist_id=3 ) LIMIT 1   [ RunTime:0.000321s ]
NOTIC: [8] Undefined index: order D:\www\ebook\App\Home\Model\BooklistModel.class.php 第 54 行.
SQL: SELECT * FROM `eb_booklist_ext` INNER JOIN eb_book ON eb_booklist_ext.book_id=eb_book.book_id  WHERE ( booklist_id=3 ) ORDER BY booklist_ext_id desc LIMIT 0,12   [ RunTime:0.000776s ]
INFO: [ view_filter ] --START--
INFO: Run Behavior\WriteHtmlCacheBehavior [ RunTime:0.000018s ]
INFO: [ view_filter ] --END-- [ RunTime:-0.009325s ]
SQL: SELECT * FROM `eb_book` INNER JOIN (SELECT count(0) as cmt_cnt,book_id as book_id1 FROM eb_cmt INNER JOIN eb_cmt_ext ON eb_cmt.cmt_id=eb_cmt_ext.cmt_id where ctype=1 GROUP BY book_id)t1 on book_id=book_id1  ORDER BY cmt_cnt desc LIMIT 0,10   [ RunTime:0.000768s ]
NOTIC: [2] Invalid argument supplied for foreach() D:\www\ebook\App\Home\Model\BookModel.class.php 第 171 行.
SQL: SELECT * FROM `eb_book` ORDER BY readtimes LIMIT 0,10   [ RunTime:0.000378s ]
SQL: SELECT * FROM `eb_book` ORDER BY readtimes desc LIMIT 0,10   [ RunTime:0.000323s ]
SQL: SELECT * FROM `eb_book` INNER JOIN (SELECT count(0) as read_cnt,book_id as book_id1 FROM eb_rh GROUP BY book_id)t1 on book_id=book_id1  ORDER BY read_cnt desc LIMIT 0,10   [ RunTime:0.003599s ]
SQL: SELECT COUNT(0) AS tp_count FROM `eb_book` LIMIT 1   [ RunTime:0.008064s ]
SQL: SELECT COUNT(0) AS tp_count FROM `eb_sbook` LIMIT 1   [ RunTime:0.001054s ]
SQL: SELECT COUNT(0) AS tp_count FROM `eb_movie_file` LIMIT 1   [ RunTime:0.002059s ]
SQL: SHOW COLUMNS FROM `eb_annou` [ RunTime:0.004607s ]
SQL: SELECT * FROM `eb_annou` ORDER BY add_time desc LIMIT 0,24   [ RunTime:0.000247s ]
SQL: SHOW COLUMNS FROM `eb_link` [ RunTime:0.003999s ]
SQL: SELECT * FROM `eb_link` ORDER BY order_num LIMIT 0,200   [ RunTime:0.000262s ]
SQL: SHOW COLUMNS FROM `eb_user` [ RunTime:0.003905s ]
SQL: SELECT * FROM `eb_user` WHERE ( user_id=1 ) LIMIT 1   [ RunTime:0.000262s ]
SQL: SHOW COLUMNS FROM `eb_bookmark` [ RunTime:0.003972s ]
SQL: SHOW COLUMNS FROM `eb_cmt` [ RunTime:0.005243s ]
SQL: SHOW COLUMNS FROM `eb_rh` [ RunTime:0.004704s ]
SQL: SHOW COLUMNS FROM `eb_search` [ RunTime:0.004486s ]
SQL: SELECT COUNT(*) AS tp_count FROM `eb_bookmark` WHERE ( user_id=1 ) LIMIT 1   [ RunTime:0.000444s ]
SQL: SELECT COUNT(*) AS tp_count FROM `eb_cmt` WHERE ( user_id=1 ) LIMIT 1   [ RunTime:0.000307s ]
SQL: SELECT COUNT(*) AS tp_count FROM `eb_rh` WHERE ( user_id=1 ) LIMIT 1   [ RunTime:0.001459s ]
SQL: SELECT COUNT(*) AS tp_count FROM `eb_search` WHERE ( user_id=1 ) LIMIT 1   [ RunTime:0.000284s ]
SQL: SELECT * FROM `eb_option` WHERE ( option_name='sys_site_logo' ) LIMIT 1   [ RunTime:0.000350s ]
NOTIC: [8] Undefined index: sv D:\www\ebook\App\Home\View\Public\nav.php 第 22 行.
SQL: SHOW COLUMNS FROM `eb_nav` [ RunTime:0.003921s ]
SQL: SELECT * FROM `eb_nav` ORDER BY order_num,nav_id  [ RunTime:0.000392s ]
SQL: SELECT * FROM `eb_booklist` ORDER BY booklist_id desc  [ RunTime:0.000231s ]
INFO: [ view_filter ] --START--
INFO: Run Behavior\WriteHtmlCacheBehavior [ RunTime:0.000022s ]
INFO: [ view_filter ] --END-- [ RunTime:-0.086091s ]
INFO: [ app_end ] --START--
INFO: Run Behavior\ShowPageTraceBehavior [ RunTime:0.000821s ]
INFO: [ app_end ] --END-- [ RunTime:0.000909s ]

[ 2016-12-08T17:44:59+08:00 ] 127.0.0.1 /Index/index
INFO: [ app_init ] --START--
INFO: Run Behavior\BuildLiteBehavior [ RunTime:0.000024s ]
INFO: [ app_init ] --END-- [ RunTime:0.000659s ]
INFO: [ app_begin ] --START--
INFO: Run Behavior\ReadHtmlCacheBehavior [ RunTime:0.000851s ]
INFO: Run Behavior\CheckLangBehavior [ RunTime:0.002301s ]
INFO: [ app_begin ] --END-- [ RunTime:0.003380s ]
NOTIC: [2048] Declaration of Home\Controller\IndexController::show() should be compatible with that of Think\Controller::show() D:\www\ebook\App\Home\Controller\IndexController.class.php 第 6 行.
SQL: SHOW COLUMNS FROM `eb_option` [ RunTime:0.004028s ]
SQL: SELECT * FROM `eb_option` WHERE ( option_name='sys_reg_name' ) LIMIT 1   [ RunTime:0.000251s ]
SQL: SHOW COLUMNS FROM `eb_iplimit` [ RunTime:0.005703s ]
SQL: SELECT * FROM `eb_option` WHERE `option_name` IN ('sys_ip_fail_type','sys_ip_type')  [ RunTime:0.000503s ]
SQL: SELECT * FROM `eb_iplimit` WHERE ( is_close=0 AND 2105834626 between ip_beg_val AND ip_end_val ) LIMIT 1   [ RunTime:0.000299s ]
NOTIC: [2] Missing argument 1 for Home\Extend\Tcpdf\fpdf::getParser(), called in D:\www\ebook\App\Home\Controller\IndexController.class.php on line 13 and defined D:\www\ebook\App\Home\Extend\Tcpdf\fpdf.class.php 第 280 行.
SQL: SHOW COLUMNS FROM `eb_book` [ RunTime:0.005293s ]
SQL: SELECT COUNT(0) AS tp_count FROM `eb_book` WHERE ( is_upload=0 ) LIMIT 1   [ RunTime:0.010236s ]
NOTIC: [8] Undefined variable: reg_info D:\www\ebook\App\Home\Extend\Tcpdf\fpdf.class.php 第 339 行.
SQL: SELECT * FROM `eb_option` WHERE `option_name` IN ('sys_index_left1','sys_index_left2','sys_index_left3','sys_index_left4')  [ RunTime:0.000291s ]
SQL: SHOW COLUMNS FROM `eb_booklist` [ RunTime:0.004275s ]
NOTIC: [2048] Declaration of Home\Model\SbookModel::check() should be compatible with that of Think\Model::check() D:\www\ebook\App\Home\Model\SbookModel.class.php 第 105 行.
SQL: SHOW COLUMNS FROM `eb_sbook` [ RunTime:0.006236s ]
SQL: SHOW COLUMNS FROM `eb_movie_file` [ RunTime:0.004059s ]
SQL: SELECT * FROM `eb_booklist` WHERE ( booklist_id=1 ) LIMIT 1   [ RunTime:0.000300s ]
SQL: SHOW COLUMNS FROM `eb_booklist_ext` [ RunTime:0.004864s ]
NOTIC: [8] Undefined index: order D:\www\ebook\App\Home\Model\BooklistModel.class.php 第 54 行.
SQL: SELECT * FROM `eb_booklist_ext` INNER JOIN eb_book ON eb_booklist_ext.book_id=eb_book.book_id  WHERE ( booklist_id=1 ) ORDER BY booklist_ext_id desc LIMIT 0,12   [ RunTime:0.000929s ]
INFO: [ view_filter ] --START--
INFO: Run Behavior\WriteHtmlCacheBehavior [ RunTime:0.000250s ]
INFO: [ view_filter ] --END-- [ RunTime:0.000317s ]
SQL: SELECT * FROM `eb_booklist` WHERE ( booklist_id=2 ) LIMIT 1   [ RunTime:0.000401s ]
NOTIC: [8] Undefined index: order D:\www\ebook\App\Home\Model\BooklistModel.class.php 第 54 行.
SQL: SELECT * FROM `eb_booklist_ext` INNER JOIN eb_book ON eb_booklist_ext.book_id=eb_book.book_id  WHERE ( booklist_id=2 ) ORDER BY booklist_ext_id desc LIMIT 0,12   [ RunTime:0.000588s ]
INFO: [ view_filter ] --START--
INFO: Run Behavior\WriteHtmlCacheBehavior [ RunTime:0.000012s ]
INFO: [ view_filter ] --END-- [ RunTime:-0.005394s ]
SQL: SELECT * FROM `eb_booklist` WHERE ( booklist_id=3 ) LIMIT 1   [ RunTime:0.000304s ]
NOTIC: [8] Undefined index: order D:\www\ebook\App\Home\Model\BooklistModel.class.php 第 54 行.
SQL: SELECT * FROM `eb_booklist_ext` INNER JOIN eb_book ON eb_booklist_ext.book_id=eb_book.book_id  WHERE ( booklist_id=3 ) ORDER BY booklist_ext_id desc LIMIT 0,12   [ RunTime:0.000481s ]
INFO: [ view_filter ] --START--
INFO: Run Behavior\WriteHtmlCacheBehavior [ RunTime:0.000017s ]
INFO: [ view_filter ] --END-- [ RunTime:-0.009849s ]
SQL: SELECT * FROM `eb_book` INNER JOIN (SELECT count(0) as cmt_cnt,book_id as book_id1 FROM eb_cmt INNER JOIN eb_cmt_ext ON eb_cmt.cmt_id=eb_cmt_ext.cmt_id where ctype=1 GROUP BY book_id)t1 on book_id=book_id1  ORDER BY cmt_cnt desc LIMIT 0,10   [ RunTime:0.000686s ]
NOTIC: [2] Invalid argument supplied for foreach() D:\www\ebook\App\Home\Model\BookModel.class.php 第 171 行.
SQL: SELECT * FROM `eb_book` ORDER BY readtimes LIMIT 0,10   [ RunTime:0.000332s ]
SQL: SELECT * FROM `eb_book` ORDER BY readtimes desc LIMIT 0,10   [ RunTime:0.000306s ]
SQL: SELECT * FROM `eb_book` INNER JOIN (SELECT count(0) as read_cnt,book_id as book_id1 FROM eb_rh GROUP BY book_id)t1 on book_id=book_id1  ORDER BY read_cnt desc LIMIT 0,10   [ RunTime:0.003449s ]
SQL: SELECT COUNT(0) AS tp_count FROM `eb_book` LIMIT 1   [ RunTime:0.007568s ]
SQL: SELECT COUNT(0) AS tp_count FROM `eb_sbook` LIMIT 1   [ RunTime:0.001273s ]
SQL: SELECT COUNT(0) AS tp_count FROM `eb_movie_file` LIMIT 1   [ RunTime:0.001760s ]
SQL: SHOW COLUMNS FROM `eb_annou` [ RunTime:0.004344s ]
SQL: SELECT * FROM `eb_annou` ORDER BY add_time desc LIMIT 0,24   [ RunTime:0.000314s ]
SQL: SHOW COLUMNS FROM `eb_link` [ RunTime:0.005997s ]
SQL: SELECT * FROM `eb_link` ORDER BY order_num LIMIT 0,200   [ RunTime:0.000480s ]
SQL: SHOW COLUMNS FROM `eb_user` [ RunTime:0.004404s ]
SQL: SELECT * FROM `eb_user` WHERE ( user_id=1 ) LIMIT 1   [ RunTime:0.000307s ]
SQL: SHOW COLUMNS FROM `eb_bookmark` [ RunTime:0.003990s ]
SQL: SHOW COLUMNS FROM `eb_cmt` [ RunTime:0.004637s ]
SQL: SHOW COLUMNS FROM `eb_rh` [ RunTime:0.004247s ]
SQL: SHOW COLUMNS FROM `eb_search` [ RunTime:0.003921s ]
SQL: SELECT COUNT(*) AS tp_count FROM `eb_bookmark` WHERE ( user_id=1 ) LIMIT 1   [ RunTime:0.000635s ]
SQL: SELECT COUNT(*) AS tp_count FROM `eb_cmt` WHERE ( user_id=1 ) LIMIT 1   [ RunTime:0.000181s ]
SQL: SELECT COUNT(*) AS tp_count FROM `eb_rh` WHERE ( user_id=1 ) LIMIT 1   [ RunTime:0.000934s ]
SQL: SELECT COUNT(*) AS tp_count FROM `eb_search` WHERE ( user_id=1 ) LIMIT 1   [ RunTime:0.000203s ]
SQL: SELECT * FROM `eb_option` WHERE ( option_name='sys_site_logo' ) LIMIT 1   [ RunTime:0.000332s ]
NOTIC: [8] Undefined index: sv D:\www\ebook\App\Home\View\Public\nav.php 第 22 行.
SQL: SHOW COLUMNS FROM `eb_nav` [ RunTime:0.004030s ]
SQL: SELECT * FROM `eb_nav` ORDER BY order_num,nav_id  [ RunTime:0.000311s ]
SQL: SELECT * FROM `eb_booklist` ORDER BY booklist_id desc  [ RunTime:0.000162s ]
INFO: [ view_filter ] --START--
INFO: Run Behavior\WriteHtmlCacheBehavior [ RunTime:0.000020s ]
INFO: [ view_filter ] --END-- [ RunTime:-0.086648s ]
INFO: [ app_end ] --START--
INFO: Run Behavior\ShowPageTraceBehavior [ RunTime:0.000773s ]
INFO: [ app_end ] --END-- [ RunTime:0.000893s ]

[ 2016-12-08T17:45:00+08:00 ] 127.0.0.1 /Index/index
INFO: [ app_init ] --START--
INFO: Run Behavior\BuildLiteBehavior [ RunTime:0.000012s ]
INFO: [ app_init ] --END-- [ RunTime:0.000335s ]
INFO: [ app_begin ] --START--
INFO: Run Behavior\ReadHtmlCacheBehavior [ RunTime:0.000440s ]
INFO: Run Behavior\CheckLangBehavior [ RunTime:0.001320s ]
INFO: [ app_begin ] --END-- [ RunTime:0.001859s ]
NOTIC: [2048] Declaration of Home\Controller\IndexController::show() should be compatible with that of Think\Controller::show() D:\www\ebook\App\Home\Controller\IndexController.class.php 第 6 行.
SQL: SHOW COLUMNS FROM `eb_option` [ RunTime:0.007545s ]
SQL: SELECT * FROM `eb_option` WHERE ( option_name='sys_reg_name' ) LIMIT 1   [ RunTime:0.000356s ]
SQL: SHOW COLUMNS FROM `eb_iplimit` [ RunTime:0.004744s ]
SQL: SELECT * FROM `eb_option` WHERE `option_name` IN ('sys_ip_fail_type','sys_ip_type')  [ RunTime:0.000337s ]
SQL: SELECT * FROM `eb_iplimit` WHERE ( is_close=0 AND 2105834626 between ip_beg_val AND ip_end_val ) LIMIT 1   [ RunTime:0.000270s ]
NOTIC: [2] Missing argument 1 for Home\Extend\Tcpdf\fpdf::getParser(), called in D:\www\ebook\App\Home\Controller\IndexController.class.php on line 13 and defined D:\www\ebook\App\Home\Extend\Tcpdf\fpdf.class.php 第 280 行.
SQL: SHOW COLUMNS FROM `eb_book` [ RunTime:0.005408s ]
SQL: SELECT COUNT(0) AS tp_count FROM `eb_book` WHERE ( is_upload=0 ) LIMIT 1   [ RunTime:0.011511s ]
NOTIC: [8] Undefined variable: reg_info D:\www\ebook\App\Home\Extend\Tcpdf\fpdf.class.php 第 339 行.
SQL: SELECT * FROM `eb_option` WHERE `option_name` IN ('sys_index_left1','sys_index_left2','sys_index_left3','sys_index_left4')  [ RunTime:0.000311s ]
SQL: SHOW COLUMNS FROM `eb_booklist` [ RunTime:0.003899s ]
NOTIC: [2048] Declaration of Home\Model\SbookModel::check() should be compatible with that of Think\Model::check() D:\www\ebook\App\Home\Model\SbookModel.class.php 第 105 行.
SQL: SHOW COLUMNS FROM `eb_sbook` [ RunTime:0.004366s ]
SQL: SHOW COLUMNS FROM `eb_movie_file` [ RunTime:0.003919s ]
SQL: SELECT * FROM `eb_booklist` WHERE ( booklist_id=1 ) LIMIT 1   [ RunTime:0.000243s ]
SQL: SHOW COLUMNS FROM `eb_booklist_ext` [ RunTime:0.003972s ]
NOTIC: [8] Undefined index: order D:\www\ebook\App\Home\Model\BooklistModel.class.php 第 54 行.
SQL: SELECT * FROM `eb_booklist_ext` INNER JOIN eb_book ON eb_booklist_ext.book_id=eb_book.book_id  WHERE ( booklist_id=1 ) ORDER BY booklist_ext_id desc LIMIT 0,12   [ RunTime:0.000699s ]
INFO: [ view_filter ] --START--
INFO: Run Behavior\WriteHtmlCacheBehavior [ RunTime:0.000266s ]
INFO: [ view_filter ] --END-- [ RunTime:0.000323s ]
SQL: SELECT * FROM `eb_booklist` WHERE ( booklist_id=2 ) LIMIT 1   [ RunTime:0.000362s ]
NOTIC: [8] Undefined index: order D:\www\ebook\App\Home\Model\BooklistModel.class.php 第 54 行.
SQL: SELECT * FROM `eb_booklist_ext` INNER JOIN eb_book ON eb_booklist_ext.book_id=eb_book.book_id  WHERE ( booklist_id=2 ) ORDER BY booklist_ext_id desc LIMIT 0,12   [ RunTime:0.001165s ]
INFO: [ view_filter ] --START--
INFO: Run Behavior\WriteHtmlCacheBehavior [ RunTime:0.000021s ]
INFO: [ view_filter ] --END-- [ RunTime:-0.007412s ]
SQL: SELECT * FROM `eb_booklist` WHERE ( booklist_id=3 ) LIMIT 1   [ RunTime:0.000399s ]
NOTIC: [8] Undefined index: order D:\www\ebook\App\Home\Model\BooklistModel.class.php 第 54 行.
SQL: SELECT * FROM `eb_booklist_ext` INNER JOIN eb_book ON eb_booklist_ext.book_id=eb_book.book_id  WHERE ( booklist_id=3 ) ORDER BY booklist_ext_id desc LIMIT 0,12   [ RunTime:0.000630s ]
INFO: [ view_filter ] --START--
INFO: Run Behavior\WriteHtmlCacheBehavior [ RunTime:0.000018s ]
INFO: [ view_filter ] --END-- [ RunTime:-0.012007s ]
SQL: SELECT * FROM `eb_book` INNER JOIN (SELECT count(0) as cmt_cnt,book_id as book_id1 FROM eb_cmt INNER JOIN eb_cmt_ext ON eb_cmt.cmt_id=eb_cmt_ext.cmt_id where ctype=1 GROUP BY book_id)t1 on book_id=book_id1  ORDER BY cmt_cnt desc LIMIT 0,10   [ RunTime:0.000735s ]
NOTIC: [2] Invalid argument supplied for foreach() D:\www\ebook\App\Home\Model\BookModel.class.php 第 171 行.
SQL: SELECT * FROM `eb_book` ORDER BY readtimes LIMIT 0,10   [ RunTime:0.000295s ]
SQL: SELECT * FROM `eb_book` ORDER BY readtimes desc LIMIT 0,10   [ RunTime:0.000389s ]
SQL: SELECT * FROM `eb_book` INNER JOIN (SELECT count(0) as read_cnt,book_id as book_id1 FROM eb_rh GROUP BY book_id)t1 on book_id=book_id1  ORDER BY read_cnt desc LIMIT 0,10   [ RunTime:0.003584s ]
SQL: SELECT COUNT(0) AS tp_count FROM `eb_book` LIMIT 1   [ RunTime:0.007928s ]
SQL: SELECT COUNT(0) AS tp_count FROM `eb_sbook` LIMIT 1   [ RunTime:0.001089s ]
SQL: SELECT COUNT(0) AS tp_count FROM `eb_movie_file` LIMIT 1   [ RunTime:0.001952s ]
SQL: SHOW COLUMNS FROM `eb_annou` [ RunTime:0.004691s ]
SQL: SELECT * FROM `eb_annou` ORDER BY add_time desc LIMIT 0,24   [ RunTime:0.000254s ]
SQL: SHOW COLUMNS FROM `eb_link` [ RunTime:0.004222s ]
SQL: SELECT * FROM `eb_link` ORDER BY order_num LIMIT 0,200   [ RunTime:0.000441s ]
SQL: SHOW COLUMNS FROM `eb_user` [ RunTime:0.004966s ]
SQL: SELECT * FROM `eb_user` WHERE ( user_id=1 ) LIMIT 1   [ RunTime:0.000265s ]
SQL: SHOW COLUMNS FROM `eb_bookmark` [ RunTime:0.004745s ]
SQL: SHOW COLUMNS FROM `eb_cmt` [ RunTime:0.004571s ]
SQL: SHOW COLUMNS FROM `eb_rh` [ RunTime:0.004178s ]
SQL: SHOW COLUMNS FROM `eb_search` [ RunTime:0.004427s ]
SQL: SELECT COUNT(*) AS tp_count FROM `eb_bookmark` WHERE ( user_id=1 ) LIMIT 1   [ RunTime:0.000475s ]
SQL: SELECT COUNT(*) AS tp_count FROM `eb_cmt` WHERE ( user_id=1 ) LIMIT 1   [ RunTime:0.000170s ]
SQL: SELECT COUNT(*) AS tp_count FROM `eb_rh` WHERE ( user_id=1 ) LIMIT 1   [ RunTime:0.001101s ]
SQL: SELECT COUNT(*) AS tp_count FROM `eb_search` WHERE ( user_id=1 ) LIMIT 1   [ RunTime:0.000201s ]
SQL: SELECT * FROM `eb_option` WHERE ( option_name='sys_site_logo' ) LIMIT 1   [ RunTime:0.000271s ]
NOTIC: [8] Undefined index: sv D:\www\ebook\App\Home\View\Public\nav.php 第 22 行.
SQL: SHOW COLUMNS FROM `eb_nav` [ RunTime:0.004698s ]
SQL: SELECT * FROM `eb_nav` ORDER BY order_num,nav_id  [ RunTime:0.000399s ]
SQL: SELECT * FROM `eb_booklist` ORDER BY booklist_id desc  [ RunTime:0.000199s ]
INFO: [ view_filter ] --START--
INFO: Run Behavior\WriteHtmlCacheBehavior [ RunTime:0.000012s ]
INFO: [ view_filter ] --END-- [ RunTime:-0.088275s ]
INFO: [ app_end ] --START--
INFO: Run Behavior\ShowPageTraceBehavior [ RunTime:0.000842s ]
INFO: [ app_end ] --END-- [ RunTime:0.000923s ]

[ 2016-12-08T17:46:22+08:00 ] 127.0.0.1 /Index/bookview/book_id/62105
INFO: [ app_init ] --START--
INFO: Run Behavior\BuildLiteBehavior [ RunTime:0.000013s ]
INFO: [ app_init ] --END-- [ RunTime:0.000329s ]
INFO: [ app_begin ] --START--
INFO: Run Behavior\ReadHtmlCacheBehavior [ RunTime:0.000448s ]
INFO: Run Behavior\CheckLangBehavior [ RunTime:0.002868s ]
INFO: [ app_begin ] --END-- [ RunTime:0.003421s ]
NOTIC: [2048] Declaration of Home\Controller\IndexController::show() should be compatible with that of Think\Controller::show() D:\www\ebook\App\Home\Controller\IndexController.class.php 第 6 行.
SQL: SHOW COLUMNS FROM `eb_option` [ RunTime:0.004461s ]
SQL: SELECT * FROM `eb_option` WHERE ( option_name='sys_reg_name' ) LIMIT 1   [ RunTime:0.000403s ]
SQL: SHOW COLUMNS FROM `eb_iplimit` [ RunTime:0.004172s ]
SQL: SELECT * FROM `eb_option` WHERE `option_name` IN ('sys_ip_fail_type','sys_ip_type')  [ RunTime:0.000297s ]
SQL: SELECT * FROM `eb_iplimit` WHERE ( is_close=0 AND 2105834626 between ip_beg_val AND ip_end_val ) LIMIT 1   [ RunTime:0.000191s ]
SQL: SHOW COLUMNS FROM `eb_book` [ RunTime:0.004688s ]
SQL: SELECT * FROM `eb_book` WHERE ( book_id=62105 ) LIMIT 1   [ RunTime:0.000389s ]
SQL: SHOW COLUMNS FROM `eb_bookmark` [ RunTime:0.004049s ]
SQL: SELECT * FROM `eb_bookmark` WHERE ( user_id=1 AND book_id=62105 ) LIMIT 1   [ RunTime:0.000503s ]
SQL: SHOW COLUMNS FROM `eb_cmt` [ RunTime:0.004405s ]
SQL: SHOW COLUMNS FROM `eb_cmt_ext` [ RunTime:0.005459s ]
SQL: SHOW COLUMNS FROM `eb_cmt` [ RunTime:0.003953s ]
SQL: SELECT COUNT(0) AS tp_count FROM eb_cmt INNER JOIN eb_user ON eb_cmt.user_id=eb_user.user_id LEFT JOIN (select cmt_id as cmt_id1,count(0) as good_cnt from eb_cmt_ext where ctype=1 group by cmt_id)t1 ON eb_cmt.cmt_id=t1.cmt_id1 LEFT JOIN (select cmt_id as cmt_id1,count(0) as bad_cnt from eb_cmt_ext where ctype=2 group by cmt_id)t2 ON eb_cmt.cmt_id=t2.cmt_id1 WHERE ( eb_cmt.book_id=62105 ) LIMIT 1   [ RunTime:0.001619s ]
SQL: SHOW COLUMNS FROM `eb_cmt` [ RunTime:0.004629s ]
SQL: SELECT * FROM eb_cmt INNER JOIN eb_user ON eb_cmt.user_id=eb_user.user_id LEFT JOIN (select cmt_id as cmt_id1,count(0) as good_cnt from eb_cmt_ext where ctype=1 group by cmt_id)t1 ON eb_cmt.cmt_id=t1.cmt_id1 LEFT JOIN (select cmt_id as cmt_id1,count(0) as bad_cnt from eb_cmt_ext where ctype=2 group by cmt_id)t2 ON eb_cmt.cmt_id=t2.cmt_id1 WHERE ( eb_cmt.book_id=62105 ) ORDER BY good_cnt desc LIMIT 0,10   [ RunTime:0.001120s ]
SQL: SHOW COLUMNS FROM `eb_user` [ RunTime:0.005148s ]
SQL: SELECT * FROM `eb_user` INNER JOIN eb_rh ON eb_user.user_id=eb_rh.user_id  WHERE ( book_id=62105 ) GROUP BY eb_rh.user_id LIMIT 0,12   [ RunTime:0.002062s ]
SQL: SHOW COLUMNS FROM `eb_rh` [ RunTime:0.004089s ]
SQL: SHOW COLUMNS FROM `eb_book` [ RunTime:0.004657s ]
SQL: SELECT eb_book.* FROM eb_book INNER JOIN (SELECT book_id,count(rh_id) rh_cnt,max(add_time) add_time from eb_rh GROUP BY book_id ORDER BY add_time DESC,rh_cnt DESC limit 0,200)eb_rh ON eb_book.book_id=eb_rh.book_id GROUP BY eb_book.book_id ORDER BY eb_rh.add_time desc,rh_cnt desc LIMIT 0,10   [ RunTime:0.009972s ]
SQL: SELECT * FROM `eb_book` WHERE ( picture!='images/nopic.gif' AND picture!='' AND ztc like '长篇小说%' ) LIMIT 0,200   [ RunTime:0.004705s ]
SQL: SELECT * FROM `eb_option` WHERE ( option_name='sys_site_logo' ) LIMIT 1   [ RunTime:0.000351s ]
NOTIC: [8] Undefined index: sv D:\www\ebook\App\Home\View\Public\nav.php 第 22 行.
SQL: SHOW COLUMNS FROM `eb_nav` [ RunTime:0.005363s ]
SQL: SELECT * FROM `eb_nav` ORDER BY order_num,nav_id  [ RunTime:0.000481s ]
SQL: SHOW COLUMNS FROM `eb_booklist` [ RunTime:0.004249s ]
SQL: SELECT * FROM `eb_booklist` ORDER BY booklist_id desc  [ RunTime:0.000316s ]
INFO: [ view_filter ] --START--
INFO: Run Behavior\WriteHtmlCacheBehavior [ RunTime:0.000336s ]
INFO: [ view_filter ] --END-- [ RunTime:0.000399s ]
INFO: [ app_end ] --START--
INFO: Run Behavior\ShowPageTraceBehavior [ RunTime:0.000811s ]
INFO: [ app_end ] --END-- [ RunTime:0.000901s ]

[ 2016-12-08T17:46:22+08:00 ] 127.0.0.1 /Index/get_qrcode/qr_code_text/687474703a2f2f65626f6f6b2e636e2f496e6465782f626f6f6b766965772f626f6f6b5f69642f3632313035
INFO: [ app_init ] --START--
INFO: Run Behavior\BuildLiteBehavior [ RunTime:0.000018s ]
INFO: [ app_init ] --END-- [ RunTime:0.000422s ]
INFO: [ app_begin ] --START--
INFO: Run Behavior\ReadHtmlCacheBehavior [ RunTime:0.003619s ]
INFO: Run Behavior\CheckLangBehavior [ RunTime:0.001808s ]
INFO: [ app_begin ] --END-- [ RunTime:0.005612s ]
NOTIC: [2048] Declaration of Home\Controller\IndexController::show() should be compatible with that of Think\Controller::show() D:\www\ebook\App\Home\Controller\IndexController.class.php 第 6 行.
SQL: SHOW COLUMNS FROM `eb_option` [ RunTime:0.005759s ]
SQL: SELECT * FROM `eb_option` WHERE ( option_name='sys_reg_name' ) LIMIT 1   [ RunTime:0.000342s ]
SQL: SHOW COLUMNS FROM `eb_iplimit` [ RunTime:0.004385s ]
SQL: SELECT * FROM `eb_option` WHERE `option_name` IN ('sys_ip_fail_type','sys_ip_type')  [ RunTime:0.000302s ]
SQL: SELECT * FROM `eb_iplimit` WHERE ( is_close=0 AND 2105834626 between ip_beg_val AND ip_end_val ) LIMIT 1   [ RunTime:0.000203s ]
INFO: [ app_end ] --START--
INFO: Run Behavior\ShowPageTraceBehavior [ RunTime:0.000678s ]
INFO: [ app_end ] --END-- [ RunTime:0.000760s ]

