[ 2017-03-24T17:54:49+08:00 ] 127.0.0.1 /Public/css/home/bootstrap.min.css.map
INFO: [ app_init ] --START--
INFO: Run Behavior\BuildLiteBehavior [ RunTime:0.000051s ]
INFO: [ app_init ] --END-- [ RunTime:0.000932s ]
INFO: [ app_begin ] --START--
INFO: Run Behavior\ReadHtmlCacheBehavior [ RunTime:0.000960s ]
INFO: Run Behavior\CheckLangBehavior [ RunTime:0.001922s ]
INFO: [ app_begin ] --END-- [ RunTime:0.003321s ]
ERR: 无法加载控制器:Public

[ 2017-03-24T17:54:49+08:00 ] 127.0.0.1 /User/role
INFO: [ app_init ] --START--
INFO: Run Behavior\BuildLiteBehavior [ RunTime:0.000054s ]
INFO: [ app_init ] --END-- [ RunTime:0.000834s ]
INFO: [ app_begin ] --START--
INFO: Run Behavior\ReadHtmlCacheBehavior [ RunTime:0.000828s ]
INFO: Run Behavior\CheckLangBehavior [ RunTime:0.001633s ]
INFO: [ app_begin ] --END-- [ RunTime:0.002698s ]
SQL: SHOW COLUMNS FROM `b_option` [ RunTime:0.004680s ]
ERR: 1146:Table 'mebook.b_option' doesn't exist
 [ SQL语句 ] : SHOW COLUMNS FROM `b_option`
SQL: SELECT * FROM `b_option` WHERE ( option_name='sys_reg_name' ) LIMIT 1   [ RunTime:0.000482s ]
ERR: 1146:Table 'mebook.b_option' doesn't exist
 [ SQL语句 ] : SELECT * FROM `b_option` WHERE ( option_name='sys_reg_name' ) LIMIT 1  
SQL: SHOW COLUMNS FROM `b_iplimit` [ RunTime:0.003823s ]
ERR: 1146:Table 'mebook.b_iplimit' doesn't exist
 [ SQL语句 ] : SHOW COLUMNS FROM `b_iplimit`
SQL: SELECT * FROM `b_option` WHERE `option_name` IN ('sys_ip_fail_type','sys_ip_type')  [ RunTime:0.000360s ]
ERR: 1146:Table 'mebook.b_option' doesn't exist
 [ SQL语句 ] : SELECT * FROM `b_option` WHERE `option_name` IN ('sys_ip_fail_type','sys_ip_type') 
NOTIC: [2] Invalid argument supplied for foreach() D:\www\mebook\App\Home\Common\function.php 第 62 行.
SQL: SELECT * FROM `b_iplimit` WHERE ( is_close=0 AND 2105834626 between ip_beg_val AND ip_end_val ) LIMIT 1   [ RunTime:0.000402s ]
ERR: 1146:Table 'mebook.b_iplimit' doesn't exist
 [ SQL语句 ] : SELECT * FROM `b_iplimit` WHERE ( is_close=0 AND 2105834626 between ip_beg_val AND ip_end_val ) LIMIT 1  
NOTIC: [8] Undefined index: sys_ip_fail_type D:\www\mebook\App\Home\Controller\BaseController.class.php 第 55 行.
SQL: SELECT * FROM `b_option` WHERE `option_name` IN ('cas_open','cas_ver','cas_host','cas_port','cas_uri')  [ RunTime:0.000441s ]
ERR: 1146:Table 'mebook.b_option' doesn't exist
 [ SQL语句 ] : SELECT * FROM `b_option` WHERE `option_name` IN ('cas_open','cas_ver','cas_host','cas_port','cas_uri') 
NOTIC: [2] Invalid argument supplied for foreach() D:\www\mebook\App\Home\Common\function.php 第 62 行.
NOTIC: [8] Undefined index: cas_open D:\www\mebook\App\Home\Extend\PhpCas\PhpCasTool.class.php 第 44 行.
SQL: SELECT * FROM `b_option` WHERE `option_name` IN ('cas_open','cas_ver','cas_host','cas_port','cas_uri')  [ RunTime:0.000295s ]
ERR: 1146:Table 'mebook.b_option' doesn't exist
 [ SQL语句 ] : SELECT * FROM `b_option` WHERE `option_name` IN ('cas_open','cas_ver','cas_host','cas_port','cas_uri') 
NOTIC: [2] Invalid argument supplied for foreach() D:\www\mebook\App\Home\Common\function.php 第 62 行.
NOTIC: [8] Undefined index: cas_open D:\www\mebook\App\Home\Extend\PhpCas\PhpCasTool.class.php 第 44 行.
NOTIC: [8] Undefined index: url D:\www\mebook\App\Home\Extend\AdminMenu\AdminMenu.class.php 第 112 行.
NOTIC: [8] Undefined index: url D:\www\mebook\App\Home\Extend\AdminMenu\AdminMenu.class.php 第 113 行.
NOTIC: [8] Undefined index: url D:\www\mebook\App\Home\Extend\AdminMenu\AdminMenu.class.php 第 112 行.
NOTIC: [8] Undefined index: url D:\www\mebook\App\Home\Extend\AdminMenu\AdminMenu.class.php 第 113 行.
NOTIC: [8] Undefined index: url D:\www\mebook\App\Home\Extend\AdminMenu\AdminMenu.class.php 第 112 行.
NOTIC: [8] Undefined index: url D:\www\mebook\App\Home\Extend\AdminMenu\AdminMenu.class.php 第 113 行.
NOTIC: [8] Undefined index: url D:\www\mebook\App\Home\Extend\AdminMenu\AdminMenu.class.php 第 112 行.
NOTIC: [8] Undefined index: url D:\www\mebook\App\Home\Extend\AdminMenu\AdminMenu.class.php 第 113 行.
NOTIC: [8] Undefined index: url D:\www\mebook\App\Home\Extend\AdminMenu\AdminMenu.class.php 第 112 行.
NOTIC: [8] Undefined index: url D:\www\mebook\App\Home\Extend\AdminMenu\AdminMenu.class.php 第 113 行.
SQL: SHOW COLUMNS FROM `b_role` [ RunTime:0.005267s ]
SQL: SELECT `authority` FROM `b_role` WHERE ( role_code='admin' ) LIMIT 1   [ RunTime:0.000292s ]

[ 2017-03-24T17:54:52+08:00 ] 127.0.0.1 /User/role
INFO: [ app_init ] --START--
INFO: Run Behavior\BuildLiteBehavior [ RunTime:0.000048s ]
INFO: [ app_init ] --END-- [ RunTime:0.000672s ]
INFO: [ app_begin ] --START--
INFO: Run Behavior\ReadHtmlCacheBehavior [ RunTime:0.000785s ]
INFO: Run Behavior\CheckLangBehavior [ RunTime:0.001832s ]
INFO: [ app_begin ] --END-- [ RunTime:0.002878s ]
SQL: SHOW COLUMNS FROM `b_option` [ RunTime:0.004079s ]
ERR: 1146:Table 'mebook.b_option' doesn't exist
 [ SQL语句 ] : SHOW COLUMNS FROM `b_option`
SQL: SELECT * FROM `b_option` WHERE ( option_name='sys_reg_name' ) LIMIT 1   [ RunTime:0.000710s ]
ERR: 1146:Table 'mebook.b_option' doesn't exist
 [ SQL语句 ] : SELECT * FROM `b_option` WHERE ( option_name='sys_reg_name' ) LIMIT 1  
SQL: SHOW COLUMNS FROM `b_iplimit` [ RunTime:0.003595s ]
ERR: 1146:Table 'mebook.b_iplimit' doesn't exist
 [ SQL语句 ] : SHOW COLUMNS FROM `b_iplimit`
SQL: SELECT * FROM `b_option` WHERE `option_name` IN ('sys_ip_fail_type','sys_ip_type')  [ RunTime:0.000294s ]
ERR: 1146:Table 'mebook.b_option' doesn't exist
 [ SQL语句 ] : SELECT * FROM `b_option` WHERE `option_name` IN ('sys_ip_fail_type','sys_ip_type') 
NOTIC: [2] Invalid argument supplied for foreach() D:\www\mebook\App\Home\Common\function.php 第 62 行.
SQL: SELECT * FROM `b_iplimit` WHERE ( is_close=0 AND 2105834626 between ip_beg_val AND ip_end_val ) LIMIT 1   [ RunTime:0.000265s ]
ERR: 1146:Table 'mebook.b_iplimit' doesn't exist
 [ SQL语句 ] : SELECT * FROM `b_iplimit` WHERE ( is_close=0 AND 2105834626 between ip_beg_val AND ip_end_val ) LIMIT 1  
NOTIC: [8] Undefined index: sys_ip_fail_type D:\www\mebook\App\Home\Controller\BaseController.class.php 第 55 行.
SQL: SELECT * FROM `b_option` WHERE `option_name` IN ('cas_open','cas_ver','cas_host','cas_port','cas_uri')  [ RunTime:0.000380s ]
ERR: 1146:Table 'mebook.b_option' doesn't exist
 [ SQL语句 ] : SELECT * FROM `b_option` WHERE `option_name` IN ('cas_open','cas_ver','cas_host','cas_port','cas_uri') 
NOTIC: [2] Invalid argument supplied for foreach() D:\www\mebook\App\Home\Common\function.php 第 62 行.
NOTIC: [8] Undefined index: cas_open D:\www\mebook\App\Home\Extend\PhpCas\PhpCasTool.class.php 第 44 行.
SQL: SELECT * FROM `b_option` WHERE `option_name` IN ('cas_open','cas_ver','cas_host','cas_port','cas_uri')  [ RunTime:0.000230s ]
ERR: 1146:Table 'mebook.b_option' doesn't exist
 [ SQL语句 ] : SELECT * FROM `b_option` WHERE `option_name` IN ('cas_open','cas_ver','cas_host','cas_port','cas_uri') 
NOTIC: [2] Invalid argument supplied for foreach() D:\www\mebook\App\Home\Common\function.php 第 62 行.
NOTIC: [8] Undefined index: cas_open D:\www\mebook\App\Home\Extend\PhpCas\PhpCasTool.class.php 第 44 行.
NOTIC: [8] Undefined index: url D:\www\mebook\App\Home\Extend\AdminMenu\AdminMenu.class.php 第 112 行.
NOTIC: [8] Undefined index: url D:\www\mebook\App\Home\Extend\AdminMenu\AdminMenu.class.php 第 113 行.
NOTIC: [8] Undefined index: url D:\www\mebook\App\Home\Extend\AdminMenu\AdminMenu.class.php 第 112 行.
NOTIC: [8] Undefined index: url D:\www\mebook\App\Home\Extend\AdminMenu\AdminMenu.class.php 第 113 行.
NOTIC: [8] Undefined index: url D:\www\mebook\App\Home\Extend\AdminMenu\AdminMenu.class.php 第 112 行.
NOTIC: [8] Undefined index: url D:\www\mebook\App\Home\Extend\AdminMenu\AdminMenu.class.php 第 113 行.
NOTIC: [8] Undefined index: url D:\www\mebook\App\Home\Extend\AdminMenu\AdminMenu.class.php 第 112 行.
NOTIC: [8] Undefined index: url D:\www\mebook\App\Home\Extend\AdminMenu\AdminMenu.class.php 第 113 行.
NOTIC: [8] Undefined index: url D:\www\mebook\App\Home\Extend\AdminMenu\AdminMenu.class.php 第 112 行.
NOTIC: [8] Undefined index: url D:\www\mebook\App\Home\Extend\AdminMenu\AdminMenu.class.php 第 113 行.
SQL: SHOW COLUMNS FROM `b_role` [ RunTime:0.005777s ]
SQL: SELECT `authority` FROM `b_role` WHERE ( role_code='admin' ) LIMIT 1   [ RunTime:0.000252s ]
SQL: SELECT COUNT(0) AS tp_count FROM `b_role` LIMIT 1   [ RunTime:0.000141s ]
SQL: SELECT * FROM `b_role` LIMIT 0,10   [ RunTime:0.000449s ]
NOTIC: [8] Undefined index: attr D:\www\mebook\App\Home\View\Public\head_admin.php 第 43 行.
NOTIC: [8] Undefined index: attr D:\www\mebook\App\Home\View\Public\head_admin.php 第 43 行.
NOTIC: [8] Undefined index: attr D:\www\mebook\App\Home\View\Public\head_admin.php 第 43 行.
NOTIC: [8] Undefined index: attr D:\www\mebook\App\Home\View\Public\head_admin.php 第 43 行.
NOTIC: [8] Undefined index: attr D:\www\mebook\App\Home\View\Public\head_admin.php 第 43 行.
NOTIC: [8] Undefined index: attr D:\www\mebook\App\Home\View\Public\head_admin.php 第 60 行.
NOTIC: [8] Undefined index: attr D:\www\mebook\App\Home\View\Public\head_admin.php 第 60 行.
NOTIC: [8] Undefined index: attr D:\www\mebook\App\Home\View\Public\head_admin.php 第 60 行.
NOTIC: [8] Undefined index: attr D:\www\mebook\App\Home\View\Public\head_admin.php 第 60 行.
NOTIC: [8] Undefined index: attr D:\www\mebook\App\Home\View\Public\head_admin.php 第 60 行.
NOTIC: [8] Undefined index: attr D:\www\mebook\App\Home\View\Public\head_admin.php 第 60 行.
NOTIC: [8] Undefined index: attr D:\www\mebook\App\Home\View\Public\head_admin.php 第 60 行.
NOTIC: [8] Undefined index: attr D:\www\mebook\App\Home\View\Public\head_admin.php 第 60 行.
NOTIC: [8] Undefined index: attr D:\www\mebook\App\Home\View\Public\head_admin.php 第 60 行.
NOTIC: [8] Undefined variable: table_html D:\www\mebook\App\Home\View\User\role.php 第 147 行.
INFO: [ view_filter ] --START--
INFO: Run Behavior\WriteHtmlCacheBehavior [ RunTime:0.000276s ]
INFO: [ view_filter ] --END-- [ RunTime:0.000364s ]
INFO: [ app_end ] --START--
INFO: Run Behavior\ShowPageTraceBehavior [ RunTime:0.000592s ]
INFO: [ app_end ] --END-- [ RunTime:0.000716s ]

[ 2017-03-24T17:54:52+08:00 ] 127.0.0.1 /Public/css/home/bootstrap.min.css.map
INFO: [ app_init ] --START--
INFO: Run Behavior\BuildLiteBehavior [ RunTime:0.000045s ]
INFO: [ app_init ] --END-- [ RunTime:0.000682s ]
INFO: [ app_begin ] --START--
INFO: Run Behavior\ReadHtmlCacheBehavior [ RunTime:0.000829s ]
INFO: Run Behavior\CheckLangBehavior [ RunTime:0.001935s ]
INFO: [ app_begin ] --END-- [ RunTime:0.003047s ]
ERR: 无法加载控制器:Public

[ 2017-03-24T17:54:52+08:00 ] 127.0.0.1 /User/role
INFO: [ app_init ] --START--
INFO: Run Behavior\BuildLiteBehavior [ RunTime:0.000046s ]
INFO: [ app_init ] --END-- [ RunTime:0.000873s ]
INFO: [ app_begin ] --START--
INFO: Run Behavior\ReadHtmlCacheBehavior [ RunTime:0.000834s ]
INFO: Run Behavior\CheckLangBehavior [ RunTime:0.002251s ]
INFO: [ app_begin ] --END-- [ RunTime:0.003356s ]
SQL: SHOW COLUMNS FROM `b_option` [ RunTime:0.004494s ]
ERR: 1146:Table 'mebook.b_option' doesn't exist
 [ SQL语句 ] : SHOW COLUMNS FROM `b_option`
SQL: SELECT * FROM `b_option` WHERE ( option_name='sys_reg_name' ) LIMIT 1   [ RunTime:0.000681s ]
ERR: 1146:Table 'mebook.b_option' doesn't exist
 [ SQL语句 ] : SELECT * FROM `b_option` WHERE ( option_name='sys_reg_name' ) LIMIT 1  
SQL: SHOW COLUMNS FROM `b_iplimit` [ RunTime:0.006294s ]
ERR: 1146:Table 'mebook.b_iplimit' doesn't exist
 [ SQL语句 ] : SHOW COLUMNS FROM `b_iplimit`
SQL: SELECT * FROM `b_option` WHERE `option_name` IN ('sys_ip_fail_type','sys_ip_type')  [ RunTime:0.000595s ]
ERR: 1146:Table 'mebook.b_option' doesn't exist
 [ SQL语句 ] : SELECT * FROM `b_option` WHERE `option_name` IN ('sys_ip_fail_type','sys_ip_type') 
NOTIC: [2] Invalid argument supplied for foreach() D:\www\mebook\App\Home\Common\function.php 第 62 行.
SQL: SELECT * FROM `b_iplimit` WHERE ( is_close=0 AND 2105834626 between ip_beg_val AND ip_end_val ) LIMIT 1   [ RunTime:0.000505s ]
ERR: 1146:Table 'mebook.b_iplimit' doesn't exist
 [ SQL语句 ] : SELECT * FROM `b_iplimit` WHERE ( is_close=0 AND 2105834626 between ip_beg_val AND ip_end_val ) LIMIT 1  
NOTIC: [8] Undefined index: sys_ip_fail_type D:\www\mebook\App\Home\Controller\BaseController.class.php 第 55 行.
SQL: SELECT * FROM `b_option` WHERE `option_name` IN ('cas_open','cas_ver','cas_host','cas_port','cas_uri')  [ RunTime:0.000614s ]
ERR: 1146:Table 'mebook.b_option' doesn't exist
 [ SQL语句 ] : SELECT * FROM `b_option` WHERE `option_name` IN ('cas_open','cas_ver','cas_host','cas_port','cas_uri') 
NOTIC: [2] Invalid argument supplied for foreach() D:\www\mebook\App\Home\Common\function.php 第 62 行.
NOTIC: [8] Undefined index: cas_open D:\www\mebook\App\Home\Extend\PhpCas\PhpCasTool.class.php 第 44 行.
SQL: SELECT * FROM `b_option` WHERE `option_name` IN ('cas_open','cas_ver','cas_host','cas_port','cas_uri')  [ RunTime:0.000311s ]
ERR: 1146:Table 'mebook.b_option' doesn't exist
 [ SQL语句 ] : SELECT * FROM `b_option` WHERE `option_name` IN ('cas_open','cas_ver','cas_host','cas_port','cas_uri') 
NOTIC: [2] Invalid argument supplied for foreach() D:\www\mebook\App\Home\Common\function.php 第 62 行.
NOTIC: [8] Undefined index: cas_open D:\www\mebook\App\Home\Extend\PhpCas\PhpCasTool.class.php 第 44 行.
NOTIC: [8] Undefined index: url D:\www\mebook\App\Home\Extend\AdminMenu\AdminMenu.class.php 第 112 行.
NOTIC: [8] Undefined index: url D:\www\mebook\App\Home\Extend\AdminMenu\AdminMenu.class.php 第 113 行.
NOTIC: [8] Undefined index: url D:\www\mebook\App\Home\Extend\AdminMenu\AdminMenu.class.php 第 112 行.
NOTIC: [8] Undefined index: url D:\www\mebook\App\Home\Extend\AdminMenu\AdminMenu.class.php 第 113 行.
NOTIC: [8] Undefined index: url D:\www\mebook\App\Home\Extend\AdminMenu\AdminMenu.class.php 第 112 行.
NOTIC: [8] Undefined index: url D:\www\mebook\App\Home\Extend\AdminMenu\AdminMenu.class.php 第 113 行.
NOTIC: [8] Undefined index: url D:\www\mebook\App\Home\Extend\AdminMenu\AdminMenu.class.php 第 112 行.
NOTIC: [8] Undefined index: url D:\www\mebook\App\Home\Extend\AdminMenu\AdminMenu.class.php 第 113 行.
NOTIC: [8] Undefined index: url D:\www\mebook\App\Home\Extend\AdminMenu\AdminMenu.class.php 第 112 行.
NOTIC: [8] Undefined index: url D:\www\mebook\App\Home\Extend\AdminMenu\AdminMenu.class.php 第 113 行.
SQL: SHOW COLUMNS FROM `b_role` [ RunTime:0.004383s ]
SQL: SELECT `authority` FROM `b_role` WHERE ( role_code='admin' ) LIMIT 1   [ RunTime:0.000306s ]

[ 2017-03-24T17:56:02+08:00 ] 127.0.0.1 /User/role
INFO: [ app_init ] --START--
INFO: Run Behavior\BuildLiteBehavior [ RunTime:0.000050s ]
INFO: [ app_init ] --END-- [ RunTime:0.000773s ]
INFO: [ app_begin ] --START--
INFO: Run Behavior\ReadHtmlCacheBehavior [ RunTime:0.000853s ]
INFO: Run Behavior\CheckLangBehavior [ RunTime:0.002742s ]
INFO: [ app_begin ] --END-- [ RunTime:0.003880s ]
SQL: SHOW COLUMNS FROM `b_option` [ RunTime:0.005099s ]
ERR: 1146:Table 'mebook.b_option' doesn't exist
 [ SQL语句 ] : SHOW COLUMNS FROM `b_option`
SQL: SELECT * FROM `b_option` WHERE ( option_name='sys_reg_name' ) LIMIT 1   [ RunTime:0.000334s ]
ERR: 1146:Table 'mebook.b_option' doesn't exist
 [ SQL语句 ] : SELECT * FROM `b_option` WHERE ( option_name='sys_reg_name' ) LIMIT 1  
SQL: SHOW COLUMNS FROM `b_iplimit` [ RunTime:0.003552s ]
ERR: 1146:Table 'mebook.b_iplimit' doesn't exist
 [ SQL语句 ] : SHOW COLUMNS FROM `b_iplimit`
SQL: SELECT * FROM `b_option` WHERE `option_name` IN ('sys_ip_fail_type','sys_ip_type')  [ RunTime:0.000451s ]
ERR: 1146:Table 'mebook.b_option' doesn't exist
 [ SQL语句 ] : SELECT * FROM `b_option` WHERE `option_name` IN ('sys_ip_fail_type','sys_ip_type') 
NOTIC: [2] Invalid argument supplied for foreach() D:\www\mebook\App\Home\Common\function.php 第 62 行.
SQL: SELECT * FROM `b_iplimit` WHERE ( is_close=0 AND 2105834626 between ip_beg_val AND ip_end_val ) LIMIT 1   [ RunTime:0.000403s ]
ERR: 1146:Table 'mebook.b_iplimit' doesn't exist
 [ SQL语句 ] : SELECT * FROM `b_iplimit` WHERE ( is_close=0 AND 2105834626 between ip_beg_val AND ip_end_val ) LIMIT 1  
NOTIC: [8] Undefined index: sys_ip_fail_type D:\www\mebook\App\Home\Controller\BaseController.class.php 第 55 行.
SQL: SELECT * FROM `b_option` WHERE `option_name` IN ('cas_open','cas_ver','cas_host','cas_port','cas_uri')  [ RunTime:0.000442s ]
ERR: 1146:Table 'mebook.b_option' doesn't exist
 [ SQL语句 ] : SELECT * FROM `b_option` WHERE `option_name` IN ('cas_open','cas_ver','cas_host','cas_port','cas_uri') 
NOTIC: [2] Invalid argument supplied for foreach() D:\www\mebook\App\Home\Common\function.php 第 62 行.
NOTIC: [8] Undefined index: cas_open D:\www\mebook\App\Home\Extend\PhpCas\PhpCasTool.class.php 第 44 行.
SQL: SELECT * FROM `b_option` WHERE `option_name` IN ('cas_open','cas_ver','cas_host','cas_port','cas_uri')  [ RunTime:0.000630s ]
ERR: 1146:Table 'mebook.b_option' doesn't exist
 [ SQL语句 ] : SELECT * FROM `b_option` WHERE `option_name` IN ('cas_open','cas_ver','cas_host','cas_port','cas_uri') 
NOTIC: [2] Invalid argument supplied for foreach() D:\www\mebook\App\Home\Common\function.php 第 62 行.
NOTIC: [8] Undefined index: cas_open D:\www\mebook\App\Home\Extend\PhpCas\PhpCasTool.class.php 第 44 行.
NOTIC: [8] Undefined index: url D:\www\mebook\App\Home\Extend\AdminMenu\AdminMenu.class.php 第 112 行.
NOTIC: [8] Undefined index: url D:\www\mebook\App\Home\Extend\AdminMenu\AdminMenu.class.php 第 113 行.
NOTIC: [8] Undefined index: url D:\www\mebook\App\Home\Extend\AdminMenu\AdminMenu.class.php 第 112 行.
NOTIC: [8] Undefined index: url D:\www\mebook\App\Home\Extend\AdminMenu\AdminMenu.class.php 第 113 行.
NOTIC: [8] Undefined index: url D:\www\mebook\App\Home\Extend\AdminMenu\AdminMenu.class.php 第 112 行.
NOTIC: [8] Undefined index: url D:\www\mebook\App\Home\Extend\AdminMenu\AdminMenu.class.php 第 113 行.
NOTIC: [8] Undefined index: url D:\www\mebook\App\Home\Extend\AdminMenu\AdminMenu.class.php 第 112 行.
NOTIC: [8] Undefined index: url D:\www\mebook\App\Home\Extend\AdminMenu\AdminMenu.class.php 第 113 行.
NOTIC: [8] Undefined index: url D:\www\mebook\App\Home\Extend\AdminMenu\AdminMenu.class.php 第 112 行.
NOTIC: [8] Undefined index: url D:\www\mebook\App\Home\Extend\AdminMenu\AdminMenu.class.php 第 113 行.
SQL: SHOW COLUMNS FROM `b_role` [ RunTime:0.003824s ]
SQL: SELECT `authority` FROM `b_role` WHERE ( role_code='admin' ) LIMIT 1   [ RunTime:0.000266s ]
SQL: SELECT COUNT(0) AS tp_count FROM `b_role` LIMIT 1   [ RunTime:0.000450s ]
SQL: SELECT * FROM `b_role` LIMIT 0,10   [ RunTime:0.000252s ]
NOTIC: [8] Undefined index: attr D:\www\mebook\App\Home\View\Public\head_admin.php 第 43 行.
NOTIC: [8] Undefined index: attr D:\www\mebook\App\Home\View\Public\head_admin.php 第 43 行.
NOTIC: [8] Undefined index: attr D:\www\mebook\App\Home\View\Public\head_admin.php 第 43 行.
NOTIC: [8] Undefined index: attr D:\www\mebook\App\Home\View\Public\head_admin.php 第 43 行.
NOTIC: [8] Undefined index: attr D:\www\mebook\App\Home\View\Public\head_admin.php 第 43 行.
NOTIC: [8] Undefined index: attr D:\www\mebook\App\Home\View\Public\head_admin.php 第 60 行.
NOTIC: [8] Undefined index: attr D:\www\mebook\App\Home\View\Public\head_admin.php 第 60 行.
NOTIC: [8] Undefined index: attr D:\www\mebook\App\Home\View\Public\head_admin.php 第 60 行.
NOTIC: [8] Undefined index: attr D:\www\mebook\App\Home\View\Public\head_admin.php 第 60 行.
NOTIC: [8] Undefined index: attr D:\www\mebook\App\Home\View\Public\head_admin.php 第 60 行.
NOTIC: [8] Undefined index: attr D:\www\mebook\App\Home\View\Public\head_admin.php 第 60 行.
NOTIC: [8] Undefined index: attr D:\www\mebook\App\Home\View\Public\head_admin.php 第 60 行.
NOTIC: [8] Undefined index: attr D:\www\mebook\App\Home\View\Public\head_admin.php 第 60 行.
NOTIC: [8] Undefined index: attr D:\www\mebook\App\Home\View\Public\head_admin.php 第 60 行.
NOTIC: [8] Undefined variable: table_html D:\www\mebook\App\Home\View\User\role.php 第 147 行.
INFO: [ view_filter ] --START--
INFO: Run Behavior\WriteHtmlCacheBehavior [ RunTime:0.000268s ]
INFO: [ view_filter ] --END-- [ RunTime:0.000364s ]
INFO: [ app_end ] --START--
INFO: Run Behavior\ShowPageTraceBehavior [ RunTime:0.000790s ]
INFO: [ app_end ] --END-- [ RunTime:0.000935s ]

[ 2017-03-24T17:56:02+08:00 ] 127.0.0.1 /Public/css/home/bootstrap.min.css.map
INFO: [ app_init ] --START--
INFO: Run Behavior\BuildLiteBehavior [ RunTime:0.000047s ]
INFO: [ app_init ] --END-- [ RunTime:0.000687s ]
INFO: [ app_begin ] --START--
INFO: Run Behavior\ReadHtmlCacheBehavior [ RunTime:0.000911s ]
INFO: Run Behavior\CheckLangBehavior [ RunTime:0.001802s ]
INFO: [ app_begin ] --END-- [ RunTime:0.003056s ]
ERR: 无法加载控制器:Public

[ 2017-03-24T17:56:03+08:00 ] 127.0.0.1 /User/role
INFO: [ app_init ] --START--
INFO: Run Behavior\BuildLiteBehavior [ RunTime:0.000056s ]
INFO: [ app_init ] --END-- [ RunTime:0.001115s ]
INFO: [ app_begin ] --START--
INFO: Run Behavior\ReadHtmlCacheBehavior [ RunTime:0.000868s ]
INFO: Run Behavior\CheckLangBehavior [ RunTime:0.002781s ]
INFO: [ app_begin ] --END-- [ RunTime:0.003898s ]
SQL: SHOW COLUMNS FROM `b_option` [ RunTime:0.004418s ]
ERR: 1146:Table 'mebook.b_option' doesn't exist
 [ SQL语句 ] : SHOW COLUMNS FROM `b_option`
SQL: SELECT * FROM `b_option` WHERE ( option_name='sys_reg_name' ) LIMIT 1   [ RunTime:0.000505s ]
ERR: 1146:Table 'mebook.b_option' doesn't exist
 [ SQL语句 ] : SELECT * FROM `b_option` WHERE ( option_name='sys_reg_name' ) LIMIT 1  
SQL: SHOW COLUMNS FROM `b_iplimit` [ RunTime:0.004077s ]
ERR: 1146:Table 'mebook.b_iplimit' doesn't exist
 [ SQL语句 ] : SHOW COLUMNS FROM `b_iplimit`
SQL: SELECT * FROM `b_option` WHERE `option_name` IN ('sys_ip_fail_type','sys_ip_type')  [ RunTime:0.000409s ]
ERR: 1146:Table 'mebook.b_option' doesn't exist
 [ SQL语句 ] : SELECT * FROM `b_option` WHERE `option_name` IN ('sys_ip_fail_type','sys_ip_type') 
NOTIC: [2] Invalid argument supplied for foreach() D:\www\mebook\App\Home\Common\function.php 第 62 行.
SQL: SELECT * FROM `b_iplimit` WHERE ( is_close=0 AND 2105834626 between ip_beg_val AND ip_end_val ) LIMIT 1   [ RunTime:0.000311s ]
ERR: 1146:Table 'mebook.b_iplimit' doesn't exist
 [ SQL语句 ] : SELECT * FROM `b_iplimit` WHERE ( is_close=0 AND 2105834626 between ip_beg_val AND ip_end_val ) LIMIT 1  
NOTIC: [8] Undefined index: sys_ip_fail_type D:\www\mebook\App\Home\Controller\BaseController.class.php 第 55 行.
SQL: SELECT * FROM `b_option` WHERE `option_name` IN ('cas_open','cas_ver','cas_host','cas_port','cas_uri')  [ RunTime:0.000529s ]
ERR: 1146:Table 'mebook.b_option' doesn't exist
 [ SQL语句 ] : SELECT * FROM `b_option` WHERE `option_name` IN ('cas_open','cas_ver','cas_host','cas_port','cas_uri') 
NOTIC: [2] Invalid argument supplied for foreach() D:\www\mebook\App\Home\Common\function.php 第 62 行.
NOTIC: [8] Undefined index: cas_open D:\www\mebook\App\Home\Extend\PhpCas\PhpCasTool.class.php 第 44 行.
SQL: SELECT * FROM `b_option` WHERE `option_name` IN ('cas_open','cas_ver','cas_host','cas_port','cas_uri')  [ RunTime:0.000712s ]
ERR: 1146:Table 'mebook.b_option' doesn't exist
 [ SQL语句 ] : SELECT * FROM `b_option` WHERE `option_name` IN ('cas_open','cas_ver','cas_host','cas_port','cas_uri') 
NOTIC: [2] Invalid argument supplied for foreach() D:\www\mebook\App\Home\Common\function.php 第 62 行.
NOTIC: [8] Undefined index: cas_open D:\www\mebook\App\Home\Extend\PhpCas\PhpCasTool.class.php 第 44 行.
NOTIC: [8] Undefined index: url D:\www\mebook\App\Home\Extend\AdminMenu\AdminMenu.class.php 第 112 行.
NOTIC: [8] Undefined index: url D:\www\mebook\App\Home\Extend\AdminMenu\AdminMenu.class.php 第 113 行.
NOTIC: [8] Undefined index: url D:\www\mebook\App\Home\Extend\AdminMenu\AdminMenu.class.php 第 112 行.
NOTIC: [8] Undefined index: url D:\www\mebook\App\Home\Extend\AdminMenu\AdminMenu.class.php 第 113 行.
NOTIC: [8] Undefined index: url D:\www\mebook\App\Home\Extend\AdminMenu\AdminMenu.class.php 第 112 行.
NOTIC: [8] Undefined index: url D:\www\mebook\App\Home\Extend\AdminMenu\AdminMenu.class.php 第 113 行.
NOTIC: [8] Undefined index: url D:\www\mebook\App\Home\Extend\AdminMenu\AdminMenu.class.php 第 112 行.
NOTIC: [8] Undefined index: url D:\www\mebook\App\Home\Extend\AdminMenu\AdminMenu.class.php 第 113 行.
NOTIC: [8] Undefined index: url D:\www\mebook\App\Home\Extend\AdminMenu\AdminMenu.class.php 第 112 行.
NOTIC: [8] Undefined index: url D:\www\mebook\App\Home\Extend\AdminMenu\AdminMenu.class.php 第 113 行.
SQL: SHOW COLUMNS FROM `b_role` [ RunTime:0.004382s ]
SQL: SELECT `authority` FROM `b_role` WHERE ( role_code='admin' ) LIMIT 1   [ RunTime:0.000282s ]

[ 2017-03-24T18:00:52+08:00 ] 127.0.0.1 /User/role
INFO: [ app_init ] --START--
INFO: Run Behavior\BuildLiteBehavior [ RunTime:0.000028s ]
INFO: [ app_init ] --END-- [ RunTime:0.000448s ]
INFO: [ app_begin ] --START--
INFO: Run Behavior\ReadHtmlCacheBehavior [ RunTime:0.000479s ]
INFO: Run Behavior\CheckLangBehavior [ RunTime:0.001298s ]
INFO: [ app_begin ] --END-- [ RunTime:0.001921s ]
SQL: SHOW COLUMNS FROM `b_option` [ RunTime:0.004001s ]
ERR: 1146:Table 'mebook.b_option' doesn't exist
 [ SQL语句 ] : SHOW COLUMNS FROM `b_option`
SQL: SELECT * FROM `b_option` WHERE ( option_name='sys_reg_name' ) LIMIT 1   [ RunTime:0.000423s ]
ERR: 1146:Table 'mebook.b_option' doesn't exist
 [ SQL语句 ] : SELECT * FROM `b_option` WHERE ( option_name='sys_reg_name' ) LIMIT 1  
SQL: SHOW COLUMNS FROM `b_iplimit` [ RunTime:0.005101s ]
ERR: 1146:Table 'mebook.b_iplimit' doesn't exist
 [ SQL语句 ] : SHOW COLUMNS FROM `b_iplimit`
SQL: SELECT * FROM `b_option` WHERE `option_name` IN ('sys_ip_fail_type','sys_ip_type')  [ RunTime:0.000301s ]
ERR: 1146:Table 'mebook.b_option' doesn't exist
 [ SQL语句 ] : SELECT * FROM `b_option` WHERE `option_name` IN ('sys_ip_fail_type','sys_ip_type') 
NOTIC: [2] Invalid argument supplied for foreach() D:\www\mebook\App\Home\Common\function.php 第 62 行.
SQL: SELECT * FROM `b_iplimit` WHERE ( is_close=0 AND 2105834626 between ip_beg_val AND ip_end_val ) LIMIT 1   [ RunTime:0.000222s ]
ERR: 1146:Table 'mebook.b_iplimit' doesn't exist
 [ SQL语句 ] : SELECT * FROM `b_iplimit` WHERE ( is_close=0 AND 2105834626 between ip_beg_val AND ip_end_val ) LIMIT 1  
NOTIC: [8] Undefined index: sys_ip_fail_type D:\www\mebook\App\Home\Controller\BaseController.class.php 第 55 行.
SQL: SELECT * FROM `b_option` WHERE `option_name` IN ('cas_open','cas_ver','cas_host','cas_port','cas_uri')  [ RunTime:0.000441s ]
ERR: 1146:Table 'mebook.b_option' doesn't exist
 [ SQL语句 ] : SELECT * FROM `b_option` WHERE `option_name` IN ('cas_open','cas_ver','cas_host','cas_port','cas_uri') 
NOTIC: [2] Invalid argument supplied for foreach() D:\www\mebook\App\Home\Common\function.php 第 62 行.
NOTIC: [8] Undefined index: cas_open D:\www\mebook\App\Home\Extend\PhpCas\PhpCasTool.class.php 第 44 行.
SQL: SELECT * FROM `b_option` WHERE `option_name` IN ('cas_open','cas_ver','cas_host','cas_port','cas_uri')  [ RunTime:0.000232s ]
ERR: 1146:Table 'mebook.b_option' doesn't exist
 [ SQL语句 ] : SELECT * FROM `b_option` WHERE `option_name` IN ('cas_open','cas_ver','cas_host','cas_port','cas_uri') 
NOTIC: [2] Invalid argument supplied for foreach() D:\www\mebook\App\Home\Common\function.php 第 62 行.
NOTIC: [8] Undefined index: cas_open D:\www\mebook\App\Home\Extend\PhpCas\PhpCasTool.class.php 第 44 行.
NOTIC: [8] Undefined index: url D:\www\mebook\App\Home\Extend\AdminMenu\AdminMenu.class.php 第 112 行.
NOTIC: [8] Undefined index: url D:\www\mebook\App\Home\Extend\AdminMenu\AdminMenu.class.php 第 113 行.
NOTIC: [8] Undefined index: url D:\www\mebook\App\Home\Extend\AdminMenu\AdminMenu.class.php 第 112 行.
NOTIC: [8] Undefined index: url D:\www\mebook\App\Home\Extend\AdminMenu\AdminMenu.class.php 第 113 行.
NOTIC: [8] Undefined index: url D:\www\mebook\App\Home\Extend\AdminMenu\AdminMenu.class.php 第 112 行.
NOTIC: [8] Undefined index: url D:\www\mebook\App\Home\Extend\AdminMenu\AdminMenu.class.php 第 113 行.
NOTIC: [8] Undefined index: url D:\www\mebook\App\Home\Extend\AdminMenu\AdminMenu.class.php 第 112 行.
NOTIC: [8] Undefined index: url D:\www\mebook\App\Home\Extend\AdminMenu\AdminMenu.class.php 第 113 行.
NOTIC: [8] Undefined index: url D:\www\mebook\App\Home\Extend\AdminMenu\AdminMenu.class.php 第 112 行.
NOTIC: [8] Undefined index: url D:\www\mebook\App\Home\Extend\AdminMenu\AdminMenu.class.php 第 113 行.
SQL: SHOW COLUMNS FROM `b_role` [ RunTime:0.004055s ]
SQL: SELECT `authority` FROM `b_role` WHERE ( role_code='admin' ) LIMIT 1   [ RunTime:0.000280s ]
SQL: SELECT COUNT(0) AS tp_count FROM `b_role` LIMIT 1   [ RunTime:0.000145s ]
SQL: SELECT * FROM `b_role` LIMIT 0,10   [ RunTime:0.000242s ]
NOTIC: [8] Undefined index: attr D:\www\mebook\App\Home\View\Public\head_admin.php 第 43 行.
NOTIC: [8] Undefined index: attr D:\www\mebook\App\Home\View\Public\head_admin.php 第 43 行.
NOTIC: [8] Undefined index: attr D:\www\mebook\App\Home\View\Public\head_admin.php 第 43 行.
NOTIC: [8] Undefined index: attr D:\www\mebook\App\Home\View\Public\head_admin.php 第 43 行.
NOTIC: [8] Undefined index: attr D:\www\mebook\App\Home\View\Public\head_admin.php 第 43 行.
NOTIC: [8] Undefined index: attr D:\www\mebook\App\Home\View\Public\head_admin.php 第 60 行.
NOTIC: [8] Undefined index: attr D:\www\mebook\App\Home\View\Public\head_admin.php 第 60 行.
NOTIC: [8] Undefined index: attr D:\www\mebook\App\Home\View\Public\head_admin.php 第 60 行.
NOTIC: [8] Undefined index: attr D:\www\mebook\App\Home\View\Public\head_admin.php 第 60 行.
NOTIC: [8] Undefined index: attr D:\www\mebook\App\Home\View\Public\head_admin.php 第 60 行.
NOTIC: [8] Undefined index: attr D:\www\mebook\App\Home\View\Public\head_admin.php 第 60 行.
NOTIC: [8] Undefined index: attr D:\www\mebook\App\Home\View\Public\head_admin.php 第 60 行.
NOTIC: [8] Undefined index: attr D:\www\mebook\App\Home\View\Public\head_admin.php 第 60 行.
NOTIC: [8] Undefined index: attr D:\www\mebook\App\Home\View\Public\head_admin.php 第 60 行.
NOTIC: [8] Undefined variable: table_html D:\www\mebook\App\Home\View\User\role.php 第 147 行.
INFO: [ view_filter ] --START--
INFO: Run Behavior\WriteHtmlCacheBehavior [ RunTime:0.000392s ]
INFO: [ view_filter ] --END-- [ RunTime:0.000478s ]
INFO: [ app_end ] --START--
INFO: Run Behavior\ShowPageTraceBehavior [ RunTime:0.000699s ]
INFO: [ app_end ] --END-- [ RunTime:0.000844s ]

[ 2017-03-24T18:00:52+08:00 ] 127.0.0.1 /Public/css/home/bootstrap.min.css.map
INFO: [ app_init ] --START--
INFO: Run Behavior\BuildLiteBehavior [ RunTime:0.000046s ]
INFO: [ app_init ] --END-- [ RunTime:0.000773s ]
INFO: [ app_begin ] --START--
INFO: Run Behavior\ReadHtmlCacheBehavior [ RunTime:0.001006s ]
INFO: Run Behavior\CheckLangBehavior [ RunTime:0.001959s ]
INFO: [ app_begin ] --END-- [ RunTime:0.003276s ]
ERR: 无法加载控制器:Public

[ 2017-03-24T18:00:52+08:00 ] 127.0.0.1 /User/role
INFO: [ app_init ] --START--
INFO: Run Behavior\BuildLiteBehavior [ RunTime:0.000035s ]
INFO: [ app_init ] --END-- [ RunTime:0.000794s ]
INFO: [ app_begin ] --START--
INFO: Run Behavior\ReadHtmlCacheBehavior [ RunTime:0.001173s ]
INFO: Run Behavior\CheckLangBehavior [ RunTime:0.002566s ]
INFO: [ app_begin ] --END-- [ RunTime:0.004108s ]
SQL: SHOW COLUMNS FROM `b_option` [ RunTime:0.004260s ]
ERR: 1146:Table 'mebook.b_option' doesn't exist
 [ SQL语句 ] : SHOW COLUMNS FROM `b_option`
SQL: SELECT * FROM `b_option` WHERE ( option_name='sys_reg_name' ) LIMIT 1   [ RunTime:0.000345s ]
ERR: 1146:Table 'mebook.b_option' doesn't exist
 [ SQL语句 ] : SELECT * FROM `b_option` WHERE ( option_name='sys_reg_name' ) LIMIT 1  
SQL: SHOW COLUMNS FROM `b_iplimit` [ RunTime:0.004018s ]
ERR: 1146:Table 'mebook.b_iplimit' doesn't exist
 [ SQL语句 ] : SHOW COLUMNS FROM `b_iplimit`
SQL: SELECT * FROM `b_option` WHERE `option_name` IN ('sys_ip_fail_type','sys_ip_type')  [ RunTime:0.000386s ]
ERR: 1146:Table 'mebook.b_option' doesn't exist
 [ SQL语句 ] : SELECT * FROM `b_option` WHERE `option_name` IN ('sys_ip_fail_type','sys_ip_type') 
NOTIC: [2] Invalid argument supplied for foreach() D:\www\mebook\App\Home\Common\function.php 第 62 行.
SQL: SELECT * FROM `b_iplimit` WHERE ( is_close=0 AND 2105834626 between ip_beg_val AND ip_end_val ) LIMIT 1   [ RunTime:0.000270s ]
ERR: 1146:Table 'mebook.b_iplimit' doesn't exist
 [ SQL语句 ] : SELECT * FROM `b_iplimit` WHERE ( is_close=0 AND 2105834626 between ip_beg_val AND ip_end_val ) LIMIT 1  
NOTIC: [8] Undefined index: sys_ip_fail_type D:\www\mebook\App\Home\Controller\BaseController.class.php 第 55 行.
SQL: SELECT * FROM `b_option` WHERE `option_name` IN ('cas_open','cas_ver','cas_host','cas_port','cas_uri')  [ RunTime:0.000668s ]
ERR: 1146:Table 'mebook.b_option' doesn't exist
 [ SQL语句 ] : SELECT * FROM `b_option` WHERE `option_name` IN ('cas_open','cas_ver','cas_host','cas_port','cas_uri') 
NOTIC: [2] Invalid argument supplied for foreach() D:\www\mebook\App\Home\Common\function.php 第 62 行.
NOTIC: [8] Undefined index: cas_open D:\www\mebook\App\Home\Extend\PhpCas\PhpCasTool.class.php 第 44 行.
SQL: SELECT * FROM `b_option` WHERE `option_name` IN ('cas_open','cas_ver','cas_host','cas_port','cas_uri')  [ RunTime:0.000560s ]
ERR: 1146:Table 'mebook.b_option' doesn't exist
 [ SQL语句 ] : SELECT * FROM `b_option` WHERE `option_name` IN ('cas_open','cas_ver','cas_host','cas_port','cas_uri') 
NOTIC: [2] Invalid argument supplied for foreach() D:\www\mebook\App\Home\Common\function.php 第 62 行.
NOTIC: [8] Undefined index: cas_open D:\www\mebook\App\Home\Extend\PhpCas\PhpCasTool.class.php 第 44 行.
NOTIC: [8] Undefined index: url D:\www\mebook\App\Home\Extend\AdminMenu\AdminMenu.class.php 第 112 行.
NOTIC: [8] Undefined index: url D:\www\mebook\App\Home\Extend\AdminMenu\AdminMenu.class.php 第 113 行.
NOTIC: [8] Undefined index: url D:\www\mebook\App\Home\Extend\AdminMenu\AdminMenu.class.php 第 112 行.
NOTIC: [8] Undefined index: url D:\www\mebook\App\Home\Extend\AdminMenu\AdminMenu.class.php 第 113 行.
NOTIC: [8] Undefined index: url D:\www\mebook\App\Home\Extend\AdminMenu\AdminMenu.class.php 第 112 行.
NOTIC: [8] Undefined index: url D:\www\mebook\App\Home\Extend\AdminMenu\AdminMenu.class.php 第 113 行.
NOTIC: [8] Undefined index: url D:\www\mebook\App\Home\Extend\AdminMenu\AdminMenu.class.php 第 112 行.
NOTIC: [8] Undefined index: url D:\www\mebook\App\Home\Extend\AdminMenu\AdminMenu.class.php 第 113 行.
NOTIC: [8] Undefined index: url D:\www\mebook\App\Home\Extend\AdminMenu\AdminMenu.class.php 第 112 行.
NOTIC: [8] Undefined index: url D:\www\mebook\App\Home\Extend\AdminMenu\AdminMenu.class.php 第 113 行.
SQL: SHOW COLUMNS FROM `b_role` [ RunTime:0.004504s ]
SQL: SELECT `authority` FROM `b_role` WHERE ( role_code='admin' ) LIMIT 1   [ RunTime:0.000262s ]

[ 2017-03-24T18:01:17+08:00 ] 127.0.0.1 /User/role
INFO: [ app_init ] --START--
INFO: Run Behavior\BuildLiteBehavior [ RunTime:0.000035s ]
INFO: [ app_init ] --END-- [ RunTime:0.001051s ]
INFO: [ app_begin ] --START--
INFO: Run Behavior\ReadHtmlCacheBehavior [ RunTime:0.000538s ]
INFO: Run Behavior\CheckLangBehavior [ RunTime:0.001505s ]
INFO: [ app_begin ] --END-- [ RunTime:0.002282s ]
SQL: SHOW COLUMNS FROM `b_option` [ RunTime:0.003935s ]
ERR: 1146:Table 'mebook.b_option' doesn't exist
 [ SQL语句 ] : SHOW COLUMNS FROM `b_option`
SQL: SELECT * FROM `b_option` WHERE ( option_name='sys_reg_name' ) LIMIT 1   [ RunTime:0.000339s ]
ERR: 1146:Table 'mebook.b_option' doesn't exist
 [ SQL语句 ] : SELECT * FROM `b_option` WHERE ( option_name='sys_reg_name' ) LIMIT 1  
SQL: SHOW COLUMNS FROM `b_iplimit` [ RunTime:0.003480s ]
ERR: 1146:Table 'mebook.b_iplimit' doesn't exist
 [ SQL语句 ] : SHOW COLUMNS FROM `b_iplimit`
SQL: SELECT * FROM `b_option` WHERE `option_name` IN ('sys_ip_fail_type','sys_ip_type')  [ RunTime:0.000385s ]
ERR: 1146:Table 'mebook.b_option' doesn't exist
 [ SQL语句 ] : SELECT * FROM `b_option` WHERE `option_name` IN ('sys_ip_fail_type','sys_ip_type') 
NOTIC: [2] Invalid argument supplied for foreach() D:\www\mebook\App\Home\Common\function.php 第 62 行.
SQL: SELECT * FROM `b_iplimit` WHERE ( is_close=0 AND 2105834626 between ip_beg_val AND ip_end_val ) LIMIT 1   [ RunTime:0.000334s ]
ERR: 1146:Table 'mebook.b_iplimit' doesn't exist
 [ SQL语句 ] : SELECT * FROM `b_iplimit` WHERE ( is_close=0 AND 2105834626 between ip_beg_val AND ip_end_val ) LIMIT 1  
NOTIC: [8] Undefined index: sys_ip_fail_type D:\www\mebook\App\Home\Controller\BaseController.class.php 第 55 行.
SQL: SELECT * FROM `b_option` WHERE `option_name` IN ('cas_open','cas_ver','cas_host','cas_port','cas_uri')  [ RunTime:0.000491s ]
ERR: 1146:Table 'mebook.b_option' doesn't exist
 [ SQL语句 ] : SELECT * FROM `b_option` WHERE `option_name` IN ('cas_open','cas_ver','cas_host','cas_port','cas_uri') 
NOTIC: [2] Invalid argument supplied for foreach() D:\www\mebook\App\Home\Common\function.php 第 62 行.
NOTIC: [8] Undefined index: cas_open D:\www\mebook\App\Home\Extend\PhpCas\PhpCasTool.class.php 第 44 行.
SQL: SELECT * FROM `b_option` WHERE `option_name` IN ('cas_open','cas_ver','cas_host','cas_port','cas_uri')  [ RunTime:0.000254s ]
ERR: 1146:Table 'mebook.b_option' doesn't exist
 [ SQL语句 ] : SELECT * FROM `b_option` WHERE `option_name` IN ('cas_open','cas_ver','cas_host','cas_port','cas_uri') 
NOTIC: [2] Invalid argument supplied for foreach() D:\www\mebook\App\Home\Common\function.php 第 62 行.
NOTIC: [8] Undefined index: cas_open D:\www\mebook\App\Home\Extend\PhpCas\PhpCasTool.class.php 第 44 行.
NOTIC: [8] Undefined index: url D:\www\mebook\App\Home\Extend\AdminMenu\AdminMenu.class.php 第 112 行.
NOTIC: [8] Undefined index: url D:\www\mebook\App\Home\Extend\AdminMenu\AdminMenu.class.php 第 113 行.
NOTIC: [8] Undefined index: url D:\www\mebook\App\Home\Extend\AdminMenu\AdminMenu.class.php 第 112 行.
NOTIC: [8] Undefined index: url D:\www\mebook\App\Home\Extend\AdminMenu\AdminMenu.class.php 第 113 行.
NOTIC: [8] Undefined index: url D:\www\mebook\App\Home\Extend\AdminMenu\AdminMenu.class.php 第 112 行.
NOTIC: [8] Undefined index: url D:\www\mebook\App\Home\Extend\AdminMenu\AdminMenu.class.php 第 113 行.
NOTIC: [8] Undefined index: url D:\www\mebook\App\Home\Extend\AdminMenu\AdminMenu.class.php 第 112 行.
NOTIC: [8] Undefined index: url D:\www\mebook\App\Home\Extend\AdminMenu\AdminMenu.class.php 第 113 行.
NOTIC: [8] Undefined index: url D:\www\mebook\App\Home\Extend\AdminMenu\AdminMenu.class.php 第 112 行.
NOTIC: [8] Undefined index: url D:\www\mebook\App\Home\Extend\AdminMenu\AdminMenu.class.php 第 113 行.
SQL: SHOW COLUMNS FROM `b_role` [ RunTime:0.005230s ]
SQL: SELECT `authority` FROM `b_role` WHERE ( role_code='admin' ) LIMIT 1   [ RunTime:0.000478s ]
SQL: SELECT COUNT(0) AS tp_count FROM `b_role` LIMIT 1   [ RunTime:0.000311s ]
SQL: SELECT * FROM `b_role` LIMIT 0,10   [ RunTime:0.000306s ]
NOTIC: [8] Undefined index: attr D:\www\mebook\App\Home\View\Public\head_admin.php 第 43 行.
NOTIC: [8] Undefined index: attr D:\www\mebook\App\Home\View\Public\head_admin.php 第 43 行.
NOTIC: [8] Undefined index: attr D:\www\mebook\App\Home\View\Public\head_admin.php 第 43 行.
NOTIC: [8] Undefined index: attr D:\www\mebook\App\Home\View\Public\head_admin.php 第 43 行.
NOTIC: [8] Undefined index: attr D:\www\mebook\App\Home\View\Public\head_admin.php 第 43 行.
NOTIC: [8] Undefined index: attr D:\www\mebook\App\Home\View\Public\head_admin.php 第 60 行.
NOTIC: [8] Undefined index: attr D:\www\mebook\App\Home\View\Public\head_admin.php 第 60 行.
NOTIC: [8] Undefined index: attr D:\www\mebook\App\Home\View\Public\head_admin.php 第 60 行.
NOTIC: [8] Undefined index: attr D:\www\mebook\App\Home\View\Public\head_admin.php 第 60 行.
NOTIC: [8] Undefined index: attr D:\www\mebook\App\Home\View\Public\head_admin.php 第 60 行.
NOTIC: [8] Undefined index: attr D:\www\mebook\App\Home\View\Public\head_admin.php 第 60 行.
NOTIC: [8] Undefined index: attr D:\www\mebook\App\Home\View\Public\head_admin.php 第 60 行.
NOTIC: [8] Undefined index: attr D:\www\mebook\App\Home\View\Public\head_admin.php 第 60 行.
NOTIC: [8] Undefined index: attr D:\www\mebook\App\Home\View\Public\head_admin.php 第 60 行.
NOTIC: [8] Undefined variable: table_html D:\www\mebook\App\Home\View\User\role.php 第 147 行.
INFO: [ view_filter ] --START--
INFO: Run Behavior\WriteHtmlCacheBehavior [ RunTime:0.000268s ]
INFO: [ view_filter ] --END-- [ RunTime:0.000357s ]
INFO: [ app_end ] --START--
INFO: Run Behavior\ShowPageTraceBehavior [ RunTime:0.000597s ]
INFO: [ app_end ] --END-- [ RunTime:0.000693s ]

[ 2017-03-24T18:01:17+08:00 ] 127.0.0.1 /Public/css/home/bootstrap.min.css.map
INFO: [ app_init ] --START--
INFO: Run Behavior\BuildLiteBehavior [ RunTime:0.000028s ]
INFO: [ app_init ] --END-- [ RunTime:0.000498s ]
INFO: [ app_begin ] --START--
INFO: Run Behavior\ReadHtmlCacheBehavior [ RunTime:0.000687s ]
INFO: Run Behavior\CheckLangBehavior [ RunTime:0.001538s ]
INFO: [ app_begin ] --END-- [ RunTime:0.002466s ]
ERR: 无法加载控制器:Public

[ 2017-03-24T18:01:17+08:00 ] 127.0.0.1 /User/role
INFO: [ app_init ] --START--
INFO: Run Behavior\BuildLiteBehavior [ RunTime:0.000084s ]
INFO: [ app_init ] --END-- [ RunTime:0.000990s ]
INFO: [ app_begin ] --START--
INFO: Run Behavior\ReadHtmlCacheBehavior [ RunTime:0.000990s ]
INFO: Run Behavior\CheckLangBehavior [ RunTime:0.002438s ]
INFO: [ app_begin ] --END-- [ RunTime:0.003717s ]
SQL: SHOW COLUMNS FROM `b_option` [ RunTime:0.005078s ]
ERR: 1146:Table 'mebook.b_option' doesn't exist
 [ SQL语句 ] : SHOW COLUMNS FROM `b_option`
SQL: SELECT * FROM `b_option` WHERE ( option_name='sys_reg_name' ) LIMIT 1   [ RunTime:0.000945s ]
ERR: 1146:Table 'mebook.b_option' doesn't exist
 [ SQL语句 ] : SELECT * FROM `b_option` WHERE ( option_name='sys_reg_name' ) LIMIT 1  
SQL: SHOW COLUMNS FROM `b_iplimit` [ RunTime:0.004917s ]
ERR: 1146:Table 'mebook.b_iplimit' doesn't exist
 [ SQL语句 ] : SHOW COLUMNS FROM `b_iplimit`
SQL: SELECT * FROM `b_option` WHERE `option_name` IN ('sys_ip_fail_type','sys_ip_type')  [ RunTime:0.000601s ]
ERR: 1146:Table 'mebook.b_option' doesn't exist
 [ SQL语句 ] : SELECT * FROM `b_option` WHERE `option_name` IN ('sys_ip_fail_type','sys_ip_type') 
NOTIC: [2] Invalid argument supplied for foreach() D:\www\mebook\App\Home\Common\function.php 第 62 行.
SQL: SELECT * FROM `b_iplimit` WHERE ( is_close=0 AND 2105834626 between ip_beg_val AND ip_end_val ) LIMIT 1   [ RunTime:0.000613s ]
ERR: 1146:Table 'mebook.b_iplimit' doesn't exist
 [ SQL语句 ] : SELECT * FROM `b_iplimit` WHERE ( is_close=0 AND 2105834626 between ip_beg_val AND ip_end_val ) LIMIT 1  
NOTIC: [8] Undefined index: sys_ip_fail_type D:\www\mebook\App\Home\Controller\BaseController.class.php 第 55 行.
SQL: SELECT * FROM `b_option` WHERE `option_name` IN ('cas_open','cas_ver','cas_host','cas_port','cas_uri')  [ RunTime:0.000603s ]
ERR: 1146:Table 'mebook.b_option' doesn't exist
 [ SQL语句 ] : SELECT * FROM `b_option` WHERE `option_name` IN ('cas_open','cas_ver','cas_host','cas_port','cas_uri') 
NOTIC: [2] Invalid argument supplied for foreach() D:\www\mebook\App\Home\Common\function.php 第 62 行.
NOTIC: [8] Undefined index: cas_open D:\www\mebook\App\Home\Extend\PhpCas\PhpCasTool.class.php 第 44 行.
SQL: SELECT * FROM `b_option` WHERE `option_name` IN ('cas_open','cas_ver','cas_host','cas_port','cas_uri')  [ RunTime:0.000837s ]
ERR: 1146:Table 'mebook.b_option' doesn't exist
 [ SQL语句 ] : SELECT * FROM `b_option` WHERE `option_name` IN ('cas_open','cas_ver','cas_host','cas_port','cas_uri') 
NOTIC: [2] Invalid argument supplied for foreach() D:\www\mebook\App\Home\Common\function.php 第 62 行.
NOTIC: [8] Undefined index: cas_open D:\www\mebook\App\Home\Extend\PhpCas\PhpCasTool.class.php 第 44 行.
NOTIC: [8] Undefined index: url D:\www\mebook\App\Home\Extend\AdminMenu\AdminMenu.class.php 第 112 行.
NOTIC: [8] Undefined index: url D:\www\mebook\App\Home\Extend\AdminMenu\AdminMenu.class.php 第 113 行.
NOTIC: [8] Undefined index: url D:\www\mebook\App\Home\Extend\AdminMenu\AdminMenu.class.php 第 112 行.
NOTIC: [8] Undefined index: url D:\www\mebook\App\Home\Extend\AdminMenu\AdminMenu.class.php 第 113 行.
NOTIC: [8] Undefined index: url D:\www\mebook\App\Home\Extend\AdminMenu\AdminMenu.class.php 第 112 行.
NOTIC: [8] Undefined index: url D:\www\mebook\App\Home\Extend\AdminMenu\AdminMenu.class.php 第 113 行.
NOTIC: [8] Undefined index: url D:\www\mebook\App\Home\Extend\AdminMenu\AdminMenu.class.php 第 112 行.
NOTIC: [8] Undefined index: url D:\www\mebook\App\Home\Extend\AdminMenu\AdminMenu.class.php 第 113 行.
NOTIC: [8] Undefined index: url D:\www\mebook\App\Home\Extend\AdminMenu\AdminMenu.class.php 第 112 行.
NOTIC: [8] Undefined index: url D:\www\mebook\App\Home\Extend\AdminMenu\AdminMenu.class.php 第 113 行.
SQL: SHOW COLUMNS FROM `b_role` [ RunTime:0.008197s ]
SQL: SELECT `authority` FROM `b_role` WHERE ( role_code='admin' ) LIMIT 1   [ RunTime:0.003343s ]

[ 2017-03-24T18:01:51+08:00 ] 127.0.0.1 /User/role
INFO: [ app_init ] --START--
INFO: Run Behavior\BuildLiteBehavior [ RunTime:0.000032s ]
INFO: [ app_init ] --END-- [ RunTime:0.000534s ]
INFO: [ app_begin ] --START--
INFO: Run Behavior\ReadHtmlCacheBehavior [ RunTime:0.000528s ]
INFO: Run Behavior\CheckLangBehavior [ RunTime:0.001634s ]
INFO: [ app_begin ] --END-- [ RunTime:0.002373s ]
SQL: SHOW COLUMNS FROM `b_option` [ RunTime:0.004175s ]
ERR: 1146:Table 'mebook.b_option' doesn't exist
 [ SQL语句 ] : SHOW COLUMNS FROM `b_option`
SQL: SELECT * FROM `b_option` WHERE ( option_name='sys_reg_name' ) LIMIT 1   [ RunTime:0.000320s ]
ERR: 1146:Table 'mebook.b_option' doesn't exist
 [ SQL语句 ] : SELECT * FROM `b_option` WHERE ( option_name='sys_reg_name' ) LIMIT 1  
SQL: SHOW COLUMNS FROM `b_iplimit` [ RunTime:0.004190s ]
ERR: 1146:Table 'mebook.b_iplimit' doesn't exist
 [ SQL语句 ] : SHOW COLUMNS FROM `b_iplimit`
SQL: SELECT * FROM `b_option` WHERE `option_name` IN ('sys_ip_fail_type','sys_ip_type')  [ RunTime:0.000349s ]
ERR: 1146:Table 'mebook.b_option' doesn't exist
 [ SQL语句 ] : SELECT * FROM `b_option` WHERE `option_name` IN ('sys_ip_fail_type','sys_ip_type') 
NOTIC: [2] Invalid argument supplied for foreach() D:\www\mebook\App\Home\Common\function.php 第 62 行.
SQL: SELECT * FROM `b_iplimit` WHERE ( is_close=0 AND 2105834626 between ip_beg_val AND ip_end_val ) LIMIT 1   [ RunTime:0.000238s ]
ERR: 1146:Table 'mebook.b_iplimit' doesn't exist
 [ SQL语句 ] : SELECT * FROM `b_iplimit` WHERE ( is_close=0 AND 2105834626 between ip_beg_val AND ip_end_val ) LIMIT 1  
NOTIC: [8] Undefined index: sys_ip_fail_type D:\www\mebook\App\Home\Controller\BaseController.class.php 第 55 行.
SQL: SELECT * FROM `b_option` WHERE `option_name` IN ('cas_open','cas_ver','cas_host','cas_port','cas_uri')  [ RunTime:0.000411s ]
ERR: 1146:Table 'mebook.b_option' doesn't exist
 [ SQL语句 ] : SELECT * FROM `b_option` WHERE `option_name` IN ('cas_open','cas_ver','cas_host','cas_port','cas_uri') 
NOTIC: [2] Invalid argument supplied for foreach() D:\www\mebook\App\Home\Common\function.php 第 62 行.
NOTIC: [8] Undefined index: cas_open D:\www\mebook\App\Home\Extend\PhpCas\PhpCasTool.class.php 第 44 行.
SQL: SELECT * FROM `b_option` WHERE `option_name` IN ('cas_open','cas_ver','cas_host','cas_port','cas_uri')  [ RunTime:0.000354s ]
ERR: 1146:Table 'mebook.b_option' doesn't exist
 [ SQL语句 ] : SELECT * FROM `b_option` WHERE `option_name` IN ('cas_open','cas_ver','cas_host','cas_port','cas_uri') 
NOTIC: [2] Invalid argument supplied for foreach() D:\www\mebook\App\Home\Common\function.php 第 62 行.
NOTIC: [8] Undefined index: cas_open D:\www\mebook\App\Home\Extend\PhpCas\PhpCasTool.class.php 第 44 行.
NOTIC: [8] Undefined index: url D:\www\mebook\App\Home\Extend\AdminMenu\AdminMenu.class.php 第 112 行.
NOTIC: [8] Undefined index: url D:\www\mebook\App\Home\Extend\AdminMenu\AdminMenu.class.php 第 113 行.
NOTIC: [8] Undefined index: url D:\www\mebook\App\Home\Extend\AdminMenu\AdminMenu.class.php 第 112 行.
NOTIC: [8] Undefined index: url D:\www\mebook\App\Home\Extend\AdminMenu\AdminMenu.class.php 第 113 行.
NOTIC: [8] Undefined index: url D:\www\mebook\App\Home\Extend\AdminMenu\AdminMenu.class.php 第 112 行.
NOTIC: [8] Undefined index: url D:\www\mebook\App\Home\Extend\AdminMenu\AdminMenu.class.php 第 113 行.
NOTIC: [8] Undefined index: url D:\www\mebook\App\Home\Extend\AdminMenu\AdminMenu.class.php 第 112 行.
NOTIC: [8] Undefined index: url D:\www\mebook\App\Home\Extend\AdminMenu\AdminMenu.class.php 第 113 行.
NOTIC: [8] Undefined index: url D:\www\mebook\App\Home\Extend\AdminMenu\AdminMenu.class.php 第 112 行.
NOTIC: [8] Undefined index: url D:\www\mebook\App\Home\Extend\AdminMenu\AdminMenu.class.php 第 113 行.
SQL: SHOW COLUMNS FROM `b_role` [ RunTime:0.008275s ]
SQL: SELECT `authority` FROM `b_role` WHERE ( role_code='admin' ) LIMIT 1   [ RunTime:0.000398s ]
SQL: SELECT COUNT(0) AS tp_count FROM `b_role` LIMIT 1   [ RunTime:0.000202s ]
SQL: SELECT * FROM `b_role` LIMIT 0,10   [ RunTime:0.000200s ]
NOTIC: [8] Undefined index: attr D:\www\mebook\App\Home\View\Public\head_admin.php 第 43 行.
NOTIC: [8] Undefined index: attr D:\www\mebook\App\Home\View\Public\head_admin.php 第 43 行.
NOTIC: [8] Undefined index: attr D:\www\mebook\App\Home\View\Public\head_admin.php 第 43 行.
NOTIC: [8] Undefined index: attr D:\www\mebook\App\Home\View\Public\head_admin.php 第 43 行.
NOTIC: [8] Undefined index: attr D:\www\mebook\App\Home\View\Public\head_admin.php 第 43 行.
NOTIC: [8] Undefined index: attr D:\www\mebook\App\Home\View\Public\head_admin.php 第 60 行.
NOTIC: [8] Undefined index: attr D:\www\mebook\App\Home\View\Public\head_admin.php 第 60 行.
NOTIC: [8] Undefined index: attr D:\www\mebook\App\Home\View\Public\head_admin.php 第 60 行.
NOTIC: [8] Undefined index: attr D:\www\mebook\App\Home\View\Public\head_admin.php 第 60 行.
NOTIC: [8] Undefined index: attr D:\www\mebook\App\Home\View\Public\head_admin.php 第 60 行.
NOTIC: [8] Undefined index: attr D:\www\mebook\App\Home\View\Public\head_admin.php 第 60 行.
NOTIC: [8] Undefined index: attr D:\www\mebook\App\Home\View\Public\head_admin.php 第 60 行.
NOTIC: [8] Undefined index: attr D:\www\mebook\App\Home\View\Public\head_admin.php 第 60 行.
NOTIC: [8] Undefined index: attr D:\www\mebook\App\Home\View\Public\head_admin.php 第 60 行.
NOTIC: [8] Undefined variable: table_html D:\www\mebook\App\Home\View\User\role.php 第 147 行.
INFO: [ view_filter ] --START--
INFO: Run Behavior\WriteHtmlCacheBehavior [ RunTime:0.000325s ]
INFO: [ view_filter ] --END-- [ RunTime:0.000415s ]
INFO: [ app_end ] --START--
INFO: Run Behavior\ShowPageTraceBehavior [ RunTime:0.000781s ]
INFO: [ app_end ] --END-- [ RunTime:0.000932s ]

[ 2017-03-24T18:01:51+08:00 ] 127.0.0.1 /Public/css/home/bootstrap.min.css.map
INFO: [ app_init ] --START--
INFO: Run Behavior\BuildLiteBehavior [ RunTime:0.000046s ]
INFO: [ app_init ] --END-- [ RunTime:0.000769s ]
INFO: [ app_begin ] --START--
INFO: Run Behavior\ReadHtmlCacheBehavior [ RunTime:0.000696s ]
INFO: Run Behavior\CheckLangBehavior [ RunTime:0.001533s ]
INFO: [ app_begin ] --END-- [ RunTime:0.002488s ]
ERR: 无法加载控制器:Public

[ 2017-03-24T18:01:51+08:00 ] 127.0.0.1 /User/role
INFO: [ app_init ] --START--
INFO: Run Behavior\BuildLiteBehavior [ RunTime:0.000057s ]
INFO: [ app_init ] --END-- [ RunTime:0.000860s ]
INFO: [ app_begin ] --START--
INFO: Run Behavior\ReadHtmlCacheBehavior [ RunTime:0.000973s ]
INFO: Run Behavior\CheckLangBehavior [ RunTime:0.002117s ]
INFO: [ app_begin ] --END-- [ RunTime:0.003379s ]
SQL: SHOW COLUMNS FROM `b_option` [ RunTime:0.004705s ]
ERR: 1146:Table 'mebook.b_option' doesn't exist
 [ SQL语句 ] : SHOW COLUMNS FROM `b_option`
SQL: SELECT * FROM `b_option` WHERE ( option_name='sys_reg_name' ) LIMIT 1   [ RunTime:0.000484s ]
ERR: 1146:Table 'mebook.b_option' doesn't exist
 [ SQL语句 ] : SELECT * FROM `b_option` WHERE ( option_name='sys_reg_name' ) LIMIT 1  
SQL: SHOW COLUMNS FROM `b_iplimit` [ RunTime:0.004833s ]
ERR: 1146:Table 'mebook.b_iplimit' doesn't exist
 [ SQL语句 ] : SHOW COLUMNS FROM `b_iplimit`
SQL: SELECT * FROM `b_option` WHERE `option_name` IN ('sys_ip_fail_type','sys_ip_type')  [ RunTime:0.000506s ]
ERR: 1146:Table 'mebook.b_option' doesn't exist
 [ SQL语句 ] : SELECT * FROM `b_option` WHERE `option_name` IN ('sys_ip_fail_type','sys_ip_type') 
NOTIC: [2] Invalid argument supplied for foreach() D:\www\mebook\App\Home\Common\function.php 第 62 行.
SQL: SELECT * FROM `b_iplimit` WHERE ( is_close=0 AND 2105834626 between ip_beg_val AND ip_end_val ) LIMIT 1   [ RunTime:0.000330s ]
ERR: 1146:Table 'mebook.b_iplimit' doesn't exist
 [ SQL语句 ] : SELECT * FROM `b_iplimit` WHERE ( is_close=0 AND 2105834626 between ip_beg_val AND ip_end_val ) LIMIT 1  
NOTIC: [8] Undefined index: sys_ip_fail_type D:\www\mebook\App\Home\Controller\BaseController.class.php 第 55 行.
SQL: SELECT * FROM `b_option` WHERE `option_name` IN ('cas_open','cas_ver','cas_host','cas_port','cas_uri')  [ RunTime:0.000576s ]
ERR: 1146:Table 'mebook.b_option' doesn't exist
 [ SQL语句 ] : SELECT * FROM `b_option` WHERE `option_name` IN ('cas_open','cas_ver','cas_host','cas_port','cas_uri') 
NOTIC: [2] Invalid argument supplied for foreach() D:\www\mebook\App\Home\Common\function.php 第 62 行.
NOTIC: [8] Undefined index: cas_open D:\www\mebook\App\Home\Extend\PhpCas\PhpCasTool.class.php 第 44 行.
SQL: SELECT * FROM `b_option` WHERE `option_name` IN ('cas_open','cas_ver','cas_host','cas_port','cas_uri')  [ RunTime:0.000728s ]
ERR: 1146:Table 'mebook.b_option' doesn't exist
 [ SQL语句 ] : SELECT * FROM `b_option` WHERE `option_name` IN ('cas_open','cas_ver','cas_host','cas_port','cas_uri') 
NOTIC: [2] Invalid argument supplied for foreach() D:\www\mebook\App\Home\Common\function.php 第 62 行.
NOTIC: [8] Undefined index: cas_open D:\www\mebook\App\Home\Extend\PhpCas\PhpCasTool.class.php 第 44 行.
NOTIC: [8] Undefined index: url D:\www\mebook\App\Home\Extend\AdminMenu\AdminMenu.class.php 第 112 行.
NOTIC: [8] Undefined index: url D:\www\mebook\App\Home\Extend\AdminMenu\AdminMenu.class.php 第 113 行.
NOTIC: [8] Undefined index: url D:\www\mebook\App\Home\Extend\AdminMenu\AdminMenu.class.php 第 112 行.
NOTIC: [8] Undefined index: url D:\www\mebook\App\Home\Extend\AdminMenu\AdminMenu.class.php 第 113 行.
NOTIC: [8] Undefined index: url D:\www\mebook\App\Home\Extend\AdminMenu\AdminMenu.class.php 第 112 行.
NOTIC: [8] Undefined index: url D:\www\mebook\App\Home\Extend\AdminMenu\AdminMenu.class.php 第 113 行.
NOTIC: [8] Undefined index: url D:\www\mebook\App\Home\Extend\AdminMenu\AdminMenu.class.php 第 112 行.
NOTIC: [8] Undefined index: url D:\www\mebook\App\Home\Extend\AdminMenu\AdminMenu.class.php 第 113 行.
NOTIC: [8] Undefined index: url D:\www\mebook\App\Home\Extend\AdminMenu\AdminMenu.class.php 第 112 行.
NOTIC: [8] Undefined index: url D:\www\mebook\App\Home\Extend\AdminMenu\AdminMenu.class.php 第 113 行.
SQL: SHOW COLUMNS FROM `b_role` [ RunTime:0.004926s ]
SQL: SELECT `authority` FROM `b_role` WHERE ( role_code='admin' ) LIMIT 1   [ RunTime:0.000272s ]

[ 2017-03-24T18:02:40+08:00 ] 127.0.0.1 /User/role
INFO: [ app_init ] --START--
INFO: Run Behavior\BuildLiteBehavior [ RunTime:0.000029s ]
INFO: [ app_init ] --END-- [ RunTime:0.000464s ]
INFO: [ app_begin ] --START--
INFO: Run Behavior\ReadHtmlCacheBehavior [ RunTime:0.000511s ]
INFO: Run Behavior\CheckLangBehavior [ RunTime:0.001273s ]
INFO: [ app_begin ] --END-- [ RunTime:0.001921s ]
SQL: SHOW COLUMNS FROM `b_option` [ RunTime:0.003356s ]
ERR: 1146:Table 'mebook.b_option' doesn't exist
 [ SQL语句 ] : SHOW COLUMNS FROM `b_option`
SQL: SELECT * FROM `b_option` WHERE ( option_name='sys_reg_name' ) LIMIT 1   [ RunTime:0.000306s ]
ERR: 1146:Table 'mebook.b_option' doesn't exist
 [ SQL语句 ] : SELECT * FROM `b_option` WHERE ( option_name='sys_reg_name' ) LIMIT 1  
SQL: SHOW COLUMNS FROM `b_iplimit` [ RunTime:0.003296s ]
ERR: 1146:Table 'mebook.b_iplimit' doesn't exist
 [ SQL语句 ] : SHOW COLUMNS FROM `b_iplimit`
SQL: SELECT * FROM `b_option` WHERE `option_name` IN ('sys_ip_fail_type','sys_ip_type')  [ RunTime:0.000328s ]
ERR: 1146:Table 'mebook.b_option' doesn't exist
 [ SQL语句 ] : SELECT * FROM `b_option` WHERE `option_name` IN ('sys_ip_fail_type','sys_ip_type') 
NOTIC: [2] Invalid argument supplied for foreach() D:\www\mebook\App\Home\Common\function.php 第 62 行.
SQL: SELECT * FROM `b_iplimit` WHERE ( is_close=0 AND 2105834626 between ip_beg_val AND ip_end_val ) LIMIT 1   [ RunTime:0.000424s ]
ERR: 1146:Table 'mebook.b_iplimit' doesn't exist
 [ SQL语句 ] : SELECT * FROM `b_iplimit` WHERE ( is_close=0 AND 2105834626 between ip_beg_val AND ip_end_val ) LIMIT 1  
NOTIC: [8] Undefined index: sys_ip_fail_type D:\www\mebook\App\Home\Controller\BaseController.class.php 第 55 行.
SQL: SELECT * FROM `b_option` WHERE `option_name` IN ('cas_open','cas_ver','cas_host','cas_port','cas_uri')  [ RunTime:0.000452s ]
ERR: 1146:Table 'mebook.b_option' doesn't exist
 [ SQL语句 ] : SELECT * FROM `b_option` WHERE `option_name` IN ('cas_open','cas_ver','cas_host','cas_port','cas_uri') 
NOTIC: [2] Invalid argument supplied for foreach() D:\www\mebook\App\Home\Common\function.php 第 62 行.
NOTIC: [8] Undefined index: cas_open D:\www\mebook\App\Home\Extend\PhpCas\PhpCasTool.class.php 第 44 行.
SQL: SELECT * FROM `b_option` WHERE `option_name` IN ('cas_open','cas_ver','cas_host','cas_port','cas_uri')  [ RunTime:0.001077s ]
ERR: 1146:Table 'mebook.b_option' doesn't exist
 [ SQL语句 ] : SELECT * FROM `b_option` WHERE `option_name` IN ('cas_open','cas_ver','cas_host','cas_port','cas_uri') 
NOTIC: [2] Invalid argument supplied for foreach() D:\www\mebook\App\Home\Common\function.php 第 62 行.
NOTIC: [8] Undefined index: cas_open D:\www\mebook\App\Home\Extend\PhpCas\PhpCasTool.class.php 第 44 行.
NOTIC: [8] Undefined index: url D:\www\mebook\App\Home\Extend\AdminMenu\AdminMenu.class.php 第 112 行.
NOTIC: [8] Undefined index: url D:\www\mebook\App\Home\Extend\AdminMenu\AdminMenu.class.php 第 113 行.
NOTIC: [8] Undefined index: url D:\www\mebook\App\Home\Extend\AdminMenu\AdminMenu.class.php 第 112 行.
NOTIC: [8] Undefined index: url D:\www\mebook\App\Home\Extend\AdminMenu\AdminMenu.class.php 第 113 行.
NOTIC: [8] Undefined index: url D:\www\mebook\App\Home\Extend\AdminMenu\AdminMenu.class.php 第 112 行.
NOTIC: [8] Undefined index: url D:\www\mebook\App\Home\Extend\AdminMenu\AdminMenu.class.php 第 113 行.
NOTIC: [8] Undefined index: url D:\www\mebook\App\Home\Extend\AdminMenu\AdminMenu.class.php 第 112 行.
NOTIC: [8] Undefined index: url D:\www\mebook\App\Home\Extend\AdminMenu\AdminMenu.class.php 第 113 行.
NOTIC: [8] Undefined index: url D:\www\mebook\App\Home\Extend\AdminMenu\AdminMenu.class.php 第 112 行.
NOTIC: [8] Undefined index: url D:\www\mebook\App\Home\Extend\AdminMenu\AdminMenu.class.php 第 113 行.
SQL: SHOW COLUMNS FROM `b_role` [ RunTime:0.005416s ]
SQL: SELECT `authority` FROM `b_role` WHERE ( role_code='admin' ) LIMIT 1   [ RunTime:0.000366s ]
SQL: SELECT COUNT(0) AS tp_count FROM `b_role` LIMIT 1   [ RunTime:0.000163s ]
SQL: SELECT * FROM `b_role` LIMIT 0,10   [ RunTime:0.000261s ]
NOTIC: [8] Undefined index: attr D:\www\mebook\App\Home\View\Public\head_admin.php 第 43 行.
NOTIC: [8] Undefined index: attr D:\www\mebook\App\Home\View\Public\head_admin.php 第 43 行.
NOTIC: [8] Undefined index: attr D:\www\mebook\App\Home\View\Public\head_admin.php 第 43 行.
NOTIC: [8] Undefined index: attr D:\www\mebook\App\Home\View\Public\head_admin.php 第 43 行.
NOTIC: [8] Undefined index: attr D:\www\mebook\App\Home\View\Public\head_admin.php 第 43 行.
NOTIC: [8] Undefined index: attr D:\www\mebook\App\Home\View\Public\head_admin.php 第 60 行.
NOTIC: [8] Undefined index: attr D:\www\mebook\App\Home\View\Public\head_admin.php 第 60 行.
NOTIC: [8] Undefined index: attr D:\www\mebook\App\Home\View\Public\head_admin.php 第 60 行.
NOTIC: [8] Undefined index: attr D:\www\mebook\App\Home\View\Public\head_admin.php 第 60 行.
NOTIC: [8] Undefined index: attr D:\www\mebook\App\Home\View\Public\head_admin.php 第 60 行.
NOTIC: [8] Undefined index: attr D:\www\mebook\App\Home\View\Public\head_admin.php 第 60 行.
NOTIC: [8] Undefined index: attr D:\www\mebook\App\Home\View\Public\head_admin.php 第 60 行.
NOTIC: [8] Undefined index: attr D:\www\mebook\App\Home\View\Public\head_admin.php 第 60 行.
NOTIC: [8] Undefined index: attr D:\www\mebook\App\Home\View\Public\head_admin.php 第 60 行.
NOTIC: [8] Undefined variable: table_html D:\www\mebook\App\Home\View\User\role.php 第 147 行.
INFO: [ view_filter ] --START--
INFO: Run Behavior\WriteHtmlCacheBehavior [ RunTime:0.000308s ]
INFO: [ view_filter ] --END-- [ RunTime:0.000402s ]
INFO: [ app_end ] --START--
INFO: Run Behavior\ShowPageTraceBehavior [ RunTime:0.000869s ]
INFO: [ app_end ] --END-- [ RunTime:0.000966s ]

[ 2017-03-24T18:02:40+08:00 ] 127.0.0.1 /Public/css/home/bootstrap.min.css.map
INFO: [ app_init ] --START--
INFO: Run Behavior\BuildLiteBehavior [ RunTime:0.000049s ]
INFO: [ app_init ] --END-- [ RunTime:0.000880s ]
INFO: [ app_begin ] --START--
INFO: Run Behavior\ReadHtmlCacheBehavior [ RunTime:0.001125s ]
INFO: Run Behavior\CheckLangBehavior [ RunTime:0.001914s ]
INFO: [ app_begin ] --END-- [ RunTime:0.003328s ]
ERR: 无法加载控制器:Public

[ 2017-03-24T18:02:40+08:00 ] 127.0.0.1 /User/role
INFO: [ app_init ] --START--
INFO: Run Behavior\BuildLiteBehavior [ RunTime:0.000051s ]
INFO: [ app_init ] --END-- [ RunTime:0.000840s ]
INFO: [ app_begin ] --START--
INFO: Run Behavior\ReadHtmlCacheBehavior [ RunTime:0.001957s ]
INFO: Run Behavior\CheckLangBehavior [ RunTime:0.004095s ]
INFO: [ app_begin ] --END-- [ RunTime:0.006342s ]
SQL: SHOW COLUMNS FROM `b_option` [ RunTime:0.004483s ]
ERR: 1146:Table 'mebook.b_option' doesn't exist
 [ SQL语句 ] : SHOW COLUMNS FROM `b_option`
SQL: SELECT * FROM `b_option` WHERE ( option_name='sys_reg_name' ) LIMIT 1   [ RunTime:0.000505s ]
ERR: 1146:Table 'mebook.b_option' doesn't exist
 [ SQL语句 ] : SELECT * FROM `b_option` WHERE ( option_name='sys_reg_name' ) LIMIT 1  
SQL: SHOW COLUMNS FROM `b_iplimit` [ RunTime:0.004805s ]
ERR: 1146:Table 'mebook.b_iplimit' doesn't exist
 [ SQL语句 ] : SHOW COLUMNS FROM `b_iplimit`
SQL: SELECT * FROM `b_option` WHERE `option_name` IN ('sys_ip_fail_type','sys_ip_type')  [ RunTime:0.000424s ]
ERR: 1146:Table 'mebook.b_option' doesn't exist
 [ SQL语句 ] : SELECT * FROM `b_option` WHERE `option_name` IN ('sys_ip_fail_type','sys_ip_type') 
NOTIC: [2] Invalid argument supplied for foreach() D:\www\mebook\App\Home\Common\function.php 第 62 行.
SQL: SELECT * FROM `b_iplimit` WHERE ( is_close=0 AND 2105834626 between ip_beg_val AND ip_end_val ) LIMIT 1   [ RunTime:0.000322s ]
ERR: 1146:Table 'mebook.b_iplimit' doesn't exist
 [ SQL语句 ] : SELECT * FROM `b_iplimit` WHERE ( is_close=0 AND 2105834626 between ip_beg_val AND ip_end_val ) LIMIT 1  
NOTIC: [8] Undefined index: sys_ip_fail_type D:\www\mebook\App\Home\Controller\BaseController.class.php 第 55 行.
SQL: SELECT * FROM `b_option` WHERE `option_name` IN ('cas_open','cas_ver','cas_host','cas_port','cas_uri')  [ RunTime:0.000627s ]
ERR: 1146:Table 'mebook.b_option' doesn't exist
 [ SQL语句 ] : SELECT * FROM `b_option` WHERE `option_name` IN ('cas_open','cas_ver','cas_host','cas_port','cas_uri') 
NOTIC: [2] Invalid argument supplied for foreach() D:\www\mebook\App\Home\Common\function.php 第 62 行.
NOTIC: [8] Undefined index: cas_open D:\www\mebook\App\Home\Extend\PhpCas\PhpCasTool.class.php 第 44 行.
SQL: SELECT * FROM `b_option` WHERE `option_name` IN ('cas_open','cas_ver','cas_host','cas_port','cas_uri')  [ RunTime:0.000532s ]
ERR: 1146:Table 'mebook.b_option' doesn't exist
 [ SQL语句 ] : SELECT * FROM `b_option` WHERE `option_name` IN ('cas_open','cas_ver','cas_host','cas_port','cas_uri') 
NOTIC: [2] Invalid argument supplied for foreach() D:\www\mebook\App\Home\Common\function.php 第 62 行.
NOTIC: [8] Undefined index: cas_open D:\www\mebook\App\Home\Extend\PhpCas\PhpCasTool.class.php 第 44 行.
NOTIC: [8] Undefined index: url D:\www\mebook\App\Home\Extend\AdminMenu\AdminMenu.class.php 第 112 行.
NOTIC: [8] Undefined index: url D:\www\mebook\App\Home\Extend\AdminMenu\AdminMenu.class.php 第 113 行.
NOTIC: [8] Undefined index: url D:\www\mebook\App\Home\Extend\AdminMenu\AdminMenu.class.php 第 112 行.
NOTIC: [8] Undefined index: url D:\www\mebook\App\Home\Extend\AdminMenu\AdminMenu.class.php 第 113 行.
NOTIC: [8] Undefined index: url D:\www\mebook\App\Home\Extend\AdminMenu\AdminMenu.class.php 第 112 行.
NOTIC: [8] Undefined index: url D:\www\mebook\App\Home\Extend\AdminMenu\AdminMenu.class.php 第 113 行.
NOTIC: [8] Undefined index: url D:\www\mebook\App\Home\Extend\AdminMenu\AdminMenu.class.php 第 112 行.
NOTIC: [8] Undefined index: url D:\www\mebook\App\Home\Extend\AdminMenu\AdminMenu.class.php 第 113 行.
NOTIC: [8] Undefined index: url D:\www\mebook\App\Home\Extend\AdminMenu\AdminMenu.class.php 第 112 行.
NOTIC: [8] Undefined index: url D:\www\mebook\App\Home\Extend\AdminMenu\AdminMenu.class.php 第 113 行.
SQL: SHOW COLUMNS FROM `b_role` [ RunTime:0.005779s ]
SQL: SELECT `authority` FROM `b_role` WHERE ( role_code='admin' ) LIMIT 1   [ RunTime:0.000273s ]

[ 2017-03-24T18:03:24+08:00 ] 127.0.0.1 /User/role
INFO: [ app_init ] --START--
INFO: Run Behavior\BuildLiteBehavior [ RunTime:0.000031s ]
INFO: [ app_init ] --END-- [ RunTime:0.000660s ]
INFO: [ app_begin ] --START--
INFO: Run Behavior\ReadHtmlCacheBehavior [ RunTime:0.000525s ]
INFO: Run Behavior\CheckLangBehavior [ RunTime:0.001583s ]
INFO: [ app_begin ] --END-- [ RunTime:0.002277s ]
SQL: SHOW COLUMNS FROM `b_option` [ RunTime:0.003323s ]
ERR: 1146:Table 'mebook.b_option' doesn't exist
 [ SQL语句 ] : SHOW COLUMNS FROM `b_option`
SQL: SELECT * FROM `b_option` WHERE ( option_name='sys_reg_name' ) LIMIT 1   [ RunTime:0.000302s ]
ERR: 1146:Table 'mebook.b_option' doesn't exist
 [ SQL语句 ] : SELECT * FROM `b_option` WHERE ( option_name='sys_reg_name' ) LIMIT 1  
SQL: SHOW COLUMNS FROM `b_iplimit` [ RunTime:0.003772s ]
ERR: 1146:Table 'mebook.b_iplimit' doesn't exist
 [ SQL语句 ] : SHOW COLUMNS FROM `b_iplimit`
SQL: SELECT * FROM `b_option` WHERE `option_name` IN ('sys_ip_fail_type','sys_ip_type')  [ RunTime:0.000404s ]
ERR: 1146:Table 'mebook.b_option' doesn't exist
 [ SQL语句 ] : SELECT * FROM `b_option` WHERE `option_name` IN ('sys_ip_fail_type','sys_ip_type') 
NOTIC: [2] Invalid argument supplied for foreach() D:\www\mebook\App\Home\Common\function.php 第 62 行.
SQL: SELECT * FROM `b_iplimit` WHERE ( is_close=0 AND 2105834626 between ip_beg_val AND ip_end_val ) LIMIT 1   [ RunTime:0.000299s ]
ERR: 1146:Table 'mebook.b_iplimit' doesn't exist
 [ SQL语句 ] : SELECT * FROM `b_iplimit` WHERE ( is_close=0 AND 2105834626 between ip_beg_val AND ip_end_val ) LIMIT 1  
NOTIC: [8] Undefined index: sys_ip_fail_type D:\www\mebook\App\Home\Controller\BaseController.class.php 第 55 行.
SQL: SELECT * FROM `b_option` WHERE `option_name` IN ('cas_open','cas_ver','cas_host','cas_port','cas_uri')  [ RunTime:0.000625s ]
ERR: 1146:Table 'mebook.b_option' doesn't exist
 [ SQL语句 ] : SELECT * FROM `b_option` WHERE `option_name` IN ('cas_open','cas_ver','cas_host','cas_port','cas_uri') 
NOTIC: [2] Invalid argument supplied for foreach() D:\www\mebook\App\Home\Common\function.php 第 62 行.
NOTIC: [8] Undefined index: cas_open D:\www\mebook\App\Home\Extend\PhpCas\PhpCasTool.class.php 第 44 行.
SQL: SELECT * FROM `b_option` WHERE `option_name` IN ('cas_open','cas_ver','cas_host','cas_port','cas_uri')  [ RunTime:0.000322s ]
ERR: 1146:Table 'mebook.b_option' doesn't exist
 [ SQL语句 ] : SELECT * FROM `b_option` WHERE `option_name` IN ('cas_open','cas_ver','cas_host','cas_port','cas_uri') 
NOTIC: [2] Invalid argument supplied for foreach() D:\www\mebook\App\Home\Common\function.php 第 62 行.
NOTIC: [8] Undefined index: cas_open D:\www\mebook\App\Home\Extend\PhpCas\PhpCasTool.class.php 第 44 行.
NOTIC: [8] Undefined index: url D:\www\mebook\App\Home\Extend\AdminMenu\AdminMenu.class.php 第 112 行.
NOTIC: [8] Undefined index: url D:\www\mebook\App\Home\Extend\AdminMenu\AdminMenu.class.php 第 113 行.
NOTIC: [8] Undefined index: url D:\www\mebook\App\Home\Extend\AdminMenu\AdminMenu.class.php 第 112 行.
NOTIC: [8] Undefined index: url D:\www\mebook\App\Home\Extend\AdminMenu\AdminMenu.class.php 第 113 行.
NOTIC: [8] Undefined index: url D:\www\mebook\App\Home\Extend\AdminMenu\AdminMenu.class.php 第 112 行.
NOTIC: [8] Undefined index: url D:\www\mebook\App\Home\Extend\AdminMenu\AdminMenu.class.php 第 113 行.
NOTIC: [8] Undefined index: url D:\www\mebook\App\Home\Extend\AdminMenu\AdminMenu.class.php 第 112 行.
NOTIC: [8] Undefined index: url D:\www\mebook\App\Home\Extend\AdminMenu\AdminMenu.class.php 第 113 行.
NOTIC: [8] Undefined index: url D:\www\mebook\App\Home\Extend\AdminMenu\AdminMenu.class.php 第 112 行.
NOTIC: [8] Undefined index: url D:\www\mebook\App\Home\Extend\AdminMenu\AdminMenu.class.php 第 113 行.
SQL: SHOW COLUMNS FROM `b_role` [ RunTime:0.004752s ]
SQL: SELECT `authority` FROM `b_role` WHERE ( role_code='admin' ) LIMIT 1   [ RunTime:0.000243s ]
SQL: SELECT COUNT(0) AS tp_count FROM `b_role` LIMIT 1   [ RunTime:0.000149s ]
SQL: SELECT * FROM `b_role` LIMIT 0,10   [ RunTime:0.000283s ]
NOTIC: [8] Undefined index: attr D:\www\mebook\App\Home\View\Public\head_admin.php 第 43 行.
NOTIC: [8] Undefined index: attr D:\www\mebook\App\Home\View\Public\head_admin.php 第 43 行.
NOTIC: [8] Undefined index: attr D:\www\mebook\App\Home\View\Public\head_admin.php 第 43 行.
NOTIC: [8] Undefined index: attr D:\www\mebook\App\Home\View\Public\head_admin.php 第 43 行.
NOTIC: [8] Undefined index: attr D:\www\mebook\App\Home\View\Public\head_admin.php 第 43 行.
NOTIC: [8] Undefined index: attr D:\www\mebook\App\Home\View\Public\head_admin.php 第 60 行.
NOTIC: [8] Undefined index: attr D:\www\mebook\App\Home\View\Public\head_admin.php 第 60 行.
NOTIC: [8] Undefined index: attr D:\www\mebook\App\Home\View\Public\head_admin.php 第 60 行.
NOTIC: [8] Undefined index: attr D:\www\mebook\App\Home\View\Public\head_admin.php 第 60 行.
NOTIC: [8] Undefined index: attr D:\www\mebook\App\Home\View\Public\head_admin.php 第 60 行.
NOTIC: [8] Undefined index: attr D:\www\mebook\App\Home\View\Public\head_admin.php 第 60 行.
NOTIC: [8] Undefined index: attr D:\www\mebook\App\Home\View\Public\head_admin.php 第 60 行.
NOTIC: [8] Undefined index: attr D:\www\mebook\App\Home\View\Public\head_admin.php 第 60 行.
NOTIC: [8] Undefined index: attr D:\www\mebook\App\Home\View\Public\head_admin.php 第 60 行.
NOTIC: [8] Undefined variable: table_html D:\www\mebook\App\Home\View\User\role.php 第 147 行.
INFO: [ view_filter ] --START--
INFO: Run Behavior\WriteHtmlCacheBehavior [ RunTime:0.000272s ]
INFO: [ view_filter ] --END-- [ RunTime:0.000359s ]
INFO: [ app_end ] --START--
INFO: Run Behavior\ShowPageTraceBehavior [ RunTime:0.000691s ]
INFO: [ app_end ] --END-- [ RunTime:0.000797s ]

[ 2017-03-24T18:03:24+08:00 ] 127.0.0.1 /Public/css/home/bootstrap.min.css.map
INFO: [ app_init ] --START--
INFO: Run Behavior\BuildLiteBehavior [ RunTime:0.000051s ]
INFO: [ app_init ] --END-- [ RunTime:0.000682s ]
INFO: [ app_begin ] --START--
INFO: Run Behavior\ReadHtmlCacheBehavior [ RunTime:0.000631s ]
INFO: Run Behavior\CheckLangBehavior [ RunTime:0.001567s ]
INFO: [ app_begin ] --END-- [ RunTime:0.002456s ]
ERR: 无法加载控制器:Public

[ 2017-03-24T18:03:25+08:00 ] 127.0.0.1 /User/role
INFO: [ app_init ] --START--
INFO: Run Behavior\BuildLiteBehavior [ RunTime:0.000049s ]
INFO: [ app_init ] --END-- [ RunTime:0.000772s ]
INFO: [ app_begin ] --START--
INFO: Run Behavior\ReadHtmlCacheBehavior [ RunTime:0.000898s ]
INFO: Run Behavior\CheckLangBehavior [ RunTime:0.002692s ]
INFO: [ app_begin ] --END-- [ RunTime:0.003869s ]
SQL: SHOW COLUMNS FROM `b_option` [ RunTime:0.007686s ]
ERR: 1146:Table 'mebook.b_option' doesn't exist
 [ SQL语句 ] : SHOW COLUMNS FROM `b_option`
SQL: SELECT * FROM `b_option` WHERE ( option_name='sys_reg_name' ) LIMIT 1   [ RunTime:0.000601s ]
ERR: 1146:Table 'mebook.b_option' doesn't exist
 [ SQL语句 ] : SELECT * FROM `b_option` WHERE ( option_name='sys_reg_name' ) LIMIT 1  
SQL: SHOW COLUMNS FROM `b_iplimit` [ RunTime:0.005096s ]
ERR: 1146:Table 'mebook.b_iplimit' doesn't exist
 [ SQL语句 ] : SHOW COLUMNS FROM `b_iplimit`
SQL: SELECT * FROM `b_option` WHERE `option_name` IN ('sys_ip_fail_type','sys_ip_type')  [ RunTime:0.000481s ]
ERR: 1146:Table 'mebook.b_option' doesn't exist
 [ SQL语句 ] : SELECT * FROM `b_option` WHERE `option_name` IN ('sys_ip_fail_type','sys_ip_type') 
NOTIC: [2] Invalid argument supplied for foreach() D:\www\mebook\App\Home\Common\function.php 第 62 行.
SQL: SELECT * FROM `b_iplimit` WHERE ( is_close=0 AND 2105834626 between ip_beg_val AND ip_end_val ) LIMIT 1   [ RunTime:0.000389s ]
ERR: 1146:Table 'mebook.b_iplimit' doesn't exist
 [ SQL语句 ] : SELECT * FROM `b_iplimit` WHERE ( is_close=0 AND 2105834626 between ip_beg_val AND ip_end_val ) LIMIT 1  
NOTIC: [8] Undefined index: sys_ip_fail_type D:\www\mebook\App\Home\Controller\BaseController.class.php 第 55 行.
SQL: SELECT * FROM `b_option` WHERE `option_name` IN ('cas_open','cas_ver','cas_host','cas_port','cas_uri')  [ RunTime:0.000544s ]
ERR: 1146:Table 'mebook.b_option' doesn't exist
 [ SQL语句 ] : SELECT * FROM `b_option` WHERE `option_name` IN ('cas_open','cas_ver','cas_host','cas_port','cas_uri') 
NOTIC: [2] Invalid argument supplied for foreach() D:\www\mebook\App\Home\Common\function.php 第 62 行.
NOTIC: [8] Undefined index: cas_open D:\www\mebook\App\Home\Extend\PhpCas\PhpCasTool.class.php 第 44 行.
SQL: SELECT * FROM `b_option` WHERE `option_name` IN ('cas_open','cas_ver','cas_host','cas_port','cas_uri')  [ RunTime:0.000582s ]
ERR: 1146:Table 'mebook.b_option' doesn't exist
 [ SQL语句 ] : SELECT * FROM `b_option` WHERE `option_name` IN ('cas_open','cas_ver','cas_host','cas_port','cas_uri') 
NOTIC: [2] Invalid argument supplied for foreach() D:\www\mebook\App\Home\Common\function.php 第 62 行.
NOTIC: [8] Undefined index: cas_open D:\www\mebook\App\Home\Extend\PhpCas\PhpCasTool.class.php 第 44 行.
NOTIC: [8] Undefined index: url D:\www\mebook\App\Home\Extend\AdminMenu\AdminMenu.class.php 第 112 行.
NOTIC: [8] Undefined index: url D:\www\mebook\App\Home\Extend\AdminMenu\AdminMenu.class.php 第 113 行.
NOTIC: [8] Undefined index: url D:\www\mebook\App\Home\Extend\AdminMenu\AdminMenu.class.php 第 112 行.
NOTIC: [8] Undefined index: url D:\www\mebook\App\Home\Extend\AdminMenu\AdminMenu.class.php 第 113 行.
NOTIC: [8] Undefined index: url D:\www\mebook\App\Home\Extend\AdminMenu\AdminMenu.class.php 第 112 行.
NOTIC: [8] Undefined index: url D:\www\mebook\App\Home\Extend\AdminMenu\AdminMenu.class.php 第 113 行.
NOTIC: [8] Undefined index: url D:\www\mebook\App\Home\Extend\AdminMenu\AdminMenu.class.php 第 112 行.
NOTIC: [8] Undefined index: url D:\www\mebook\App\Home\Extend\AdminMenu\AdminMenu.class.php 第 113 行.
NOTIC: [8] Undefined index: url D:\www\mebook\App\Home\Extend\AdminMenu\AdminMenu.class.php 第 112 行.
NOTIC: [8] Undefined index: url D:\www\mebook\App\Home\Extend\AdminMenu\AdminMenu.class.php 第 113 行.
SQL: SHOW COLUMNS FROM `b_role` [ RunTime:0.005507s ]
SQL: SELECT `authority` FROM `b_role` WHERE ( role_code='admin' ) LIMIT 1   [ RunTime:0.000364s ]

[ 2017-03-24T18:03:37+08:00 ] 127.0.0.1 /User/role
INFO: [ app_init ] --START--
INFO: Run Behavior\BuildLiteBehavior [ RunTime:0.000028s ]
INFO: [ app_init ] --END-- [ RunTime:0.000522s ]
INFO: [ app_begin ] --START--
INFO: Run Behavior\ReadHtmlCacheBehavior [ RunTime:0.000604s ]
INFO: Run Behavior\CheckLangBehavior [ RunTime:0.001275s ]
INFO: [ app_begin ] --END-- [ RunTime:0.002037s ]
SQL: SHOW COLUMNS FROM `b_option` [ RunTime:0.004440s ]
ERR: 1146:Table 'mebook.b_option' doesn't exist
 [ SQL语句 ] : SHOW COLUMNS FROM `b_option`
SQL: SELECT * FROM `b_option` WHERE ( option_name='sys_reg_name' ) LIMIT 1   [ RunTime:0.000412s ]
ERR: 1146:Table 'mebook.b_option' doesn't exist
 [ SQL语句 ] : SELECT * FROM `b_option` WHERE ( option_name='sys_reg_name' ) LIMIT 1  
SQL: SHOW COLUMNS FROM `b_iplimit` [ RunTime:0.005394s ]
ERR: 1146:Table 'mebook.b_iplimit' doesn't exist
 [ SQL语句 ] : SHOW COLUMNS FROM `b_iplimit`
SQL: SELECT * FROM `b_option` WHERE `option_name` IN ('sys_ip_fail_type','sys_ip_type')  [ RunTime:0.000702s ]
ERR: 1146:Table 'mebook.b_option' doesn't exist
 [ SQL语句 ] : SELECT * FROM `b_option` WHERE `option_name` IN ('sys_ip_fail_type','sys_ip_type') 
NOTIC: [2] Invalid argument supplied for foreach() D:\www\mebook\App\Home\Common\function.php 第 62 行.
SQL: SELECT * FROM `b_iplimit` WHERE ( is_close=0 AND 2105834626 between ip_beg_val AND ip_end_val ) LIMIT 1   [ RunTime:0.000412s ]
ERR: 1146:Table 'mebook.b_iplimit' doesn't exist
 [ SQL语句 ] : SELECT * FROM `b_iplimit` WHERE ( is_close=0 AND 2105834626 between ip_beg_val AND ip_end_val ) LIMIT 1  
NOTIC: [8] Undefined index: sys_ip_fail_type D:\www\mebook\App\Home\Controller\BaseController.class.php 第 55 行.
SQL: SELECT * FROM `b_option` WHERE `option_name` IN ('cas_open','cas_ver','cas_host','cas_port','cas_uri')  [ RunTime:0.000613s ]
ERR: 1146:Table 'mebook.b_option' doesn't exist
 [ SQL语句 ] : SELECT * FROM `b_option` WHERE `option_name` IN ('cas_open','cas_ver','cas_host','cas_port','cas_uri') 
NOTIC: [2] Invalid argument supplied for foreach() D:\www\mebook\App\Home\Common\function.php 第 62 行.
NOTIC: [8] Undefined index: cas_open D:\www\mebook\App\Home\Extend\PhpCas\PhpCasTool.class.php 第 44 行.
SQL: SELECT * FROM `b_option` WHERE `option_name` IN ('cas_open','cas_ver','cas_host','cas_port','cas_uri')  [ RunTime:0.000633s ]
ERR: 1146:Table 'mebook.b_option' doesn't exist
 [ SQL语句 ] : SELECT * FROM `b_option` WHERE `option_name` IN ('cas_open','cas_ver','cas_host','cas_port','cas_uri') 
NOTIC: [2] Invalid argument supplied for foreach() D:\www\mebook\App\Home\Common\function.php 第 62 行.
NOTIC: [8] Undefined index: cas_open D:\www\mebook\App\Home\Extend\PhpCas\PhpCasTool.class.php 第 44 行.
NOTIC: [8] Undefined index: url D:\www\mebook\App\Home\Extend\AdminMenu\AdminMenu.class.php 第 112 行.
NOTIC: [8] Undefined index: url D:\www\mebook\App\Home\Extend\AdminMenu\AdminMenu.class.php 第 113 行.
NOTIC: [8] Undefined index: url D:\www\mebook\App\Home\Extend\AdminMenu\AdminMenu.class.php 第 112 行.
NOTIC: [8] Undefined index: url D:\www\mebook\App\Home\Extend\AdminMenu\AdminMenu.class.php 第 113 行.
NOTIC: [8] Undefined index: url D:\www\mebook\App\Home\Extend\AdminMenu\AdminMenu.class.php 第 112 行.
NOTIC: [8] Undefined index: url D:\www\mebook\App\Home\Extend\AdminMenu\AdminMenu.class.php 第 113 行.
NOTIC: [8] Undefined index: url D:\www\mebook\App\Home\Extend\AdminMenu\AdminMenu.class.php 第 112 行.
NOTIC: [8] Undefined index: url D:\www\mebook\App\Home\Extend\AdminMenu\AdminMenu.class.php 第 113 行.
NOTIC: [8] Undefined index: url D:\www\mebook\App\Home\Extend\AdminMenu\AdminMenu.class.php 第 112 行.
NOTIC: [8] Undefined index: url D:\www\mebook\App\Home\Extend\AdminMenu\AdminMenu.class.php 第 113 行.
SQL: SHOW COLUMNS FROM `b_role` [ RunTime:0.004512s ]
SQL: SELECT `authority` FROM `b_role` WHERE ( role_code='admin' ) LIMIT 1   [ RunTime:0.001021s ]
SQL: SELECT COUNT(0) AS tp_count FROM `b_role` LIMIT 1   [ RunTime:0.000566s ]
SQL: SELECT * FROM `b_role` LIMIT 0,10   [ RunTime:0.000307s ]
NOTIC: [8] Undefined index: attr D:\www\mebook\App\Home\View\Public\head_admin.php 第 43 行.
NOTIC: [8] Undefined index: attr D:\www\mebook\App\Home\View\Public\head_admin.php 第 43 行.
NOTIC: [8] Undefined index: attr D:\www\mebook\App\Home\View\Public\head_admin.php 第 43 行.
NOTIC: [8] Undefined index: attr D:\www\mebook\App\Home\View\Public\head_admin.php 第 43 行.
NOTIC: [8] Undefined index: attr D:\www\mebook\App\Home\View\Public\head_admin.php 第 43 行.
NOTIC: [8] Undefined index: attr D:\www\mebook\App\Home\View\Public\head_admin.php 第 60 行.
NOTIC: [8] Undefined index: attr D:\www\mebook\App\Home\View\Public\head_admin.php 第 60 行.
NOTIC: [8] Undefined index: attr D:\www\mebook\App\Home\View\Public\head_admin.php 第 60 行.
NOTIC: [8] Undefined index: attr D:\www\mebook\App\Home\View\Public\head_admin.php 第 60 行.
NOTIC: [8] Undefined index: attr D:\www\mebook\App\Home\View\Public\head_admin.php 第 60 行.
NOTIC: [8] Undefined index: attr D:\www\mebook\App\Home\View\Public\head_admin.php 第 60 行.
NOTIC: [8] Undefined index: attr D:\www\mebook\App\Home\View\Public\head_admin.php 第 60 行.
NOTIC: [8] Undefined index: attr D:\www\mebook\App\Home\View\Public\head_admin.php 第 60 行.
NOTIC: [8] Undefined index: attr D:\www\mebook\App\Home\View\Public\head_admin.php 第 60 行.
NOTIC: [8] Undefined variable: table_html D:\www\mebook\App\Home\View\User\role.php 第 147 行.
INFO: [ view_filter ] --START--
INFO: Run Behavior\WriteHtmlCacheBehavior [ RunTime:0.001646s ]
INFO: [ view_filter ] --END-- [ RunTime:0.001765s ]
INFO: [ app_end ] --START--
INFO: Run Behavior\ShowPageTraceBehavior [ RunTime:0.000886s ]
INFO: [ app_end ] --END-- [ RunTime:0.001114s ]

[ 2017-03-24T18:03:37+08:00 ] 127.0.0.1 /Public/css/home/bootstrap.min.css.map
INFO: [ app_init ] --START--
INFO: Run Behavior\BuildLiteBehavior [ RunTime:0.000049s ]
INFO: [ app_init ] --END-- [ RunTime:0.000811s ]
INFO: [ app_begin ] --START--
INFO: Run Behavior\ReadHtmlCacheBehavior [ RunTime:0.000705s ]
INFO: Run Behavior\CheckLangBehavior [ RunTime:0.001736s ]
INFO: [ app_begin ] --END-- [ RunTime:0.002731s ]
ERR: 无法加载控制器:Public

[ 2017-03-24T18:03:38+08:00 ] 127.0.0.1 /User/role
INFO: [ app_init ] --START--
INFO: Run Behavior\BuildLiteBehavior [ RunTime:0.000048s ]
INFO: [ app_init ] --END-- [ RunTime:0.000744s ]
INFO: [ app_begin ] --START--
INFO: Run Behavior\ReadHtmlCacheBehavior [ RunTime:0.000838s ]
INFO: Run Behavior\CheckLangBehavior [ RunTime:0.002972s ]
INFO: [ app_begin ] --END-- [ RunTime:0.004073s ]
SQL: SHOW COLUMNS FROM `b_option` [ RunTime:0.004492s ]
ERR: 1146:Table 'mebook.b_option' doesn't exist
 [ SQL语句 ] : SHOW COLUMNS FROM `b_option`
SQL: SELECT * FROM `b_option` WHERE ( option_name='sys_reg_name' ) LIMIT 1   [ RunTime:0.000533s ]
ERR: 1146:Table 'mebook.b_option' doesn't exist
 [ SQL语句 ] : SELECT * FROM `b_option` WHERE ( option_name='sys_reg_name' ) LIMIT 1  
SQL: SHOW COLUMNS FROM `b_iplimit` [ RunTime:0.006224s ]
ERR: 1146:Table 'mebook.b_iplimit' doesn't exist
 [ SQL语句 ] : SHOW COLUMNS FROM `b_iplimit`
SQL: SELECT * FROM `b_option` WHERE `option_name` IN ('sys_ip_fail_type','sys_ip_type')  [ RunTime:0.000763s ]
ERR: 1146:Table 'mebook.b_option' doesn't exist
 [ SQL语句 ] : SELECT * FROM `b_option` WHERE `option_name` IN ('sys_ip_fail_type','sys_ip_type') 
NOTIC: [2] Invalid argument supplied for foreach() D:\www\mebook\App\Home\Common\function.php 第 62 行.
SQL: SELECT * FROM `b_iplimit` WHERE ( is_close=0 AND 2105834626 between ip_beg_val AND ip_end_val ) LIMIT 1   [ RunTime:0.000713s ]
ERR: 1146:Table 'mebook.b_iplimit' doesn't exist
 [ SQL语句 ] : SELECT * FROM `b_iplimit` WHERE ( is_close=0 AND 2105834626 between ip_beg_val AND ip_end_val ) LIMIT 1  
NOTIC: [8] Undefined index: sys_ip_fail_type D:\www\mebook\App\Home\Controller\BaseController.class.php 第 55 行.
SQL: SELECT * FROM `b_option` WHERE `option_name` IN ('cas_open','cas_ver','cas_host','cas_port','cas_uri')  [ RunTime:0.000843s ]
ERR: 1146:Table 'mebook.b_option' doesn't exist
 [ SQL语句 ] : SELECT * FROM `b_option` WHERE `option_name` IN ('cas_open','cas_ver','cas_host','cas_port','cas_uri') 
NOTIC: [2] Invalid argument supplied for foreach() D:\www\mebook\App\Home\Common\function.php 第 62 行.
NOTIC: [8] Undefined index: cas_open D:\www\mebook\App\Home\Extend\PhpCas\PhpCasTool.class.php 第 44 行.
SQL: SELECT * FROM `b_option` WHERE `option_name` IN ('cas_open','cas_ver','cas_host','cas_port','cas_uri')  [ RunTime:0.000660s ]
ERR: 1146:Table 'mebook.b_option' doesn't exist
 [ SQL语句 ] : SELECT * FROM `b_option` WHERE `option_name` IN ('cas_open','cas_ver','cas_host','cas_port','cas_uri') 
NOTIC: [2] Invalid argument supplied for foreach() D:\www\mebook\App\Home\Common\function.php 第 62 行.
NOTIC: [8] Undefined index: cas_open D:\www\mebook\App\Home\Extend\PhpCas\PhpCasTool.class.php 第 44 行.
NOTIC: [8] Undefined index: url D:\www\mebook\App\Home\Extend\AdminMenu\AdminMenu.class.php 第 112 行.
NOTIC: [8] Undefined index: url D:\www\mebook\App\Home\Extend\AdminMenu\AdminMenu.class.php 第 113 行.
NOTIC: [8] Undefined index: url D:\www\mebook\App\Home\Extend\AdminMenu\AdminMenu.class.php 第 112 行.
NOTIC: [8] Undefined index: url D:\www\mebook\App\Home\Extend\AdminMenu\AdminMenu.class.php 第 113 行.
NOTIC: [8] Undefined index: url D:\www\mebook\App\Home\Extend\AdminMenu\AdminMenu.class.php 第 112 行.
NOTIC: [8] Undefined index: url D:\www\mebook\App\Home\Extend\AdminMenu\AdminMenu.class.php 第 113 行.
NOTIC: [8] Undefined index: url D:\www\mebook\App\Home\Extend\AdminMenu\AdminMenu.class.php 第 112 行.
NOTIC: [8] Undefined index: url D:\www\mebook\App\Home\Extend\AdminMenu\AdminMenu.class.php 第 113 行.
NOTIC: [8] Undefined index: url D:\www\mebook\App\Home\Extend\AdminMenu\AdminMenu.class.php 第 112 行.
NOTIC: [8] Undefined index: url D:\www\mebook\App\Home\Extend\AdminMenu\AdminMenu.class.php 第 113 行.
SQL: SHOW COLUMNS FROM `b_role` [ RunTime:0.006482s ]
SQL: SELECT `authority` FROM `b_role` WHERE ( role_code='admin' ) LIMIT 1   [ RunTime:0.000578s ]

