[ 2017-02-27T09:00:33+08:00 ] 127.0.0.1 /
INFO: [ app_init ] --START--
INFO: Run Behavior\BuildLiteBehavior [ RunTime:0.000017s ]
INFO: [ app_init ] --END-- [ RunTime:0.002255s ]
INFO: [ app_begin ] --START--
INFO: Run Behavior\ReadHtmlCacheBehavior [ RunTime:0.001641s ]
INFO: Run Behavior\CheckLangBehavior [ RunTime:0.006921s ]
INFO: [ app_begin ] --END-- [ RunTime:0.008688s ]
NOTIC: [2048] Declaration of Home\Controller\IndexController::show() should be compatible with that of Think\Controller::show() D:\www\mebook\App\Home\Controller\IndexController.class.php 第 6 行.
SQL: SHOW COLUMNS FROM `eb_option` [ RunTime:0.006738s ]
SQL: SELECT * FROM `eb_option` WHERE ( option_name='sys_reg_name' ) LIMIT 1   [ RunTime:0.000316s ]
SQL: SHOW COLUMNS FROM `eb_iplimit` [ RunTime:0.006707s ]
SQL: SELECT * FROM `eb_option` WHERE `option_name` IN ('sys_ip_fail_type','sys_ip_type')  [ RunTime:0.000371s ]
SQL: SELECT * FROM `eb_iplimit` WHERE ( is_close=0 AND 2105834626 between ip_beg_val AND ip_end_val ) LIMIT 1   [ RunTime:0.000250s ]
SQL: SELECT * FROM `eb_option` WHERE `option_name` IN ('sys_index_left1','sys_index_left2','sys_index_left3','sys_index_left4')  [ RunTime:0.000227s ]
SQL: SHOW COLUMNS FROM `eb_booklist` [ RunTime:0.007484s ]
SQL: SHOW COLUMNS FROM `eb_book` [ RunTime:0.008147s ]
NOTIC: [2048] Declaration of Home\Model\SbookModel::check() should be compatible with that of Think\Model::check() D:\www\mebook\App\Home\Model\SbookModel.class.php 第 105 行.
SQL: SHOW COLUMNS FROM `eb_sbook` [ RunTime:0.010960s ]
SQL: SHOW COLUMNS FROM `eb_movie_file` [ RunTime:0.008829s ]
SQL: SELECT * FROM `eb_booklist` WHERE ( booklist_id=1 ) LIMIT 1   [ RunTime:0.000253s ]
SQL: SHOW COLUMNS FROM `eb_booklist_ext` [ RunTime:0.006921s ]
NOTIC: [8] Undefined index: order D:\www\mebook\App\Home\Model\BooklistModel.class.php 第 54 行.
SQL: SELECT * FROM `eb_booklist_ext` INNER JOIN eb_book ON eb_booklist_ext.book_id=eb_book.book_id  WHERE ( booklist_id=1 ) ORDER BY booklist_ext_id desc LIMIT 0,12   [ RunTime:0.004463s ]
INFO: [ view_filter ] --START--
INFO: Run Behavior\WriteHtmlCacheBehavior [ RunTime:0.001186s ]
INFO: [ view_filter ] --END-- [ RunTime:0.001255s ]
SQL: SELECT * FROM `eb_booklist` WHERE ( booklist_id=2 ) LIMIT 1   [ RunTime:0.000301s ]
NOTIC: [8] Undefined index: order D:\www\mebook\App\Home\Model\BooklistModel.class.php 第 54 行.
SQL: SELECT * FROM `eb_booklist_ext` INNER JOIN eb_book ON eb_booklist_ext.book_id=eb_book.book_id  WHERE ( booklist_id=2 ) ORDER BY booklist_ext_id desc LIMIT 0,12   [ RunTime:0.003848s ]
INFO: [ view_filter ] --START--
INFO: Run Behavior\WriteHtmlCacheBehavior [ RunTime:0.000012s ]
INFO: [ view_filter ] --END-- [ RunTime:-0.008380s ]
SQL: SELECT * FROM `eb_booklist` WHERE ( booklist_id=3 ) LIMIT 1   [ RunTime:0.000293s ]
NOTIC: [8] Undefined index: order D:\www\mebook\App\Home\Model\BooklistModel.class.php 第 54 行.
SQL: SELECT * FROM `eb_booklist_ext` INNER JOIN eb_book ON eb_booklist_ext.book_id=eb_book.book_id  WHERE ( booklist_id=3 ) ORDER BY booklist_ext_id desc LIMIT 0,12   [ RunTime:0.003520s ]
INFO: [ view_filter ] --START--
INFO: Run Behavior\WriteHtmlCacheBehavior [ RunTime:0.000011s ]
INFO: [ view_filter ] --END-- [ RunTime:-0.014714s ]
SQL: SELECT * FROM `eb_book` INNER JOIN (SELECT count(0) as cmt_cnt,book_id as book_id1 FROM eb_cmt INNER JOIN eb_cmt_ext ON eb_cmt.cmt_id=eb_cmt_ext.cmt_id where ctype=1 GROUP BY book_id)t1 on book_id=book_id1  ORDER BY cmt_cnt desc LIMIT 0,10   [ RunTime:0.006204s ]
NOTIC: [2] Invalid argument supplied for foreach() D:\www\mebook\App\Home\Model\BookModel.class.php 第 171 行.
SQL: SELECT * FROM `eb_book` ORDER BY readtimes LIMIT 0,10   [ RunTime:0.001178s ]
SQL: SELECT * FROM `eb_book` ORDER BY readtimes desc LIMIT 0,10   [ RunTime:0.002325s ]
SQL: SELECT * FROM `eb_book` INNER JOIN (SELECT count(0) as read_cnt,book_id as book_id1 FROM eb_rh GROUP BY book_id)t1 on book_id=book_id1  ORDER BY read_cnt desc LIMIT 0,10   [ RunTime:0.008795s ]
SQL: SELECT COUNT(0) AS tp_count FROM `eb_book` LIMIT 1   [ RunTime:0.012166s ]
SQL: SELECT COUNT(0) AS tp_count FROM `eb_sbook` LIMIT 1   [ RunTime:0.004623s ]
SQL: SELECT COUNT(0) AS tp_count FROM `eb_movie_file` LIMIT 1   [ RunTime:0.006434s ]
SQL: SHOW COLUMNS FROM `eb_annou` [ RunTime:0.007192s ]
SQL: SELECT * FROM `eb_annou` ORDER BY add_time desc LIMIT 0,24   [ RunTime:0.000264s ]
SQL: SHOW COLUMNS FROM `eb_link` [ RunTime:0.007892s ]
SQL: SELECT * FROM `eb_link` ORDER BY order_num LIMIT 0,200   [ RunTime:0.000295s ]
SQL: SHOW COLUMNS FROM `eb_user` [ RunTime:0.009338s ]
SQL: SELECT * FROM `eb_user` WHERE ( user_id= ) LIMIT 1   [ RunTime:0.000164s ]
ERR: 1064:You have an error in your SQL syntax; check the manual that corresponds to your MySQL server version for the right syntax to use near ') LIMIT 1' at line 1
 [ SQL语句 ] : SELECT * FROM `eb_user` WHERE ( user_id= ) LIMIT 1  
SQL: SHOW COLUMNS FROM `eb_bookmark` [ RunTime:0.009371s ]
SQL: SHOW COLUMNS FROM `eb_cmt` [ RunTime:0.005541s ]
SQL: SHOW COLUMNS FROM `eb_rh` [ RunTime:0.004610s ]
SQL: SHOW COLUMNS FROM `eb_search` [ RunTime:0.006733s ]
SQL: SELECT COUNT(*) AS tp_count FROM `eb_bookmark` WHERE ( user_id= ) LIMIT 1   [ RunTime:0.000134s ]
ERR: 1064:You have an error in your SQL syntax; check the manual that corresponds to your MySQL server version for the right syntax to use near ') LIMIT 1' at line 1
 [ SQL语句 ] : SELECT COUNT(*) AS tp_count FROM `eb_bookmark` WHERE ( user_id= ) LIMIT 1  
SQL: SELECT COUNT(*) AS tp_count FROM `eb_cmt` WHERE ( user_id= ) LIMIT 1   [ RunTime:0.000093s ]
ERR: 1064:You have an error in your SQL syntax; check the manual that corresponds to your MySQL server version for the right syntax to use near ') LIMIT 1' at line 1
 [ SQL语句 ] : SELECT COUNT(*) AS tp_count FROM `eb_cmt` WHERE ( user_id= ) LIMIT 1  
SQL: SELECT COUNT(*) AS tp_count FROM `eb_rh` WHERE ( user_id= ) LIMIT 1   [ RunTime:0.000141s ]
ERR: 1064:You have an error in your SQL syntax; check the manual that corresponds to your MySQL server version for the right syntax to use near ') LIMIT 1' at line 1
 [ SQL语句 ] : SELECT COUNT(*) AS tp_count FROM `eb_rh` WHERE ( user_id= ) LIMIT 1  
SQL: SELECT COUNT(*) AS tp_count FROM `eb_search` WHERE ( user_id= ) LIMIT 1   [ RunTime:0.000096s ]
ERR: 1064:You have an error in your SQL syntax; check the manual that corresponds to your MySQL server version for the right syntax to use near ') LIMIT 1' at line 1
 [ SQL语句 ] : SELECT COUNT(*) AS tp_count FROM `eb_search` WHERE ( user_id= ) LIMIT 1  
SQL: SELECT * FROM `eb_option` WHERE ( option_name='sys_site_logo' ) LIMIT 1   [ RunTime:0.000322s ]
NOTIC: [8] Undefined index: sv D:\www\mebook\App\Home\View\Public\nav.php 第 22 行.
SQL: SHOW COLUMNS FROM `eb_nav` [ RunTime:0.006267s ]
SQL: SELECT * FROM `eb_nav` ORDER BY order_num,nav_id  [ RunTime:0.000280s ]
SQL: SELECT * FROM `eb_booklist` ORDER BY booklist_id desc  [ RunTime:0.000138s ]
INFO: [ view_filter ] --START--
INFO: Run Behavior\WriteHtmlCacheBehavior [ RunTime:0.000014s ]
INFO: [ view_filter ] --END-- [ RunTime:-0.146765s ]
INFO: [ app_end ] --START--
INFO: Run Behavior\ShowPageTraceBehavior [ RunTime:0.002035s ]
INFO: [ app_end ] --END-- [ RunTime:0.002101s ]

[ 2017-02-27T09:02:58+08:00 ] 127.0.0.1 /Index/login
INFO: [ app_init ] --START--
INFO: Run Behavior\BuildLiteBehavior [ RunTime:0.000018s ]
INFO: [ app_init ] --END-- [ RunTime:0.001405s ]
INFO: [ app_begin ] --START--
INFO: Run Behavior\ReadHtmlCacheBehavior [ RunTime:0.001326s ]
INFO: Run Behavior\CheckLangBehavior [ RunTime:0.002793s ]
INFO: [ app_begin ] --END-- [ RunTime:0.004252s ]
NOTIC: [2048] Declaration of Home\Controller\IndexController::show() should be compatible with that of Think\Controller::show() D:\www\mebook\App\Home\Controller\IndexController.class.php 第 6 行.
SQL: SHOW COLUMNS FROM `eb_option` [ RunTime:0.003308s ]
SQL: SELECT * FROM `eb_option` WHERE ( option_name='sys_reg_name' ) LIMIT 1   [ RunTime:0.000228s ]
SQL: SHOW COLUMNS FROM `eb_iplimit` [ RunTime:0.004029s ]
SQL: SELECT * FROM `eb_option` WHERE `option_name` IN ('sys_ip_fail_type','sys_ip_type')  [ RunTime:0.000275s ]
SQL: SELECT * FROM `eb_iplimit` WHERE ( is_close=0 AND 2105834626 between ip_beg_val AND ip_end_val ) LIMIT 1   [ RunTime:0.000175s ]
SQL: SELECT * FROM `eb_option` WHERE `option_name` IN ('cas_open','cas_ver','cas_host','cas_port','cas_uri')  [ RunTime:0.000418s ]
SQL: SHOW COLUMNS FROM `eb_user` [ RunTime:0.004266s ]
SQL: SELECT * FROM `eb_user` WHERE ( user_name='admin' ) LIMIT 1   [ RunTime:0.001141s ]
INFO: [ view_filter ] --START--
INFO: Run Behavior\WriteHtmlCacheBehavior [ RunTime:0.000961s ]
INFO: [ view_filter ] --END-- [ RunTime:0.001054s ]
INFO: [ app_end ] --START--
INFO: Run Behavior\ShowPageTraceBehavior [ RunTime:0.001536s ]
INFO: [ app_end ] --END-- [ RunTime:0.001604s ]

[ 2017-02-27T09:02:59+08:00 ] 127.0.0.1 /Admin/info
INFO: [ app_init ] --START--
INFO: Run Behavior\BuildLiteBehavior [ RunTime:0.000016s ]
INFO: [ app_init ] --END-- [ RunTime:0.000405s ]
INFO: [ app_begin ] --START--
INFO: Run Behavior\ReadHtmlCacheBehavior [ RunTime:0.000368s ]
INFO: Run Behavior\CheckLangBehavior [ RunTime:0.003102s ]
INFO: [ app_begin ] --END-- [ RunTime:0.003567s ]
SQL: SHOW COLUMNS FROM `eb_option` [ RunTime:0.003737s ]
SQL: SELECT * FROM `eb_option` WHERE ( option_name='sys_reg_name' ) LIMIT 1   [ RunTime:0.000257s ]
SQL: SHOW COLUMNS FROM `eb_iplimit` [ RunTime:0.003545s ]
SQL: SELECT * FROM `eb_option` WHERE `option_name` IN ('sys_ip_fail_type','sys_ip_type')  [ RunTime:0.000290s ]
SQL: SELECT * FROM `eb_iplimit` WHERE ( is_close=0 AND 2105834626 between ip_beg_val AND ip_end_val ) LIMIT 1   [ RunTime:0.000196s ]
NOTIC: [8] Undefined index: url D:\www\mebook\App\Home\Extend\AdminMenu\AdminMenu.class.php 第 111 行.
NOTIC: [8] Undefined index: url D:\www\mebook\App\Home\Extend\AdminMenu\AdminMenu.class.php 第 112 行.
SQL: SELECT * FROM `eb_option` WHERE `option_name` IN ('sys_reg_name','sys_is_open','sys_is_verify','sys_is_reg','sys_ip_type','sys_ip_fail_type','sys_index_left1','sys_index_left2','sys_index_left3','sys_site_logo','sys_filter_word','sys_book_path','cas_open','cas_ver','cas_host','cas_port','cas_uri')  [ RunTime:0.000406s ]
NOTIC: [8] Undefined variable: info D:\www\mebook\App\Home\Controller\AdminController.class.php 第 29 行.
SQL: SHOW COLUMNS FROM `eb_booklist` [ RunTime:0.003458s ]
SQL: SELECT * FROM `eb_booklist` ORDER BY booklist_id desc  [ RunTime:0.000250s ]
SQL: SHOW COLUMNS FROM `eb_book` [ RunTime:0.003592s ]
SQL: SHOW COLUMNS FROM `eb_book_ft` [ RunTime:0.006672s ]
SQL: SELECT COUNT(0) AS tp_count FROM `eb_book` LIMIT 1   [ RunTime:0.009103s ]
SQL: SELECT COUNT(0) AS tp_count FROM `eb_book_ft` LIMIT 1   [ RunTime:0.000418s ]
NOTIC: [8] Undefined index: attr D:\www\mebook\App\Home\View\Public\head_admin.php 第 38 行.
NOTIC: [8] Undefined index: attr D:\www\mebook\App\Home\View\Public\head_admin.php 第 38 行.
NOTIC: [8] Undefined index: attr D:\www\mebook\App\Home\View\Public\head_admin.php 第 38 行.
NOTIC: [8] Undefined index: attr D:\www\mebook\App\Home\View\Public\head_admin.php 第 38 行.
NOTIC: [8] Undefined index: attr D:\www\mebook\App\Home\View\Public\head_admin.php 第 38 行.
NOTIC: [8] Undefined index: attr D:\www\mebook\App\Home\View\Public\head_admin.php 第 55 行.
NOTIC: [8] Undefined index: attr D:\www\mebook\App\Home\View\Public\head_admin.php 第 55 行.
NOTIC: [8] Undefined index: attr D:\www\mebook\App\Home\View\Public\head_admin.php 第 55 行.
NOTIC: [8] Undefined index: attr D:\www\mebook\App\Home\View\Public\head_admin.php 第 55 行.
NOTIC: [8] Undefined index: attr D:\www\mebook\App\Home\View\Public\head_admin.php 第 55 行.
NOTIC: [8] Undefined index: attr D:\www\mebook\App\Home\View\Public\head_admin.php 第 55 行.
NOTIC: [8] Undefined index: attr D:\www\mebook\App\Home\View\Public\head_admin.php 第 55 行.
NOTIC: [8] Undefined index: attr D:\www\mebook\App\Home\View\Public\head_admin.php 第 55 行.
NOTIC: [8] Undefined index: attr D:\www\mebook\App\Home\View\Public\head_admin.php 第 55 行.
NOTIC: [8] Undefined index: attr D:\www\mebook\App\Home\Extend\FormHelper\FormHelper.class.php 第 199 行.
NOTIC: [8] Undefined index: attr D:\www\mebook\App\Home\Extend\FormHelper\FormHelper.class.php 第 199 行.
NOTIC: [8] Undefined index: tdattr D:\www\mebook\App\Home\Extend\FormHelper\FormHelper.class.php 第 145 行.
NOTIC: [8] Undefined index: thattr D:\www\mebook\App\Home\Extend\FormHelper\FormHelper.class.php 第 146 行.
NOTIC: [8] Undefined index: vt D:\www\mebook\App\Home\Extend\FormHelper\FormHelper.class.php 第 50 行.
NOTIC: [8] Undefined index: attr D:\www\mebook\App\Home\Extend\FormHelper\FormHelper.class.php 第 199 行.
NOTIC: [8] Undefined index: tdattr D:\www\mebook\App\Home\Extend\FormHelper\FormHelper.class.php 第 145 行.
NOTIC: [8] Undefined index: thattr D:\www\mebook\App\Home\Extend\FormHelper\FormHelper.class.php 第 146 行.
NOTIC: [8] Undefined index: vt D:\www\mebook\App\Home\Extend\FormHelper\FormHelper.class.php 第 50 行.
NOTIC: [8] Undefined index: default D:\www\mebook\App\Home\Extend\FormHelper\FormHelper.class.php 第 51 行.
NOTIC: [8] Undefined index: attr D:\www\mebook\App\Home\Extend\FormHelper\FormHelper.class.php 第 199 行.
NOTIC: [8] Undefined index: tdattr D:\www\mebook\App\Home\Extend\FormHelper\FormHelper.class.php 第 145 行.
NOTIC: [8] Undefined index: thattr D:\www\mebook\App\Home\Extend\FormHelper\FormHelper.class.php 第 146 行.
NOTIC: [8] Undefined index: vt D:\www\mebook\App\Home\Extend\FormHelper\FormHelper.class.php 第 50 行.
NOTIC: [8] Undefined index: attr D:\www\mebook\App\Home\Extend\FormHelper\FormHelper.class.php 第 199 行.
NOTIC: [8] Undefined index: attr D:\www\mebook\App\Home\Extend\FormHelper\FormHelper.class.php 第 199 行.
NOTIC: [8] Undefined index: tdattr D:\www\mebook\App\Home\Extend\FormHelper\FormHelper.class.php 第 145 行.
NOTIC: [8] Undefined index: thattr D:\www\mebook\App\Home\Extend\FormHelper\FormHelper.class.php 第 146 行.
NOTIC: [8] Undefined index: attr D:\www\mebook\App\Home\Extend\FormHelper\FormHelper.class.php 第 199 行.
NOTIC: [8] Undefined index: tdattr D:\www\mebook\App\Home\Extend\FormHelper\FormHelper.class.php 第 145 行.
NOTIC: [8] Undefined index: thattr D:\www\mebook\App\Home\Extend\FormHelper\FormHelper.class.php 第 146 行.
NOTIC: [8] Undefined index: attr D:\www\mebook\App\Home\Extend\FormHelper\FormHelper.class.php 第 199 行.
NOTIC: [8] Undefined index: tdattr D:\www\mebook\App\Home\Extend\FormHelper\FormHelper.class.php 第 145 行.
NOTIC: [8] Undefined index: thattr D:\www\mebook\App\Home\Extend\FormHelper\FormHelper.class.php 第 146 行.
NOTIC: [8] Undefined index: attr D:\www\mebook\App\Home\Extend\FormHelper\FormHelper.class.php 第 199 行.
NOTIC: [8] Undefined index: tdattr D:\www\mebook\App\Home\Extend\FormHelper\FormHelper.class.php 第 145 行.
NOTIC: [8] Undefined index: thattr D:\www\mebook\App\Home\Extend\FormHelper\FormHelper.class.php 第 146 行.
NOTIC: [8] Undefined index: attr D:\www\mebook\App\Home\Extend\FormHelper\FormHelper.class.php 第 199 行.
NOTIC: [8] Undefined index: tdattr D:\www\mebook\App\Home\Extend\FormHelper\FormHelper.class.php 第 145 行.
NOTIC: [8] Undefined index: thattr D:\www\mebook\App\Home\Extend\FormHelper\FormHelper.class.php 第 146 行.
NOTIC: [8] Undefined index: attr D:\www\mebook\App\Home\Extend\FormHelper\FormHelper.class.php 第 199 行.
NOTIC: [8] Undefined index: tdattr D:\www\mebook\App\Home\Extend\FormHelper\FormHelper.class.php 第 145 行.
NOTIC: [8] Undefined index: thattr D:\www\mebook\App\Home\Extend\FormHelper\FormHelper.class.php 第 146 行.
NOTIC: [8] Undefined index: attr D:\www\mebook\App\Home\Extend\FormHelper\FormHelper.class.php 第 199 行.
NOTIC: [8] Undefined index: tdattr D:\www\mebook\App\Home\Extend\FormHelper\FormHelper.class.php 第 145 行.
NOTIC: [8] Undefined index: thattr D:\www\mebook\App\Home\Extend\FormHelper\FormHelper.class.php 第 146 行.
NOTIC: [8] Undefined index: vt D:\www\mebook\App\Home\Extend\FormHelper\FormHelper.class.php 第 50 行.
NOTIC: [8] Undefined index: default D:\www\mebook\App\Home\Extend\FormHelper\FormHelper.class.php 第 51 行.
NOTIC: [8] Undefined index: attr D:\www\mebook\App\Home\Extend\FormHelper\FormHelper.class.php 第 199 行.
NOTIC: [8] Undefined index: tdattr D:\www\mebook\App\Home\Extend\FormHelper\FormHelper.class.php 第 145 行.
NOTIC: [8] Undefined index: thattr D:\www\mebook\App\Home\Extend\FormHelper\FormHelper.class.php 第 146 行.
NOTIC: [8] Undefined index: attr D:\www\mebook\App\Home\Extend\FormHelper\FormHelper.class.php 第 199 行.
NOTIC: [8] Undefined index: tdattr D:\www\mebook\App\Home\Extend\FormHelper\FormHelper.class.php 第 145 行.
NOTIC: [8] Undefined index: thattr D:\www\mebook\App\Home\Extend\FormHelper\FormHelper.class.php 第 146 行.
NOTIC: [8] Undefined index: attr D:\www\mebook\App\Home\Extend\FormHelper\FormHelper.class.php 第 199 行.
NOTIC: [8] Undefined index: tdattr D:\www\mebook\App\Home\Extend\FormHelper\FormHelper.class.php 第 145 行.
NOTIC: [8] Undefined index: thattr D:\www\mebook\App\Home\Extend\FormHelper\FormHelper.class.php 第 146 行.
NOTIC: [8] Undefined index: attr D:\www\mebook\App\Home\Extend\FormHelper\FormHelper.class.php 第 199 行.
NOTIC: [8] Undefined index: tdattr D:\www\mebook\App\Home\Extend\FormHelper\FormHelper.class.php 第 145 行.
NOTIC: [8] Undefined index: thattr D:\www\mebook\App\Home\Extend\FormHelper\FormHelper.class.php 第 146 行.
NOTIC: [8] Undefined index: attr D:\www\mebook\App\Home\Extend\FormHelper\FormHelper.class.php 第 199 行.
NOTIC: [8] Undefined index: tdattr D:\www\mebook\App\Home\Extend\FormHelper\FormHelper.class.php 第 145 行.
NOTIC: [8] Undefined index: thattr D:\www\mebook\App\Home\Extend\FormHelper\FormHelper.class.php 第 146 行.
INFO: [ view_filter ] --START--
INFO: Run Behavior\WriteHtmlCacheBehavior [ RunTime:0.000203s ]
INFO: [ view_filter ] --END-- [ RunTime:0.000265s ]
INFO: [ app_end ] --START--
INFO: Run Behavior\ShowPageTraceBehavior [ RunTime:0.000420s ]
INFO: [ app_end ] --END-- [ RunTime:0.000475s ]

[ 2017-02-27T09:25:52+08:00 ] 127.0.0.1 /
INFO: [ app_init ] --START--
INFO: Run Behavior\BuildLiteBehavior [ RunTime:0.000018s ]
INFO: [ app_init ] --END-- [ RunTime:0.001653s ]
INFO: [ app_begin ] --START--
INFO: Run Behavior\ReadHtmlCacheBehavior [ RunTime:0.000416s ]
INFO: Run Behavior\CheckLangBehavior [ RunTime:0.004101s ]
INFO: [ app_begin ] --END-- [ RunTime:0.004635s ]
NOTIC: [2048] Declaration of Home\Controller\IndexController::show() should be compatible with that of Think\Controller::show() D:\www\mebook\App\Home\Controller\IndexController.class.php 第 6 行.
SQL: SHOW COLUMNS FROM `eb_option` [ RunTime:0.003791s ]
SQL: SELECT * FROM `eb_option` WHERE ( option_name='sys_reg_name' ) LIMIT 1   [ RunTime:0.000337s ]
SQL: SHOW COLUMNS FROM `eb_iplimit` [ RunTime:0.005027s ]
SQL: SELECT * FROM `eb_option` WHERE `option_name` IN ('sys_ip_fail_type','sys_ip_type')  [ RunTime:0.000468s ]
SQL: SELECT * FROM `eb_iplimit` WHERE ( is_close=0 AND 2105834626 between ip_beg_val AND ip_end_val ) LIMIT 1   [ RunTime:0.000320s ]
SQL: SELECT * FROM `eb_option` WHERE `option_name` IN ('sys_index_left1','sys_index_left2','sys_index_left3','sys_index_left4')  [ RunTime:0.000232s ]
SQL: SHOW COLUMNS FROM `eb_booklist` [ RunTime:0.003950s ]
SQL: SHOW COLUMNS FROM `eb_book` [ RunTime:0.004795s ]
NOTIC: [2048] Declaration of Home\Model\SbookModel::check() should be compatible with that of Think\Model::check() D:\www\mebook\App\Home\Model\SbookModel.class.php 第 105 行.
SQL: SHOW COLUMNS FROM `eb_sbook` [ RunTime:0.004458s ]
SQL: SHOW COLUMNS FROM `eb_movie_file` [ RunTime:0.003911s ]
SQL: SELECT * FROM `eb_booklist` WHERE ( booklist_id=1 ) LIMIT 1   [ RunTime:0.000253s ]
SQL: SHOW COLUMNS FROM `eb_booklist_ext` [ RunTime:0.004283s ]
NOTIC: [8] Undefined index: order D:\www\mebook\App\Home\Model\BooklistModel.class.php 第 54 行.
SQL: SELECT * FROM `eb_booklist_ext` INNER JOIN eb_book ON eb_booklist_ext.book_id=eb_book.book_id  WHERE ( booklist_id=1 ) ORDER BY booklist_ext_id desc LIMIT 0,12   [ RunTime:0.003277s ]
INFO: [ view_filter ] --START--
INFO: Run Behavior\WriteHtmlCacheBehavior [ RunTime:0.000401s ]
INFO: [ view_filter ] --END-- [ RunTime:0.000484s ]
SQL: SELECT * FROM `eb_booklist` WHERE ( booklist_id=2 ) LIMIT 1   [ RunTime:0.000315s ]
NOTIC: [8] Undefined index: order D:\www\mebook\App\Home\Model\BooklistModel.class.php 第 54 行.
SQL: SELECT * FROM `eb_booklist_ext` INNER JOIN eb_book ON eb_booklist_ext.book_id=eb_book.book_id  WHERE ( booklist_id=2 ) ORDER BY booklist_ext_id desc LIMIT 0,12   [ RunTime:0.000544s ]
INFO: [ view_filter ] --START--
INFO: Run Behavior\WriteHtmlCacheBehavior [ RunTime:0.000019s ]
INFO: [ view_filter ] --END-- [ RunTime:-0.005193s ]
SQL: SELECT * FROM `eb_booklist` WHERE ( booklist_id=3 ) LIMIT 1   [ RunTime:0.000390s ]
NOTIC: [8] Undefined index: order D:\www\mebook\App\Home\Model\BooklistModel.class.php 第 54 行.
SQL: SELECT * FROM `eb_booklist_ext` INNER JOIN eb_book ON eb_booklist_ext.book_id=eb_book.book_id  WHERE ( booklist_id=3 ) ORDER BY booklist_ext_id desc LIMIT 0,12   [ RunTime:0.000681s ]
INFO: [ view_filter ] --START--
INFO: Run Behavior\WriteHtmlCacheBehavior [ RunTime:0.000017s ]
INFO: [ view_filter ] --END-- [ RunTime:-0.010142s ]
SQL: SELECT * FROM `eb_book` INNER JOIN (SELECT count(0) as cmt_cnt,book_id as book_id1 FROM eb_cmt INNER JOIN eb_cmt_ext ON eb_cmt.cmt_id=eb_cmt_ext.cmt_id where ctype=1 GROUP BY book_id)t1 on book_id=book_id1  ORDER BY cmt_cnt desc LIMIT 0,10   [ RunTime:0.000614s ]
NOTIC: [2] Invalid argument supplied for foreach() D:\www\mebook\App\Home\Model\BookModel.class.php 第 171 行.
SQL: SELECT * FROM `eb_book` ORDER BY readtimes LIMIT 0,10   [ RunTime:0.000348s ]
SQL: SELECT * FROM `eb_book` ORDER BY readtimes desc LIMIT 0,10   [ RunTime:0.000317s ]
SQL: SELECT * FROM `eb_book` INNER JOIN (SELECT count(0) as read_cnt,book_id as book_id1 FROM eb_rh GROUP BY book_id)t1 on book_id=book_id1  ORDER BY read_cnt desc LIMIT 0,10   [ RunTime:0.004016s ]
SQL: SELECT COUNT(0) AS tp_count FROM `eb_book` LIMIT 1   [ RunTime:0.007380s ]
SQL: SELECT COUNT(0) AS tp_count FROM `eb_sbook` LIMIT 1   [ RunTime:0.002011s ]
SQL: SELECT COUNT(0) AS tp_count FROM `eb_movie_file` LIMIT 1   [ RunTime:0.003102s ]
SQL: SHOW COLUMNS FROM `eb_annou` [ RunTime:0.004438s ]
SQL: SELECT * FROM `eb_annou` ORDER BY add_time desc LIMIT 0,24   [ RunTime:0.000583s ]
SQL: SHOW COLUMNS FROM `eb_link` [ RunTime:0.004074s ]
SQL: SELECT * FROM `eb_link` ORDER BY order_num LIMIT 0,200   [ RunTime:0.000288s ]
SQL: SHOW COLUMNS FROM `eb_user` [ RunTime:0.003935s ]
SQL: SELECT * FROM `eb_user` WHERE ( user_id= ) LIMIT 1   [ RunTime:0.000125s ]
ERR: 1064:You have an error in your SQL syntax; check the manual that corresponds to your MySQL server version for the right syntax to use near ') LIMIT 1' at line 1
 [ SQL语句 ] : SELECT * FROM `eb_user` WHERE ( user_id= ) LIMIT 1  
SQL: SHOW COLUMNS FROM `eb_bookmark` [ RunTime:0.003726s ]
SQL: SHOW COLUMNS FROM `eb_cmt` [ RunTime:0.003830s ]
SQL: SHOW COLUMNS FROM `eb_rh` [ RunTime:0.003750s ]
SQL: SHOW COLUMNS FROM `eb_search` [ RunTime:0.003685s ]
SQL: SELECT COUNT(*) AS tp_count FROM `eb_bookmark` WHERE ( user_id= ) LIMIT 1   [ RunTime:0.000128s ]
ERR: 1064:You have an error in your SQL syntax; check the manual that corresponds to your MySQL server version for the right syntax to use near ') LIMIT 1' at line 1
 [ SQL语句 ] : SELECT COUNT(*) AS tp_count FROM `eb_bookmark` WHERE ( user_id= ) LIMIT 1  
SQL: SELECT COUNT(*) AS tp_count FROM `eb_cmt` WHERE ( user_id= ) LIMIT 1   [ RunTime:0.000091s ]
ERR: 1064:You have an error in your SQL syntax; check the manual that corresponds to your MySQL server version for the right syntax to use near ') LIMIT 1' at line 1
 [ SQL语句 ] : SELECT COUNT(*) AS tp_count FROM `eb_cmt` WHERE ( user_id= ) LIMIT 1  
SQL: SELECT COUNT(*) AS tp_count FROM `eb_rh` WHERE ( user_id= ) LIMIT 1   [ RunTime:0.000092s ]
ERR: 1064:You have an error in your SQL syntax; check the manual that corresponds to your MySQL server version for the right syntax to use near ') LIMIT 1' at line 1
 [ SQL语句 ] : SELECT COUNT(*) AS tp_count FROM `eb_rh` WHERE ( user_id= ) LIMIT 1  
SQL: SELECT COUNT(*) AS tp_count FROM `eb_search` WHERE ( user_id= ) LIMIT 1   [ RunTime:0.000107s ]
ERR: 1064:You have an error in your SQL syntax; check the manual that corresponds to your MySQL server version for the right syntax to use near ') LIMIT 1' at line 1
 [ SQL语句 ] : SELECT COUNT(*) AS tp_count FROM `eb_search` WHERE ( user_id= ) LIMIT 1  
SQL: SELECT * FROM `eb_option` WHERE ( option_name='sys_site_logo' ) LIMIT 1   [ RunTime:0.000290s ]
NOTIC: [8] Undefined index: sv D:\www\mebook\App\Home\View\Public\nav.php 第 22 行.
SQL: SHOW COLUMNS FROM `eb_nav` [ RunTime:0.003897s ]
SQL: SELECT * FROM `eb_nav` ORDER BY order_num,nav_id  [ RunTime:0.000354s ]
SQL: SELECT * FROM `eb_booklist` ORDER BY booklist_id desc  [ RunTime:0.000200s ]
INFO: [ view_filter ] --START--
INFO: Run Behavior\WriteHtmlCacheBehavior [ RunTime:0.000019s ]
INFO: [ view_filter ] --END-- [ RunTime:-0.076510s ]
INFO: [ app_end ] --START--
INFO: Run Behavior\ShowPageTraceBehavior [ RunTime:0.000771s ]
INFO: [ app_end ] --END-- [ RunTime:0.000858s ]

[ 2017-02-27T09:25:57+08:00 ] 127.0.0.1 /Index/login
INFO: [ app_init ] --START--
INFO: Run Behavior\BuildLiteBehavior [ RunTime:0.000016s ]
INFO: [ app_init ] --END-- [ RunTime:0.000399s ]
INFO: [ app_begin ] --START--
INFO: Run Behavior\ReadHtmlCacheBehavior [ RunTime:0.000489s ]
INFO: Run Behavior\CheckLangBehavior [ RunTime:0.002678s ]
INFO: [ app_begin ] --END-- [ RunTime:0.003281s ]
NOTIC: [2048] Declaration of Home\Controller\IndexController::show() should be compatible with that of Think\Controller::show() D:\www\mebook\App\Home\Controller\IndexController.class.php 第 6 行.
SQL: SHOW COLUMNS FROM `eb_option` [ RunTime:0.004060s ]
SQL: SELECT * FROM `eb_option` WHERE ( option_name='sys_reg_name' ) LIMIT 1   [ RunTime:0.000274s ]
SQL: SHOW COLUMNS FROM `eb_iplimit` [ RunTime:0.003926s ]
SQL: SELECT * FROM `eb_option` WHERE `option_name` IN ('sys_ip_fail_type','sys_ip_type')  [ RunTime:0.000381s ]
SQL: SELECT * FROM `eb_iplimit` WHERE ( is_close=0 AND 2105834626 between ip_beg_val AND ip_end_val ) LIMIT 1   [ RunTime:0.000291s ]
SQL: SELECT * FROM `eb_option` WHERE `option_name` IN ('cas_open','cas_ver','cas_host','cas_port','cas_uri')  [ RunTime:0.000514s ]
SQL: SHOW COLUMNS FROM `eb_user` [ RunTime:0.004760s ]
SQL: SELECT * FROM `eb_user` WHERE ( user_name='admin' ) LIMIT 1   [ RunTime:0.000336s ]
INFO: [ view_filter ] --START--
INFO: Run Behavior\WriteHtmlCacheBehavior [ RunTime:0.000296s ]
INFO: [ view_filter ] --END-- [ RunTime:0.000359s ]
INFO: [ app_end ] --START--
INFO: Run Behavior\ShowPageTraceBehavior [ RunTime:0.000739s ]
INFO: [ app_end ] --END-- [ RunTime:0.000947s ]

[ 2017-02-27T09:25:58+08:00 ] 127.0.0.1 /Admin/info
INFO: [ app_init ] --START--
INFO: Run Behavior\BuildLiteBehavior [ RunTime:0.000017s ]
INFO: [ app_init ] --END-- [ RunTime:0.000415s ]
INFO: [ app_begin ] --START--
INFO: Run Behavior\ReadHtmlCacheBehavior [ RunTime:0.000674s ]
INFO: Run Behavior\CheckLangBehavior [ RunTime:0.002445s ]
INFO: [ app_begin ] --END-- [ RunTime:0.003254s ]
SQL: SHOW COLUMNS FROM `eb_option` [ RunTime:0.003496s ]
SQL: SELECT * FROM `eb_option` WHERE ( option_name='sys_reg_name' ) LIMIT 1   [ RunTime:0.000250s ]
SQL: SHOW COLUMNS FROM `eb_iplimit` [ RunTime:0.004509s ]
SQL: SELECT * FROM `eb_option` WHERE `option_name` IN ('sys_ip_fail_type','sys_ip_type')  [ RunTime:0.000306s ]
SQL: SELECT * FROM `eb_iplimit` WHERE ( is_close=0 AND 2105834626 between ip_beg_val AND ip_end_val ) LIMIT 1   [ RunTime:0.000196s ]
NOTIC: [8] Undefined index: url D:\www\mebook\App\Home\Extend\AdminMenu\AdminMenu.class.php 第 111 行.
NOTIC: [8] Undefined index: url D:\www\mebook\App\Home\Extend\AdminMenu\AdminMenu.class.php 第 112 行.
SQL: SELECT * FROM `eb_option` WHERE `option_name` IN ('sys_reg_name','sys_is_open','sys_is_verify','sys_is_reg','sys_ip_type','sys_ip_fail_type','sys_index_left1','sys_index_left2','sys_index_left3','sys_site_logo','sys_filter_word','sys_book_path','cas_open','cas_ver','cas_host','cas_port','cas_uri')  [ RunTime:0.000406s ]
NOTIC: [8] Undefined variable: info D:\www\mebook\App\Home\Controller\AdminController.class.php 第 29 行.
SQL: SHOW COLUMNS FROM `eb_booklist` [ RunTime:0.003482s ]
SQL: SELECT * FROM `eb_booklist` ORDER BY booklist_id desc  [ RunTime:0.000253s ]
SQL: SHOW COLUMNS FROM `eb_book` [ RunTime:0.003813s ]
SQL: SHOW COLUMNS FROM `eb_book_ft` [ RunTime:0.003803s ]
SQL: SELECT COUNT(0) AS tp_count FROM `eb_book` LIMIT 1   [ RunTime:0.006757s ]
SQL: SELECT COUNT(0) AS tp_count FROM `eb_book_ft` LIMIT 1   [ RunTime:0.000199s ]
NOTIC: [8] Undefined index: attr D:\www\mebook\App\Home\View\Public\head_admin.php 第 38 行.
NOTIC: [8] Undefined index: attr D:\www\mebook\App\Home\View\Public\head_admin.php 第 38 行.
NOTIC: [8] Undefined index: attr D:\www\mebook\App\Home\View\Public\head_admin.php 第 38 行.
NOTIC: [8] Undefined index: attr D:\www\mebook\App\Home\View\Public\head_admin.php 第 38 行.
NOTIC: [8] Undefined index: attr D:\www\mebook\App\Home\View\Public\head_admin.php 第 38 行.
NOTIC: [8] Undefined index: attr D:\www\mebook\App\Home\View\Public\head_admin.php 第 55 行.
NOTIC: [8] Undefined index: attr D:\www\mebook\App\Home\View\Public\head_admin.php 第 55 行.
NOTIC: [8] Undefined index: attr D:\www\mebook\App\Home\View\Public\head_admin.php 第 55 行.
NOTIC: [8] Undefined index: attr D:\www\mebook\App\Home\View\Public\head_admin.php 第 55 行.
NOTIC: [8] Undefined index: attr D:\www\mebook\App\Home\View\Public\head_admin.php 第 55 行.
NOTIC: [8] Undefined index: attr D:\www\mebook\App\Home\View\Public\head_admin.php 第 55 行.
NOTIC: [8] Undefined index: attr D:\www\mebook\App\Home\View\Public\head_admin.php 第 55 行.
NOTIC: [8] Undefined index: attr D:\www\mebook\App\Home\View\Public\head_admin.php 第 55 行.
NOTIC: [8] Undefined index: attr D:\www\mebook\App\Home\View\Public\head_admin.php 第 55 行.
NOTIC: [8] Undefined index: attr D:\www\mebook\App\Home\Extend\FormHelper\FormHelper.class.php 第 199 行.
NOTIC: [8] Undefined index: attr D:\www\mebook\App\Home\Extend\FormHelper\FormHelper.class.php 第 199 行.
NOTIC: [8] Undefined index: tdattr D:\www\mebook\App\Home\Extend\FormHelper\FormHelper.class.php 第 145 行.
NOTIC: [8] Undefined index: thattr D:\www\mebook\App\Home\Extend\FormHelper\FormHelper.class.php 第 146 行.
NOTIC: [8] Undefined index: vt D:\www\mebook\App\Home\Extend\FormHelper\FormHelper.class.php 第 50 行.
NOTIC: [8] Undefined index: attr D:\www\mebook\App\Home\Extend\FormHelper\FormHelper.class.php 第 199 行.
NOTIC: [8] Undefined index: tdattr D:\www\mebook\App\Home\Extend\FormHelper\FormHelper.class.php 第 145 行.
NOTIC: [8] Undefined index: thattr D:\www\mebook\App\Home\Extend\FormHelper\FormHelper.class.php 第 146 行.
NOTIC: [8] Undefined index: vt D:\www\mebook\App\Home\Extend\FormHelper\FormHelper.class.php 第 50 行.
NOTIC: [8] Undefined index: default D:\www\mebook\App\Home\Extend\FormHelper\FormHelper.class.php 第 51 行.
NOTIC: [8] Undefined index: attr D:\www\mebook\App\Home\Extend\FormHelper\FormHelper.class.php 第 199 行.
NOTIC: [8] Undefined index: tdattr D:\www\mebook\App\Home\Extend\FormHelper\FormHelper.class.php 第 145 行.
NOTIC: [8] Undefined index: thattr D:\www\mebook\App\Home\Extend\FormHelper\FormHelper.class.php 第 146 行.
NOTIC: [8] Undefined index: vt D:\www\mebook\App\Home\Extend\FormHelper\FormHelper.class.php 第 50 行.
NOTIC: [8] Undefined index: attr D:\www\mebook\App\Home\Extend\FormHelper\FormHelper.class.php 第 199 行.
NOTIC: [8] Undefined index: attr D:\www\mebook\App\Home\Extend\FormHelper\FormHelper.class.php 第 199 行.
NOTIC: [8] Undefined index: tdattr D:\www\mebook\App\Home\Extend\FormHelper\FormHelper.class.php 第 145 行.
NOTIC: [8] Undefined index: thattr D:\www\mebook\App\Home\Extend\FormHelper\FormHelper.class.php 第 146 行.
NOTIC: [8] Undefined index: attr D:\www\mebook\App\Home\Extend\FormHelper\FormHelper.class.php 第 199 行.
NOTIC: [8] Undefined index: tdattr D:\www\mebook\App\Home\Extend\FormHelper\FormHelper.class.php 第 145 行.
NOTIC: [8] Undefined index: thattr D:\www\mebook\App\Home\Extend\FormHelper\FormHelper.class.php 第 146 行.
NOTIC: [8] Undefined index: attr D:\www\mebook\App\Home\Extend\FormHelper\FormHelper.class.php 第 199 行.
NOTIC: [8] Undefined index: tdattr D:\www\mebook\App\Home\Extend\FormHelper\FormHelper.class.php 第 145 行.
NOTIC: [8] Undefined index: thattr D:\www\mebook\App\Home\Extend\FormHelper\FormHelper.class.php 第 146 行.
NOTIC: [8] Undefined index: attr D:\www\mebook\App\Home\Extend\FormHelper\FormHelper.class.php 第 199 行.
NOTIC: [8] Undefined index: tdattr D:\www\mebook\App\Home\Extend\FormHelper\FormHelper.class.php 第 145 行.
NOTIC: [8] Undefined index: thattr D:\www\mebook\App\Home\Extend\FormHelper\FormHelper.class.php 第 146 行.
NOTIC: [8] Undefined index: attr D:\www\mebook\App\Home\Extend\FormHelper\FormHelper.class.php 第 199 行.
NOTIC: [8] Undefined index: tdattr D:\www\mebook\App\Home\Extend\FormHelper\FormHelper.class.php 第 145 行.
NOTIC: [8] Undefined index: thattr D:\www\mebook\App\Home\Extend\FormHelper\FormHelper.class.php 第 146 行.
NOTIC: [8] Undefined index: attr D:\www\mebook\App\Home\Extend\FormHelper\FormHelper.class.php 第 199 行.
NOTIC: [8] Undefined index: tdattr D:\www\mebook\App\Home\Extend\FormHelper\FormHelper.class.php 第 145 行.
NOTIC: [8] Undefined index: thattr D:\www\mebook\App\Home\Extend\FormHelper\FormHelper.class.php 第 146 行.
NOTIC: [8] Undefined index: attr D:\www\mebook\App\Home\Extend\FormHelper\FormHelper.class.php 第 199 行.
NOTIC: [8] Undefined index: tdattr D:\www\mebook\App\Home\Extend\FormHelper\FormHelper.class.php 第 145 行.
NOTIC: [8] Undefined index: thattr D:\www\mebook\App\Home\Extend\FormHelper\FormHelper.class.php 第 146 行.
NOTIC: [8] Undefined index: vt D:\www\mebook\App\Home\Extend\FormHelper\FormHelper.class.php 第 50 行.
NOTIC: [8] Undefined index: default D:\www\mebook\App\Home\Extend\FormHelper\FormHelper.class.php 第 51 行.
NOTIC: [8] Undefined index: attr D:\www\mebook\App\Home\Extend\FormHelper\FormHelper.class.php 第 199 行.
NOTIC: [8] Undefined index: tdattr D:\www\mebook\App\Home\Extend\FormHelper\FormHelper.class.php 第 145 行.
NOTIC: [8] Undefined index: thattr D:\www\mebook\App\Home\Extend\FormHelper\FormHelper.class.php 第 146 行.
NOTIC: [8] Undefined index: attr D:\www\mebook\App\Home\Extend\FormHelper\FormHelper.class.php 第 199 行.
NOTIC: [8] Undefined index: tdattr D:\www\mebook\App\Home\Extend\FormHelper\FormHelper.class.php 第 145 行.
NOTIC: [8] Undefined index: thattr D:\www\mebook\App\Home\Extend\FormHelper\FormHelper.class.php 第 146 行.
NOTIC: [8] Undefined index: attr D:\www\mebook\App\Home\Extend\FormHelper\FormHelper.class.php 第 199 行.
NOTIC: [8] Undefined index: tdattr D:\www\mebook\App\Home\Extend\FormHelper\FormHelper.class.php 第 145 行.
NOTIC: [8] Undefined index: thattr D:\www\mebook\App\Home\Extend\FormHelper\FormHelper.class.php 第 146 行.
NOTIC: [8] Undefined index: attr D:\www\mebook\App\Home\Extend\FormHelper\FormHelper.class.php 第 199 行.
NOTIC: [8] Undefined index: tdattr D:\www\mebook\App\Home\Extend\FormHelper\FormHelper.class.php 第 145 行.
NOTIC: [8] Undefined index: thattr D:\www\mebook\App\Home\Extend\FormHelper\FormHelper.class.php 第 146 行.
NOTIC: [8] Undefined index: attr D:\www\mebook\App\Home\Extend\FormHelper\FormHelper.class.php 第 199 行.
NOTIC: [8] Undefined index: tdattr D:\www\mebook\App\Home\Extend\FormHelper\FormHelper.class.php 第 145 行.
NOTIC: [8] Undefined index: thattr D:\www\mebook\App\Home\Extend\FormHelper\FormHelper.class.php 第 146 行.
INFO: [ view_filter ] --START--
INFO: Run Behavior\WriteHtmlCacheBehavior [ RunTime:0.000246s ]
INFO: [ view_filter ] --END-- [ RunTime:0.000294s ]
INFO: [ app_end ] --START--
INFO: Run Behavior\ShowPageTraceBehavior [ RunTime:0.000532s ]
INFO: [ app_end ] --END-- [ RunTime:0.000593s ]

[ 2017-02-27T14:18:32+08:00 ] 127.0.0.1 /Admin/info
INFO: [ app_init ] --START--
INFO: Run Behavior\BuildLiteBehavior [ RunTime:0.000017s ]
INFO: [ app_init ] --END-- [ RunTime:0.001115s ]
INFO: [ app_begin ] --START--
INFO: Run Behavior\ReadHtmlCacheBehavior [ RunTime:0.001722s ]
INFO: Run Behavior\CheckLangBehavior [ RunTime:0.004407s ]
INFO: [ app_begin ] --END-- [ RunTime:0.006267s ]
SQL: SHOW COLUMNS FROM `eb_option` [ RunTime:0.003903s ]
SQL: SELECT * FROM `eb_option` WHERE ( option_name='sys_reg_name' ) LIMIT 1   [ RunTime:0.000962s ]
SQL: SHOW COLUMNS FROM `eb_iplimit` [ RunTime:0.003736s ]
SQL: SELECT * FROM `eb_option` WHERE `option_name` IN ('sys_ip_fail_type','sys_ip_type')  [ RunTime:0.000281s ]
SQL: SELECT * FROM `eb_iplimit` WHERE ( is_close=0 AND 2105834626 between ip_beg_val AND ip_end_val ) LIMIT 1   [ RunTime:0.000905s ]
INFO: [ view_filter ] --START--
INFO: Run Behavior\WriteHtmlCacheBehavior [ RunTime:0.000973s ]
INFO: [ view_filter ] --END-- [ RunTime:0.001061s ]

[ 2017-02-27T14:18:33+08:00 ] 127.0.0.1 /Index/login
INFO: [ app_init ] --START--
INFO: Run Behavior\BuildLiteBehavior [ RunTime:0.000016s ]
INFO: [ app_init ] --END-- [ RunTime:0.000393s ]
INFO: [ app_begin ] --START--
INFO: Run Behavior\ReadHtmlCacheBehavior [ RunTime:0.000432s ]
INFO: Run Behavior\CheckLangBehavior [ RunTime:0.004340s ]
INFO: [ app_begin ] --END-- [ RunTime:0.004889s ]
NOTIC: [2048] Declaration of Home\Controller\IndexController::show() should be compatible with that of Think\Controller::show() D:\www\mebook\App\Home\Controller\IndexController.class.php 第 6 行.
SQL: SHOW COLUMNS FROM `eb_option` [ RunTime:0.004630s ]
SQL: SELECT * FROM `eb_option` WHERE ( option_name='sys_reg_name' ) LIMIT 1   [ RunTime:0.000319s ]
SQL: SHOW COLUMNS FROM `eb_iplimit` [ RunTime:0.004669s ]
SQL: SELECT * FROM `eb_option` WHERE `option_name` IN ('sys_ip_fail_type','sys_ip_type')  [ RunTime:0.000324s ]
SQL: SELECT * FROM `eb_iplimit` WHERE ( is_close=0 AND 2105834626 between ip_beg_val AND ip_end_val ) LIMIT 1   [ RunTime:0.000284s ]
SQL: SELECT * FROM `eb_option` WHERE `option_name` IN ('cas_open','cas_ver','cas_host','cas_port','cas_uri')  [ RunTime:0.000354s ]
SQL: SHOW COLUMNS FROM `eb_user` [ RunTime:0.004647s ]
SQL: SELECT * FROM `eb_option` WHERE ( option_name='sys_site_logo' ) LIMIT 1   [ RunTime:0.000321s ]
NOTIC: [8] Undefined index: sv D:\www\mebook\App\Home\View\Public\nav.php 第 22 行.
SQL: SHOW COLUMNS FROM `eb_nav` [ RunTime:0.004132s ]
SQL: SELECT * FROM `eb_nav` ORDER BY order_num,nav_id  [ RunTime:0.001050s ]
SQL: SHOW COLUMNS FROM `eb_booklist` [ RunTime:0.003995s ]
SQL: SELECT * FROM `eb_booklist` ORDER BY booklist_id desc  [ RunTime:0.001083s ]
INFO: [ view_filter ] --START--
INFO: Run Behavior\WriteHtmlCacheBehavior [ RunTime:0.000209s ]
INFO: [ view_filter ] --END-- [ RunTime:0.000269s ]
INFO: [ app_end ] --START--
INFO: Run Behavior\ShowPageTraceBehavior [ RunTime:0.001568s ]
INFO: [ app_end ] --END-- [ RunTime:0.001641s ]

[ 2017-02-27T14:18:37+08:00 ] 127.0.0.1 /Index/login
INFO: [ app_init ] --START--
INFO: Run Behavior\BuildLiteBehavior [ RunTime:0.000014s ]
INFO: [ app_init ] --END-- [ RunTime:0.000420s ]
INFO: [ app_begin ] --START--
INFO: Run Behavior\ReadHtmlCacheBehavior [ RunTime:0.000698s ]
INFO: Run Behavior\CheckLangBehavior [ RunTime:0.005128s ]
INFO: [ app_begin ] --END-- [ RunTime:0.006009s ]
NOTIC: [2048] Declaration of Home\Controller\IndexController::show() should be compatible with that of Think\Controller::show() D:\www\mebook\App\Home\Controller\IndexController.class.php 第 6 行.
SQL: SHOW COLUMNS FROM `eb_option` [ RunTime:0.008744s ]
SQL: SELECT * FROM `eb_option` WHERE ( option_name='sys_reg_name' ) LIMIT 1   [ RunTime:0.000303s ]
SQL: SHOW COLUMNS FROM `eb_iplimit` [ RunTime:0.006846s ]
SQL: SELECT * FROM `eb_option` WHERE `option_name` IN ('sys_ip_fail_type','sys_ip_type')  [ RunTime:0.000403s ]
SQL: SELECT * FROM `eb_iplimit` WHERE ( is_close=0 AND 2105834626 between ip_beg_val AND ip_end_val ) LIMIT 1   [ RunTime:0.000278s ]
SQL: SELECT * FROM `eb_option` WHERE `option_name` IN ('cas_open','cas_ver','cas_host','cas_port','cas_uri')  [ RunTime:0.000472s ]
SQL: SHOW COLUMNS FROM `eb_user` [ RunTime:0.006578s ]
SQL: SELECT * FROM `eb_user` WHERE ( user_name='admin' ) LIMIT 1   [ RunTime:0.001897s ]
INFO: [ view_filter ] --START--
INFO: Run Behavior\WriteHtmlCacheBehavior [ RunTime:0.000299s ]
INFO: [ view_filter ] --END-- [ RunTime:0.000393s ]
INFO: [ app_end ] --START--
INFO: Run Behavior\ShowPageTraceBehavior [ RunTime:0.000635s ]
INFO: [ app_end ] --END-- [ RunTime:0.000718s ]

[ 2017-02-27T14:18:39+08:00 ] 127.0.0.1 /Admin/info
INFO: [ app_init ] --START--
INFO: Run Behavior\BuildLiteBehavior [ RunTime:0.000018s ]
INFO: [ app_init ] --END-- [ RunTime:0.000544s ]
INFO: [ app_begin ] --START--
INFO: Run Behavior\ReadHtmlCacheBehavior [ RunTime:0.000519s ]
INFO: Run Behavior\CheckLangBehavior [ RunTime:0.003798s ]
INFO: [ app_begin ] --END-- [ RunTime:0.004475s ]
SQL: SHOW COLUMNS FROM `eb_option` [ RunTime:0.005591s ]
SQL: SELECT * FROM `eb_option` WHERE ( option_name='sys_reg_name' ) LIMIT 1   [ RunTime:0.000284s ]
SQL: SHOW COLUMNS FROM `eb_iplimit` [ RunTime:0.004589s ]
SQL: SELECT * FROM `eb_option` WHERE `option_name` IN ('sys_ip_fail_type','sys_ip_type')  [ RunTime:0.000518s ]
SQL: SELECT * FROM `eb_iplimit` WHERE ( is_close=0 AND 2105834626 between ip_beg_val AND ip_end_val ) LIMIT 1   [ RunTime:0.000565s ]
NOTIC: [8] Undefined index: url D:\www\mebook\App\Home\Extend\AdminMenu\AdminMenu.class.php 第 111 行.
NOTIC: [8] Undefined index: url D:\www\mebook\App\Home\Extend\AdminMenu\AdminMenu.class.php 第 112 行.
SQL: SELECT * FROM `eb_option` WHERE `option_name` IN ('sys_reg_name','sys_is_open','sys_is_verify','sys_is_reg','sys_ip_type','sys_ip_fail_type','sys_index_left1','sys_index_left2','sys_index_left3','sys_site_logo','sys_filter_word','sys_book_path','cas_open','cas_ver','cas_host','cas_port','cas_uri')  [ RunTime:0.000505s ]
NOTIC: [8] Undefined variable: info D:\www\mebook\App\Home\Controller\AdminController.class.php 第 29 行.
SQL: SHOW COLUMNS FROM `eb_booklist` [ RunTime:0.004648s ]
SQL: SELECT * FROM `eb_booklist` ORDER BY booklist_id desc  [ RunTime:0.000887s ]
SQL: SHOW COLUMNS FROM `eb_book` [ RunTime:0.004656s ]
SQL: SHOW COLUMNS FROM `eb_book_ft` [ RunTime:0.006678s ]
SQL: SELECT COUNT(0) AS tp_count FROM `eb_book` LIMIT 1   [ RunTime:0.013352s ]
SQL: SELECT COUNT(0) AS tp_count FROM `eb_book_ft` LIMIT 1   [ RunTime:0.001215s ]
NOTIC: [8] Undefined index: attr D:\www\mebook\App\Home\View\Public\head_admin.php 第 38 行.
NOTIC: [8] Undefined index: attr D:\www\mebook\App\Home\View\Public\head_admin.php 第 38 行.
NOTIC: [8] Undefined index: attr D:\www\mebook\App\Home\View\Public\head_admin.php 第 38 行.
NOTIC: [8] Undefined index: attr D:\www\mebook\App\Home\View\Public\head_admin.php 第 38 行.
NOTIC: [8] Undefined index: attr D:\www\mebook\App\Home\View\Public\head_admin.php 第 38 行.
NOTIC: [8] Undefined index: attr D:\www\mebook\App\Home\View\Public\head_admin.php 第 55 行.
NOTIC: [8] Undefined index: attr D:\www\mebook\App\Home\View\Public\head_admin.php 第 55 行.
NOTIC: [8] Undefined index: attr D:\www\mebook\App\Home\View\Public\head_admin.php 第 55 行.
NOTIC: [8] Undefined index: attr D:\www\mebook\App\Home\View\Public\head_admin.php 第 55 行.
NOTIC: [8] Undefined index: attr D:\www\mebook\App\Home\View\Public\head_admin.php 第 55 行.
NOTIC: [8] Undefined index: attr D:\www\mebook\App\Home\View\Public\head_admin.php 第 55 行.
NOTIC: [8] Undefined index: attr D:\www\mebook\App\Home\View\Public\head_admin.php 第 55 行.
NOTIC: [8] Undefined index: attr D:\www\mebook\App\Home\View\Public\head_admin.php 第 55 行.
NOTIC: [8] Undefined index: attr D:\www\mebook\App\Home\View\Public\head_admin.php 第 55 行.
NOTIC: [8] Undefined index: attr D:\www\mebook\App\Home\Extend\FormHelper\FormHelper.class.php 第 199 行.
NOTIC: [8] Undefined index: attr D:\www\mebook\App\Home\Extend\FormHelper\FormHelper.class.php 第 199 行.
NOTIC: [8] Undefined index: tdattr D:\www\mebook\App\Home\Extend\FormHelper\FormHelper.class.php 第 145 行.
NOTIC: [8] Undefined index: thattr D:\www\mebook\App\Home\Extend\FormHelper\FormHelper.class.php 第 146 行.
NOTIC: [8] Undefined index: vt D:\www\mebook\App\Home\Extend\FormHelper\FormHelper.class.php 第 50 行.
NOTIC: [8] Undefined index: attr D:\www\mebook\App\Home\Extend\FormHelper\FormHelper.class.php 第 199 行.
NOTIC: [8] Undefined index: tdattr D:\www\mebook\App\Home\Extend\FormHelper\FormHelper.class.php 第 145 行.
NOTIC: [8] Undefined index: thattr D:\www\mebook\App\Home\Extend\FormHelper\FormHelper.class.php 第 146 行.
NOTIC: [8] Undefined index: vt D:\www\mebook\App\Home\Extend\FormHelper\FormHelper.class.php 第 50 行.
NOTIC: [8] Undefined index: default D:\www\mebook\App\Home\Extend\FormHelper\FormHelper.class.php 第 51 行.
NOTIC: [8] Undefined index: attr D:\www\mebook\App\Home\Extend\FormHelper\FormHelper.class.php 第 199 行.
NOTIC: [8] Undefined index: tdattr D:\www\mebook\App\Home\Extend\FormHelper\FormHelper.class.php 第 145 行.
NOTIC: [8] Undefined index: thattr D:\www\mebook\App\Home\Extend\FormHelper\FormHelper.class.php 第 146 行.
NOTIC: [8] Undefined index: vt D:\www\mebook\App\Home\Extend\FormHelper\FormHelper.class.php 第 50 行.
NOTIC: [8] Undefined index: attr D:\www\mebook\App\Home\Extend\FormHelper\FormHelper.class.php 第 199 行.
NOTIC: [8] Undefined index: attr D:\www\mebook\App\Home\Extend\FormHelper\FormHelper.class.php 第 199 行.
NOTIC: [8] Undefined index: tdattr D:\www\mebook\App\Home\Extend\FormHelper\FormHelper.class.php 第 145 行.
NOTIC: [8] Undefined index: thattr D:\www\mebook\App\Home\Extend\FormHelper\FormHelper.class.php 第 146 行.
NOTIC: [8] Undefined index: attr D:\www\mebook\App\Home\Extend\FormHelper\FormHelper.class.php 第 199 行.
NOTIC: [8] Undefined index: tdattr D:\www\mebook\App\Home\Extend\FormHelper\FormHelper.class.php 第 145 行.
NOTIC: [8] Undefined index: thattr D:\www\mebook\App\Home\Extend\FormHelper\FormHelper.class.php 第 146 行.
NOTIC: [8] Undefined index: attr D:\www\mebook\App\Home\Extend\FormHelper\FormHelper.class.php 第 199 行.
NOTIC: [8] Undefined index: tdattr D:\www\mebook\App\Home\Extend\FormHelper\FormHelper.class.php 第 145 行.
NOTIC: [8] Undefined index: thattr D:\www\mebook\App\Home\Extend\FormHelper\FormHelper.class.php 第 146 行.
NOTIC: [8] Undefined index: attr D:\www\mebook\App\Home\Extend\FormHelper\FormHelper.class.php 第 199 行.
NOTIC: [8] Undefined index: tdattr D:\www\mebook\App\Home\Extend\FormHelper\FormHelper.class.php 第 145 行.
NOTIC: [8] Undefined index: thattr D:\www\mebook\App\Home\Extend\FormHelper\FormHelper.class.php 第 146 行.
NOTIC: [8] Undefined index: attr D:\www\mebook\App\Home\Extend\FormHelper\FormHelper.class.php 第 199 行.
NOTIC: [8] Undefined index: tdattr D:\www\mebook\App\Home\Extend\FormHelper\FormHelper.class.php 第 145 行.
NOTIC: [8] Undefined index: thattr D:\www\mebook\App\Home\Extend\FormHelper\FormHelper.class.php 第 146 行.
NOTIC: [8] Undefined index: attr D:\www\mebook\App\Home\Extend\FormHelper\FormHelper.class.php 第 199 行.
NOTIC: [8] Undefined index: tdattr D:\www\mebook\App\Home\Extend\FormHelper\FormHelper.class.php 第 145 行.
NOTIC: [8] Undefined index: thattr D:\www\mebook\App\Home\Extend\FormHelper\FormHelper.class.php 第 146 行.
NOTIC: [8] Undefined index: attr D:\www\mebook\App\Home\Extend\FormHelper\FormHelper.class.php 第 199 行.
NOTIC: [8] Undefined index: tdattr D:\www\mebook\App\Home\Extend\FormHelper\FormHelper.class.php 第 145 行.
NOTIC: [8] Undefined index: thattr D:\www\mebook\App\Home\Extend\FormHelper\FormHelper.class.php 第 146 行.
NOTIC: [8] Undefined index: vt D:\www\mebook\App\Home\Extend\FormHelper\FormHelper.class.php 第 50 行.
NOTIC: [8] Undefined index: default D:\www\mebook\App\Home\Extend\FormHelper\FormHelper.class.php 第 51 行.
NOTIC: [8] Undefined index: attr D:\www\mebook\App\Home\Extend\FormHelper\FormHelper.class.php 第 199 行.
NOTIC: [8] Undefined index: tdattr D:\www\mebook\App\Home\Extend\FormHelper\FormHelper.class.php 第 145 行.
NOTIC: [8] Undefined index: thattr D:\www\mebook\App\Home\Extend\FormHelper\FormHelper.class.php 第 146 行.
NOTIC: [8] Undefined index: attr D:\www\mebook\App\Home\Extend\FormHelper\FormHelper.class.php 第 199 行.
NOTIC: [8] Undefined index: tdattr D:\www\mebook\App\Home\Extend\FormHelper\FormHelper.class.php 第 145 行.
NOTIC: [8] Undefined index: thattr D:\www\mebook\App\Home\Extend\FormHelper\FormHelper.class.php 第 146 行.
NOTIC: [8] Undefined index: attr D:\www\mebook\App\Home\Extend\FormHelper\FormHelper.class.php 第 199 行.
NOTIC: [8] Undefined index: tdattr D:\www\mebook\App\Home\Extend\FormHelper\FormHelper.class.php 第 145 行.
NOTIC: [8] Undefined index: thattr D:\www\mebook\App\Home\Extend\FormHelper\FormHelper.class.php 第 146 行.
NOTIC: [8] Undefined index: attr D:\www\mebook\App\Home\Extend\FormHelper\FormHelper.class.php 第 199 行.
NOTIC: [8] Undefined index: tdattr D:\www\mebook\App\Home\Extend\FormHelper\FormHelper.class.php 第 145 行.
NOTIC: [8] Undefined index: thattr D:\www\mebook\App\Home\Extend\FormHelper\FormHelper.class.php 第 146 行.
NOTIC: [8] Undefined index: attr D:\www\mebook\App\Home\Extend\FormHelper\FormHelper.class.php 第 199 行.
NOTIC: [8] Undefined index: tdattr D:\www\mebook\App\Home\Extend\FormHelper\FormHelper.class.php 第 145 行.
NOTIC: [8] Undefined index: thattr D:\www\mebook\App\Home\Extend\FormHelper\FormHelper.class.php 第 146 行.
INFO: [ view_filter ] --START--
INFO: Run Behavior\WriteHtmlCacheBehavior [ RunTime:0.000210s ]
INFO: [ view_filter ] --END-- [ RunTime:0.000270s ]
INFO: [ app_end ] --START--
INFO: Run Behavior\ShowPageTraceBehavior [ RunTime:0.000429s ]
INFO: [ app_end ] --END-- [ RunTime:0.000484s ]

[ 2017-02-27T15:35:57+08:00 ] 127.0.0.1 /Book/index
INFO: [ app_init ] --START--
INFO: Run Behavior\BuildLiteBehavior [ RunTime:0.000016s ]
INFO: [ app_init ] --END-- [ RunTime:0.000552s ]
INFO: [ app_begin ] --START--
INFO: Run Behavior\ReadHtmlCacheBehavior [ RunTime:0.001340s ]
INFO: Run Behavior\CheckLangBehavior [ RunTime:0.005561s ]
INFO: [ app_begin ] --END-- [ RunTime:0.007024s ]
SQL: SHOW COLUMNS FROM `eb_option` [ RunTime:0.004611s ]
SQL: SELECT * FROM `eb_option` WHERE ( option_name='sys_reg_name' ) LIMIT 1   [ RunTime:0.000256s ]
SQL: SHOW COLUMNS FROM `eb_iplimit` [ RunTime:0.003668s ]
SQL: SELECT * FROM `eb_option` WHERE `option_name` IN ('sys_ip_fail_type','sys_ip_type')  [ RunTime:0.000273s ]
SQL: SELECT * FROM `eb_iplimit` WHERE ( is_close=0 AND 2105834626 between ip_beg_val AND ip_end_val ) LIMIT 1   [ RunTime:0.000174s ]
NOTIC: [8] Undefined index: url D:\www\mebook\App\Home\Extend\AdminMenu\AdminMenu.class.php 第 111 行.
NOTIC: [8] Undefined index: url D:\www\mebook\App\Home\Extend\AdminMenu\AdminMenu.class.php 第 112 行.
NOTIC: [8] Undefined index: url D:\www\mebook\App\Home\Extend\AdminMenu\AdminMenu.class.php 第 111 行.
NOTIC: [8] Undefined index: url D:\www\mebook\App\Home\Extend\AdminMenu\AdminMenu.class.php 第 112 行.
SQL: SHOW COLUMNS FROM `eb_book` [ RunTime:0.005058s ]
SQL: SHOW COLUMNS FROM `eb_book` [ RunTime:0.004746s ]
NOTIC: [8] Undefined index: title D:\www\mebook\App\Home\Controller\BookController.class.php 第 15 行.
NOTIC: [8] Undefined index: isbn D:\www\mebook\App\Home\Controller\BookController.class.php 第 19 行.
NOTIC: [8] Undefined index: author D:\www\mebook\App\Home\Controller\BookController.class.php 第 23 行.
NOTIC: [8] Undefined index: clc D:\www\mebook\App\Home\Controller\BookController.class.php 第 27 行.
SQL: SELECT COUNT(0) AS tp_count FROM `eb_book` LIMIT 1   [ RunTime:0.006703s ]
SQL: SELECT * FROM `eb_book` ORDER BY book_id desc LIMIT 0,15   [ RunTime:0.001784s ]
NOTIC: [8] Undefined variable: order_str D:\www\mebook\App\Home\Extend\TableTool\TableTool.class.php 第 214 行.
NOTIC: [8] Undefined variable: order_str D:\www\mebook\App\Home\Extend\TableTool\TableTool.class.php 第 214 行.
NOTIC: [8] Undefined variable: order_str D:\www\mebook\App\Home\Extend\TableTool\TableTool.class.php 第 214 行.
NOTIC: [8] Undefined variable: order_str D:\www\mebook\App\Home\Extend\TableTool\TableTool.class.php 第 214 行.
NOTIC: [8] Undefined variable: order_str D:\www\mebook\App\Home\Extend\TableTool\TableTool.class.php 第 214 行.
NOTIC: [8] Undefined index: attr D:\www\mebook\App\Home\Extend\TableTool\TableTool.class.php 第 378 行.
NOTIC: [8] Undefined index: attr D:\www\mebook\App\Home\Extend\TableTool\TableTool.class.php 第 378 行.
NOTIC: [8] Undefined index: attr D:\www\mebook\App\Home\Extend\TableTool\TableTool.class.php 第 378 行.
NOTIC: [8] Undefined index: attr D:\www\mebook\App\Home\Extend\TableTool\TableTool.class.php 第 378 行.
NOTIC: [8] Undefined index: attr D:\www\mebook\App\Home\Extend\TableTool\TableTool.class.php 第 378 行.
NOTIC: [8] Undefined index: attr D:\www\mebook\App\Home\Extend\TableTool\TableTool.class.php 第 378 行.
NOTIC: [8] Undefined index: attr D:\www\mebook\App\Home\Extend\TableTool\TableTool.class.php 第 378 行.
NOTIC: [8] Undefined index: attr D:\www\mebook\App\Home\Extend\TableTool\TableTool.class.php 第 378 行.
NOTIC: [8] Undefined index: attr D:\www\mebook\App\Home\Extend\TableTool\TableTool.class.php 第 378 行.
NOTIC: [8] Undefined index: attr D:\www\mebook\App\Home\Extend\TableTool\TableTool.class.php 第 378 行.
NOTIC: [8] Undefined index: attr D:\www\mebook\App\Home\Extend\TableTool\TableTool.class.php 第 378 行.
NOTIC: [8] Undefined index: attr D:\www\mebook\App\Home\Extend\TableTool\TableTool.class.php 第 378 行.
NOTIC: [8] Undefined index: attr D:\www\mebook\App\Home\Extend\TableTool\TableTool.class.php 第 378 行.
NOTIC: [8] Undefined index: attr D:\www\mebook\App\Home\Extend\TableTool\TableTool.class.php 第 378 行.
NOTIC: [8] Undefined index: attr D:\www\mebook\App\Home\Extend\TableTool\TableTool.class.php 第 378 行.
NOTIC: [8] Undefined index: attr D:\www\mebook\App\Home\Extend\TableTool\TableTool.class.php 第 378 行.
NOTIC: [8] Undefined index: attr D:\www\mebook\App\Home\Extend\TableTool\TableTool.class.php 第 378 行.
NOTIC: [8] Undefined index: attr D:\www\mebook\App\Home\Extend\TableTool\TableTool.class.php 第 378 行.
NOTIC: [8] Undefined index: attr D:\www\mebook\App\Home\Extend\TableTool\TableTool.class.php 第 378 行.
NOTIC: [8] Undefined index: attr D:\www\mebook\App\Home\Extend\TableTool\TableTool.class.php 第 378 行.
NOTIC: [8] Undefined index: attr D:\www\mebook\App\Home\Extend\TableTool\TableTool.class.php 第 378 行.
NOTIC: [8] Undefined index: attr D:\www\mebook\App\Home\Extend\TableTool\TableTool.class.php 第 378 行.
NOTIC: [8] Undefined index: attr D:\www\mebook\App\Home\Extend\TableTool\TableTool.class.php 第 378 行.
NOTIC: [8] Undefined index: attr D:\www\mebook\App\Home\Extend\TableTool\TableTool.class.php 第 378 行.
NOTIC: [8] Undefined index: attr D:\www\mebook\App\Home\Extend\TableTool\TableTool.class.php 第 378 行.
NOTIC: [8] Undefined index: attr D:\www\mebook\App\Home\Extend\TableTool\TableTool.class.php 第 378 行.
NOTIC: [8] Undefined index: attr D:\www\mebook\App\Home\Extend\TableTool\TableTool.class.php 第 378 行.
NOTIC: [8] Undefined index: attr D:\www\mebook\App\Home\Extend\TableTool\TableTool.class.php 第 378 行.
NOTIC: [8] Undefined index: attr D:\www\mebook\App\Home\Extend\TableTool\TableTool.class.php 第 378 行.
NOTIC: [8] Undefined index: attr D:\www\mebook\App\Home\Extend\TableTool\TableTool.class.php 第 378 行.
NOTIC: [8] Undefined index: attr D:\www\mebook\App\Home\Extend\TableTool\TableTool.class.php 第 378 行.
NOTIC: [8] Undefined index: attr D:\www\mebook\App\Home\Extend\TableTool\TableTool.class.php 第 378 行.
NOTIC: [8] Undefined index: attr D:\www\mebook\App\Home\Extend\TableTool\TableTool.class.php 第 378 行.
NOTIC: [8] Undefined index: attr D:\www\mebook\App\Home\Extend\TableTool\TableTool.class.php 第 378 行.
NOTIC: [8] Undefined index: attr D:\www\mebook\App\Home\Extend\TableTool\TableTool.class.php 第 378 行.
NOTIC: [8] Undefined index: attr D:\www\mebook\App\Home\Extend\TableTool\TableTool.class.php 第 378 行.
NOTIC: [8] Undefined index: attr D:\www\mebook\App\Home\Extend\TableTool\TableTool.class.php 第 378 行.
NOTIC: [8] Undefined index: attr D:\www\mebook\App\Home\Extend\TableTool\TableTool.class.php 第 378 行.
NOTIC: [8] Undefined index: attr D:\www\mebook\App\Home\Extend\TableTool\TableTool.class.php 第 378 行.
NOTIC: [8] Undefined index: attr D:\www\mebook\App\Home\Extend\TableTool\TableTool.class.php 第 378 行.
NOTIC: [8] Undefined index: attr D:\www\mebook\App\Home\Extend\TableTool\TableTool.class.php 第 378 行.
NOTIC: [8] Undefined index: attr D:\www\mebook\App\Home\Extend\TableTool\TableTool.class.php 第 378 行.
NOTIC: [8] Undefined index: attr D:\www\mebook\App\Home\Extend\TableTool\TableTool.class.php 第 378 行.
NOTIC: [8] Undefined index: attr D:\www\mebook\App\Home\Extend\TableTool\TableTool.class.php 第 378 行.
NOTIC: [8] Undefined index: attr D:\www\mebook\App\Home\Extend\TableTool\TableTool.class.php 第 378 行.
NOTIC: [8] Undefined index: attr D:\www\mebook\App\Home\Extend\TableTool\TableTool.class.php 第 378 行.
NOTIC: [8] Undefined index: attr D:\www\mebook\App\Home\Extend\TableTool\TableTool.class.php 第 378 行.
NOTIC: [8] Undefined index: attr D:\www\mebook\App\Home\Extend\TableTool\TableTool.class.php 第 378 行.
NOTIC: [8] Undefined index: attr D:\www\mebook\App\Home\Extend\TableTool\TableTool.class.php 第 378 行.
NOTIC: [8] Undefined index: attr D:\www\mebook\App\Home\Extend\TableTool\TableTool.class.php 第 378 行.
NOTIC: [8] Undefined index: attr D:\www\mebook\App\Home\Extend\TableTool\TableTool.class.php 第 378 行.
NOTIC: [8] Undefined index: attr D:\www\mebook\App\Home\Extend\TableTool\TableTool.class.php 第 378 行.
NOTIC: [8] Undefined index: attr D:\www\mebook\App\Home\Extend\TableTool\TableTool.class.php 第 378 行.
NOTIC: [8] Undefined index: attr D:\www\mebook\App\Home\Extend\TableTool\TableTool.class.php 第 378 行.
NOTIC: [8] Undefined index: attr D:\www\mebook\App\Home\Extend\TableTool\TableTool.class.php 第 378 行.
NOTIC: [8] Undefined index: attr D:\www\mebook\App\Home\Extend\TableTool\TableTool.class.php 第 378 行.
NOTIC: [8] Undefined index: attr D:\www\mebook\App\Home\Extend\TableTool\TableTool.class.php 第 378 行.
NOTIC: [8] Undefined index: attr D:\www\mebook\App\Home\Extend\TableTool\TableTool.class.php 第 378 行.
NOTIC: [8] Undefined index: attr D:\www\mebook\App\Home\Extend\TableTool\TableTool.class.php 第 378 行.
NOTIC: [8] Undefined index: attr D:\www\mebook\App\Home\Extend\TableTool\TableTool.class.php 第 378 行.
SQL: SHOW COLUMNS FROM `eb_booklist` [ RunTime:0.004571s ]
SQL: SELECT * FROM `eb_option` WHERE ( option_name='sys_booklist_id' ) LIMIT 1   [ RunTime:0.000258s ]
SQL: SELECT * FROM `eb_booklist` WHERE ( booklist_id=1 ) LIMIT 1   [ RunTime:0.000151s ]
NOTIC: [8] Undefined index: attr D:\www\mebook\App\Home\View\Public\head_admin.php 第 38 行.
NOTIC: [8] Undefined index: attr D:\www\mebook\App\Home\View\Public\head_admin.php 第 38 行.
NOTIC: [8] Undefined index: attr D:\www\mebook\App\Home\View\Public\head_admin.php 第 38 行.
NOTIC: [8] Undefined index: attr D:\www\mebook\App\Home\View\Public\head_admin.php 第 38 行.
NOTIC: [8] Undefined index: attr D:\www\mebook\App\Home\View\Public\head_admin.php 第 38 行.
NOTIC: [8] Undefined index: attr D:\www\mebook\App\Home\View\Public\head_admin.php 第 55 行.
NOTIC: [8] Undefined index: attr D:\www\mebook\App\Home\View\Public\head_admin.php 第 55 行.
NOTIC: [8] Undefined index: attr D:\www\mebook\App\Home\View\Public\head_admin.php 第 55 行.
NOTIC: [8] Undefined index: attr D:\www\mebook\App\Home\View\Public\head_admin.php 第 55 行.
NOTIC: [8] Undefined index: s1 D:\www\mebook\App\Home\View\Book\index.php 第 9 行.
NOTIC: [8] Undefined index: v1 D:\www\mebook\App\Home\View\Book\index.php 第 10 行.
NOTIC: [8] Undefined index: s2 D:\www\mebook\App\Home\View\Book\index.php 第 11 行.
NOTIC: [8] Undefined index: v2 D:\www\mebook\App\Home\View\Book\index.php 第 12 行.
INFO: [ view_filter ] --START--
INFO: Run Behavior\WriteHtmlCacheBehavior [ RunTime:0.001136s ]
INFO: [ view_filter ] --END-- [ RunTime:0.001228s ]
INFO: [ app_end ] --START--
INFO: Run Behavior\ShowPageTraceBehavior [ RunTime:0.000559s ]
INFO: [ app_end ] --END-- [ RunTime:0.000624s ]

[ 2017-02-27T15:35:58+08:00 ] 127.0.0.1 /Cmt/index
INFO: [ app_init ] --START--
INFO: Run Behavior\BuildLiteBehavior [ RunTime:0.000025s ]
INFO: [ app_init ] --END-- [ RunTime:0.000707s ]
INFO: [ app_begin ] --START--
INFO: Run Behavior\ReadHtmlCacheBehavior [ RunTime:0.000718s ]
INFO: Run Behavior\CheckLangBehavior [ RunTime:0.004108s ]
INFO: [ app_begin ] --END-- [ RunTime:0.004982s ]
SQL: SHOW COLUMNS FROM `eb_option` [ RunTime:0.004929s ]
SQL: SELECT * FROM `eb_option` WHERE ( option_name='sys_reg_name' ) LIMIT 1   [ RunTime:0.000339s ]
SQL: SHOW COLUMNS FROM `eb_iplimit` [ RunTime:0.004531s ]
SQL: SELECT * FROM `eb_option` WHERE `option_name` IN ('sys_ip_fail_type','sys_ip_type')  [ RunTime:0.000372s ]
SQL: SELECT * FROM `eb_iplimit` WHERE ( is_close=0 AND 2105834626 between ip_beg_val AND ip_end_val ) LIMIT 1   [ RunTime:0.000312s ]
NOTIC: [8] Undefined index: url D:\www\mebook\App\Home\Extend\AdminMenu\AdminMenu.class.php 第 111 行.
NOTIC: [8] Undefined index: url D:\www\mebook\App\Home\Extend\AdminMenu\AdminMenu.class.php 第 112 行.
NOTIC: [8] Undefined index: url D:\www\mebook\App\Home\Extend\AdminMenu\AdminMenu.class.php 第 111 行.
NOTIC: [8] Undefined index: url D:\www\mebook\App\Home\Extend\AdminMenu\AdminMenu.class.php 第 112 行.
NOTIC: [8] Undefined index: url D:\www\mebook\App\Home\Extend\AdminMenu\AdminMenu.class.php 第 111 行.
NOTIC: [8] Undefined index: url D:\www\mebook\App\Home\Extend\AdminMenu\AdminMenu.class.php 第 112 行.
SQL: SHOW COLUMNS FROM `eb_cmt` [ RunTime:0.004091s ]
SQL: SHOW COLUMNS FROM `eb_cmt` [ RunTime:0.004138s ]
NOTIC: [8] Undefined index: title D:\www\mebook\App\Home\Controller\CmtController.class.php 第 15 行.
NOTIC: [8] Undefined index: user_name D:\www\mebook\App\Home\Controller\CmtController.class.php 第 19 行.
SQL: SELECT COUNT(0) AS tp_count FROM `eb_cmt` INNER JOIN eb_book ON eb_cmt.book_id = eb_book.book_id INNER JOIN eb_user ON eb_cmt.user_id = eb_user.user_id  LIMIT 1   [ RunTime:0.001124s ]
SQL: SELECT * FROM `eb_cmt` INNER JOIN eb_book ON eb_cmt.book_id = eb_book.book_id INNER JOIN eb_user ON eb_cmt.user_id = eb_user.user_id  ORDER BY cmt_id desc LIMIT 0,15   [ RunTime:0.000471s ]
NOTIC: [8] Undefined variable: order_str D:\www\mebook\App\Home\Extend\TableTool\TableTool.class.php 第 214 行.
NOTIC: [8] Undefined variable: order_str D:\www\mebook\App\Home\Extend\TableTool\TableTool.class.php 第 214 行.
NOTIC: [8] Undefined variable: order_str D:\www\mebook\App\Home\Extend\TableTool\TableTool.class.php 第 214 行.
NOTIC: [8] Undefined variable: order_str D:\www\mebook\App\Home\Extend\TableTool\TableTool.class.php 第 214 行.
NOTIC: [8] Undefined index: attr D:\www\mebook\App\Home\View\Public\head_admin.php 第 38 行.
NOTIC: [8] Undefined index: attr D:\www\mebook\App\Home\View\Public\head_admin.php 第 38 行.
NOTIC: [8] Undefined index: attr D:\www\mebook\App\Home\View\Public\head_admin.php 第 38 行.
NOTIC: [8] Undefined index: attr D:\www\mebook\App\Home\View\Public\head_admin.php 第 38 行.
NOTIC: [8] Undefined index: attr D:\www\mebook\App\Home\View\Public\head_admin.php 第 38 行.
NOTIC: [8] Undefined index: attr D:\www\mebook\App\Home\View\Public\head_admin.php 第 55 行.
NOTIC: [8] Undefined index: attr D:\www\mebook\App\Home\View\Public\head_admin.php 第 55 行.
NOTIC: [8] Undefined index: attr D:\www\mebook\App\Home\View\Public\head_admin.php 第 55 行.
NOTIC: [8] Undefined index: attr D:\www\mebook\App\Home\View\Public\head_admin.php 第 55 行.
NOTIC: [8] Undefined index: attr D:\www\mebook\App\Home\View\Public\head_admin.php 第 55 行.
NOTIC: [8] Undefined index: attr D:\www\mebook\App\Home\View\Public\head_admin.php 第 55 行.
NOTIC: [8] Undefined index: attr D:\www\mebook\App\Home\View\Public\head_admin.php 第 55 行.
NOTIC: [8] Undefined index: attr D:\www\mebook\App\Home\View\Public\head_admin.php 第 55 行.
NOTIC: [8] Undefined index: s1 D:\www\mebook\App\Home\View\Cmt\index.php 第 9 行.
NOTIC: [8] Undefined index: v1 D:\www\mebook\App\Home\View\Cmt\index.php 第 10 行.
INFO: [ view_filter ] --START--
INFO: Run Behavior\WriteHtmlCacheBehavior [ RunTime:0.000196s ]
INFO: [ view_filter ] --END-- [ RunTime:0.000259s ]
INFO: [ app_end ] --START--
INFO: Run Behavior\ShowPageTraceBehavior [ RunTime:0.000572s ]
INFO: [ app_end ] --END-- [ RunTime:0.000642s ]

[ 2017-02-27T15:35:58+08:00 ] 127.0.0.1 /Cmt/index
INFO: [ app_init ] --START--
INFO: Run Behavior\BuildLiteBehavior [ RunTime:0.000015s ]
INFO: [ app_init ] --END-- [ RunTime:0.000388s ]
INFO: [ app_begin ] --START--
INFO: Run Behavior\ReadHtmlCacheBehavior [ RunTime:0.000430s ]
INFO: Run Behavior\CheckLangBehavior [ RunTime:0.002113s ]
INFO: [ app_begin ] --END-- [ RunTime:0.002651s ]
SQL: SHOW COLUMNS FROM `eb_option` [ RunTime:0.004484s ]
SQL: SELECT * FROM `eb_option` WHERE ( option_name='sys_reg_name' ) LIMIT 1   [ RunTime:0.000319s ]
SQL: SHOW COLUMNS FROM `eb_iplimit` [ RunTime:0.003708s ]
SQL: SELECT * FROM `eb_option` WHERE `option_name` IN ('sys_ip_fail_type','sys_ip_type')  [ RunTime:0.000372s ]
SQL: SELECT * FROM `eb_iplimit` WHERE ( is_close=0 AND 2105834626 between ip_beg_val AND ip_end_val ) LIMIT 1   [ RunTime:0.000299s ]
NOTIC: [8] Undefined index: url D:\www\mebook\App\Home\Extend\AdminMenu\AdminMenu.class.php 第 111 行.
NOTIC: [8] Undefined index: url D:\www\mebook\App\Home\Extend\AdminMenu\AdminMenu.class.php 第 112 行.
NOTIC: [8] Undefined index: url D:\www\mebook\App\Home\Extend\AdminMenu\AdminMenu.class.php 第 111 行.
NOTIC: [8] Undefined index: url D:\www\mebook\App\Home\Extend\AdminMenu\AdminMenu.class.php 第 112 行.
NOTIC: [8] Undefined index: url D:\www\mebook\App\Home\Extend\AdminMenu\AdminMenu.class.php 第 111 行.
NOTIC: [8] Undefined index: url D:\www\mebook\App\Home\Extend\AdminMenu\AdminMenu.class.php 第 112 行.
SQL: SHOW COLUMNS FROM `eb_cmt` [ RunTime:0.004649s ]
SQL: SHOW COLUMNS FROM `eb_cmt` [ RunTime:0.004211s ]
NOTIC: [8] Undefined index: title D:\www\mebook\App\Home\Controller\CmtController.class.php 第 15 行.
NOTIC: [8] Undefined index: user_name D:\www\mebook\App\Home\Controller\CmtController.class.php 第 19 行.
SQL: SELECT COUNT(0) AS tp_count FROM `eb_cmt` INNER JOIN eb_book ON eb_cmt.book_id = eb_book.book_id INNER JOIN eb_user ON eb_cmt.user_id = eb_user.user_id  LIMIT 1   [ RunTime:0.000320s ]
SQL: SELECT * FROM `eb_cmt` INNER JOIN eb_book ON eb_cmt.book_id = eb_book.book_id INNER JOIN eb_user ON eb_cmt.user_id = eb_user.user_id  ORDER BY cmt_id desc LIMIT 0,15   [ RunTime:0.000598s ]
NOTIC: [8] Undefined variable: order_str D:\www\mebook\App\Home\Extend\TableTool\TableTool.class.php 第 214 行.
NOTIC: [8] Undefined variable: order_str D:\www\mebook\App\Home\Extend\TableTool\TableTool.class.php 第 214 行.
NOTIC: [8] Undefined variable: order_str D:\www\mebook\App\Home\Extend\TableTool\TableTool.class.php 第 214 行.
NOTIC: [8] Undefined variable: order_str D:\www\mebook\App\Home\Extend\TableTool\TableTool.class.php 第 214 行.
NOTIC: [8] Undefined index: attr D:\www\mebook\App\Home\View\Public\head_admin.php 第 38 行.
NOTIC: [8] Undefined index: attr D:\www\mebook\App\Home\View\Public\head_admin.php 第 38 行.
NOTIC: [8] Undefined index: attr D:\www\mebook\App\Home\View\Public\head_admin.php 第 38 行.
NOTIC: [8] Undefined index: attr D:\www\mebook\App\Home\View\Public\head_admin.php 第 38 行.
NOTIC: [8] Undefined index: attr D:\www\mebook\App\Home\View\Public\head_admin.php 第 38 行.
NOTIC: [8] Undefined index: attr D:\www\mebook\App\Home\View\Public\head_admin.php 第 55 行.
NOTIC: [8] Undefined index: attr D:\www\mebook\App\Home\View\Public\head_admin.php 第 55 行.
NOTIC: [8] Undefined index: attr D:\www\mebook\App\Home\View\Public\head_admin.php 第 55 行.
NOTIC: [8] Undefined index: attr D:\www\mebook\App\Home\View\Public\head_admin.php 第 55 行.
NOTIC: [8] Undefined index: attr D:\www\mebook\App\Home\View\Public\head_admin.php 第 55 行.
NOTIC: [8] Undefined index: attr D:\www\mebook\App\Home\View\Public\head_admin.php 第 55 行.
NOTIC: [8] Undefined index: attr D:\www\mebook\App\Home\View\Public\head_admin.php 第 55 行.
NOTIC: [8] Undefined index: attr D:\www\mebook\App\Home\View\Public\head_admin.php 第 55 行.
NOTIC: [8] Undefined index: s1 D:\www\mebook\App\Home\View\Cmt\index.php 第 9 行.
NOTIC: [8] Undefined index: v1 D:\www\mebook\App\Home\View\Cmt\index.php 第 10 行.
INFO: [ view_filter ] --START--
INFO: Run Behavior\WriteHtmlCacheBehavior [ RunTime:0.000242s ]
INFO: [ view_filter ] --END-- [ RunTime:0.000317s ]
INFO: [ app_end ] --START--
INFO: Run Behavior\ShowPageTraceBehavior [ RunTime:0.000510s ]
INFO: [ app_end ] --END-- [ RunTime:0.000569s ]

[ 2017-02-27T15:35:58+08:00 ] 127.0.0.1 /Admin/info
INFO: [ app_init ] --START--
INFO: Run Behavior\BuildLiteBehavior [ RunTime:0.000015s ]
INFO: [ app_init ] --END-- [ RunTime:0.000378s ]
INFO: [ app_begin ] --START--
INFO: Run Behavior\ReadHtmlCacheBehavior [ RunTime:0.000414s ]
INFO: Run Behavior\CheckLangBehavior [ RunTime:0.003407s ]
INFO: [ app_begin ] --END-- [ RunTime:0.003935s ]
SQL: SHOW COLUMNS FROM `eb_option` [ RunTime:0.004710s ]
SQL: SELECT * FROM `eb_option` WHERE ( option_name='sys_reg_name' ) LIMIT 1   [ RunTime:0.000259s ]
SQL: SHOW COLUMNS FROM `eb_iplimit` [ RunTime:0.004066s ]
SQL: SELECT * FROM `eb_option` WHERE `option_name` IN ('sys_ip_fail_type','sys_ip_type')  [ RunTime:0.000273s ]
SQL: SELECT * FROM `eb_iplimit` WHERE ( is_close=0 AND 2105834626 between ip_beg_val AND ip_end_val ) LIMIT 1   [ RunTime:0.000173s ]
NOTIC: [8] Undefined index: url D:\www\mebook\App\Home\Extend\AdminMenu\AdminMenu.class.php 第 111 行.
NOTIC: [8] Undefined index: url D:\www\mebook\App\Home\Extend\AdminMenu\AdminMenu.class.php 第 112 行.
SQL: SELECT * FROM `eb_option` WHERE `option_name` IN ('sys_reg_name','sys_is_open','sys_is_verify','sys_is_reg','sys_ip_type','sys_ip_fail_type','sys_index_left1','sys_index_left2','sys_index_left3','sys_site_logo','sys_filter_word','sys_book_path','cas_open','cas_ver','cas_host','cas_port','cas_uri')  [ RunTime:0.000405s ]
NOTIC: [8] Undefined variable: info D:\www\mebook\App\Home\Controller\AdminController.class.php 第 29 行.
SQL: SHOW COLUMNS FROM `eb_booklist` [ RunTime:0.003818s ]
SQL: SELECT * FROM `eb_booklist` ORDER BY booklist_id desc  [ RunTime:0.000326s ]
SQL: SHOW COLUMNS FROM `eb_book` [ RunTime:0.004000s ]
SQL: SHOW COLUMNS FROM `eb_book_ft` [ RunTime:0.004393s ]
SQL: SELECT COUNT(0) AS tp_count FROM `eb_book` LIMIT 1   [ RunTime:0.006683s ]
SQL: SELECT COUNT(0) AS tp_count FROM `eb_book_ft` LIMIT 1   [ RunTime:0.000280s ]
NOTIC: [8] Undefined index: attr D:\www\mebook\App\Home\View\Public\head_admin.php 第 38 行.
NOTIC: [8] Undefined index: attr D:\www\mebook\App\Home\View\Public\head_admin.php 第 38 行.
NOTIC: [8] Undefined index: attr D:\www\mebook\App\Home\View\Public\head_admin.php 第 38 行.
NOTIC: [8] Undefined index: attr D:\www\mebook\App\Home\View\Public\head_admin.php 第 38 行.
NOTIC: [8] Undefined index: attr D:\www\mebook\App\Home\View\Public\head_admin.php 第 38 行.
NOTIC: [8] Undefined index: attr D:\www\mebook\App\Home\View\Public\head_admin.php 第 55 行.
NOTIC: [8] Undefined index: attr D:\www\mebook\App\Home\View\Public\head_admin.php 第 55 行.
NOTIC: [8] Undefined index: attr D:\www\mebook\App\Home\View\Public\head_admin.php 第 55 行.
NOTIC: [8] Undefined index: attr D:\www\mebook\App\Home\View\Public\head_admin.php 第 55 行.
NOTIC: [8] Undefined index: attr D:\www\mebook\App\Home\View\Public\head_admin.php 第 55 行.
NOTIC: [8] Undefined index: attr D:\www\mebook\App\Home\View\Public\head_admin.php 第 55 行.
NOTIC: [8] Undefined index: attr D:\www\mebook\App\Home\View\Public\head_admin.php 第 55 行.
NOTIC: [8] Undefined index: attr D:\www\mebook\App\Home\View\Public\head_admin.php 第 55 行.
NOTIC: [8] Undefined index: attr D:\www\mebook\App\Home\View\Public\head_admin.php 第 55 行.
NOTIC: [8] Undefined index: attr D:\www\mebook\App\Home\Extend\FormHelper\FormHelper.class.php 第 199 行.
NOTIC: [8] Undefined index: attr D:\www\mebook\App\Home\Extend\FormHelper\FormHelper.class.php 第 199 行.
NOTIC: [8] Undefined index: tdattr D:\www\mebook\App\Home\Extend\FormHelper\FormHelper.class.php 第 145 行.
NOTIC: [8] Undefined index: thattr D:\www\mebook\App\Home\Extend\FormHelper\FormHelper.class.php 第 146 行.
NOTIC: [8] Undefined index: vt D:\www\mebook\App\Home\Extend\FormHelper\FormHelper.class.php 第 50 行.
NOTIC: [8] Undefined index: attr D:\www\mebook\App\Home\Extend\FormHelper\FormHelper.class.php 第 199 行.
NOTIC: [8] Undefined index: tdattr D:\www\mebook\App\Home\Extend\FormHelper\FormHelper.class.php 第 145 行.
NOTIC: [8] Undefined index: thattr D:\www\mebook\App\Home\Extend\FormHelper\FormHelper.class.php 第 146 行.
NOTIC: [8] Undefined index: vt D:\www\mebook\App\Home\Extend\FormHelper\FormHelper.class.php 第 50 行.
NOTIC: [8] Undefined index: default D:\www\mebook\App\Home\Extend\FormHelper\FormHelper.class.php 第 51 行.
NOTIC: [8] Undefined index: attr D:\www\mebook\App\Home\Extend\FormHelper\FormHelper.class.php 第 199 行.
NOTIC: [8] Undefined index: tdattr D:\www\mebook\App\Home\Extend\FormHelper\FormHelper.class.php 第 145 行.
NOTIC: [8] Undefined index: thattr D:\www\mebook\App\Home\Extend\FormHelper\FormHelper.class.php 第 146 行.
NOTIC: [8] Undefined index: vt D:\www\mebook\App\Home\Extend\FormHelper\FormHelper.class.php 第 50 行.
NOTIC: [8] Undefined index: attr D:\www\mebook\App\Home\Extend\FormHelper\FormHelper.class.php 第 199 行.
NOTIC: [8] Undefined index: attr D:\www\mebook\App\Home\Extend\FormHelper\FormHelper.class.php 第 199 行.
NOTIC: [8] Undefined index: tdattr D:\www\mebook\App\Home\Extend\FormHelper\FormHelper.class.php 第 145 行.
NOTIC: [8] Undefined index: thattr D:\www\mebook\App\Home\Extend\FormHelper\FormHelper.class.php 第 146 行.
NOTIC: [8] Undefined index: attr D:\www\mebook\App\Home\Extend\FormHelper\FormHelper.class.php 第 199 行.
NOTIC: [8] Undefined index: tdattr D:\www\mebook\App\Home\Extend\FormHelper\FormHelper.class.php 第 145 行.
NOTIC: [8] Undefined index: thattr D:\www\mebook\App\Home\Extend\FormHelper\FormHelper.class.php 第 146 行.
NOTIC: [8] Undefined index: attr D:\www\mebook\App\Home\Extend\FormHelper\FormHelper.class.php 第 199 行.
NOTIC: [8] Undefined index: tdattr D:\www\mebook\App\Home\Extend\FormHelper\FormHelper.class.php 第 145 行.
NOTIC: [8] Undefined index: thattr D:\www\mebook\App\Home\Extend\FormHelper\FormHelper.class.php 第 146 行.
NOTIC: [8] Undefined index: attr D:\www\mebook\App\Home\Extend\FormHelper\FormHelper.class.php 第 199 行.
NOTIC: [8] Undefined index: tdattr D:\www\mebook\App\Home\Extend\FormHelper\FormHelper.class.php 第 145 行.
NOTIC: [8] Undefined index: thattr D:\www\mebook\App\Home\Extend\FormHelper\FormHelper.class.php 第 146 行.
NOTIC: [8] Undefined index: attr D:\www\mebook\App\Home\Extend\FormHelper\FormHelper.class.php 第 199 行.
NOTIC: [8] Undefined index: tdattr D:\www\mebook\App\Home\Extend\FormHelper\FormHelper.class.php 第 145 行.
NOTIC: [8] Undefined index: thattr D:\www\mebook\App\Home\Extend\FormHelper\FormHelper.class.php 第 146 行.
NOTIC: [8] Undefined index: attr D:\www\mebook\App\Home\Extend\FormHelper\FormHelper.class.php 第 199 行.
NOTIC: [8] Undefined index: tdattr D:\www\mebook\App\Home\Extend\FormHelper\FormHelper.class.php 第 145 行.
NOTIC: [8] Undefined index: thattr D:\www\mebook\App\Home\Extend\FormHelper\FormHelper.class.php 第 146 行.
NOTIC: [8] Undefined index: attr D:\www\mebook\App\Home\Extend\FormHelper\FormHelper.class.php 第 199 行.
NOTIC: [8] Undefined index: tdattr D:\www\mebook\App\Home\Extend\FormHelper\FormHelper.class.php 第 145 行.
NOTIC: [8] Undefined index: thattr D:\www\mebook\App\Home\Extend\FormHelper\FormHelper.class.php 第 146 行.
NOTIC: [8] Undefined index: vt D:\www\mebook\App\Home\Extend\FormHelper\FormHelper.class.php 第 50 行.
NOTIC: [8] Undefined index: default D:\www\mebook\App\Home\Extend\FormHelper\FormHelper.class.php 第 51 行.
NOTIC: [8] Undefined index: attr D:\www\mebook\App\Home\Extend\FormHelper\FormHelper.class.php 第 199 行.
NOTIC: [8] Undefined index: tdattr D:\www\mebook\App\Home\Extend\FormHelper\FormHelper.class.php 第 145 行.
NOTIC: [8] Undefined index: thattr D:\www\mebook\App\Home\Extend\FormHelper\FormHelper.class.php 第 146 行.
NOTIC: [8] Undefined index: attr D:\www\mebook\App\Home\Extend\FormHelper\FormHelper.class.php 第 199 行.
NOTIC: [8] Undefined index: tdattr D:\www\mebook\App\Home\Extend\FormHelper\FormHelper.class.php 第 145 行.
NOTIC: [8] Undefined index: thattr D:\www\mebook\App\Home\Extend\FormHelper\FormHelper.class.php 第 146 行.
NOTIC: [8] Undefined index: attr D:\www\mebook\App\Home\Extend\FormHelper\FormHelper.class.php 第 199 行.
NOTIC: [8] Undefined index: tdattr D:\www\mebook\App\Home\Extend\FormHelper\FormHelper.class.php 第 145 行.
NOTIC: [8] Undefined index: thattr D:\www\mebook\App\Home\Extend\FormHelper\FormHelper.class.php 第 146 行.
NOTIC: [8] Undefined index: attr D:\www\mebook\App\Home\Extend\FormHelper\FormHelper.class.php 第 199 行.
NOTIC: [8] Undefined index: tdattr D:\www\mebook\App\Home\Extend\FormHelper\FormHelper.class.php 第 145 行.
NOTIC: [8] Undefined index: thattr D:\www\mebook\App\Home\Extend\FormHelper\FormHelper.class.php 第 146 行.
NOTIC: [8] Undefined index: attr D:\www\mebook\App\Home\Extend\FormHelper\FormHelper.class.php 第 199 行.
NOTIC: [8] Undefined index: tdattr D:\www\mebook\App\Home\Extend\FormHelper\FormHelper.class.php 第 145 行.
NOTIC: [8] Undefined index: thattr D:\www\mebook\App\Home\Extend\FormHelper\FormHelper.class.php 第 146 行.
INFO: [ view_filter ] --START--
INFO: Run Behavior\WriteHtmlCacheBehavior [ RunTime:0.000288s ]
INFO: [ view_filter ] --END-- [ RunTime:0.000363s ]
INFO: [ app_end ] --START--
INFO: Run Behavior\ShowPageTraceBehavior [ RunTime:0.000647s ]
INFO: [ app_end ] --END-- [ RunTime:0.000732s ]

[ 2017-02-27T16:20:41+08:00 ] 127.0.0.1 /Cmt/index
INFO: [ app_init ] --START--
INFO: Run Behavior\BuildLiteBehavior [ RunTime:0.000021s ]
INFO: [ app_init ] --END-- [ RunTime:0.001698s ]
INFO: [ app_begin ] --START--
INFO: Run Behavior\ReadHtmlCacheBehavior [ RunTime:0.000666s ]
INFO: Run Behavior\CheckLangBehavior [ RunTime:0.002646s ]
INFO: [ app_begin ] --END-- [ RunTime:0.003484s ]
SQL: SHOW COLUMNS FROM `eb_option` [ RunTime:0.004335s ]
SQL: SELECT * FROM `eb_option` WHERE ( option_name='sys_reg_name' ) LIMIT 1   [ RunTime:0.000333s ]
SQL: SHOW COLUMNS FROM `eb_iplimit` [ RunTime:0.004699s ]
SQL: SELECT * FROM `eb_option` WHERE `option_name` IN ('sys_ip_fail_type','sys_ip_type')  [ RunTime:0.000339s ]
SQL: SELECT * FROM `eb_iplimit` WHERE ( is_close=0 AND 2105834626 between ip_beg_val AND ip_end_val ) LIMIT 1   [ RunTime:0.000260s ]
NOTIC: [8] Undefined index: url D:\www\mebook\App\Home\Extend\AdminMenu\AdminMenu.class.php 第 111 行.
NOTIC: [8] Undefined index: url D:\www\mebook\App\Home\Extend\AdminMenu\AdminMenu.class.php 第 112 行.
NOTIC: [8] Undefined index: url D:\www\mebook\App\Home\Extend\AdminMenu\AdminMenu.class.php 第 111 行.
NOTIC: [8] Undefined index: url D:\www\mebook\App\Home\Extend\AdminMenu\AdminMenu.class.php 第 112 行.
NOTIC: [8] Undefined index: url D:\www\mebook\App\Home\Extend\AdminMenu\AdminMenu.class.php 第 111 行.
NOTIC: [8] Undefined index: url D:\www\mebook\App\Home\Extend\AdminMenu\AdminMenu.class.php 第 112 行.
SQL: SHOW COLUMNS FROM `eb_cmt` [ RunTime:0.005417s ]
SQL: SHOW COLUMNS FROM `eb_cmt` [ RunTime:0.005003s ]
NOTIC: [8] Undefined index: title D:\www\mebook\App\Home\Controller\CmtController.class.php 第 15 行.
NOTIC: [8] Undefined index: user_name D:\www\mebook\App\Home\Controller\CmtController.class.php 第 19 行.
SQL: SELECT COUNT(0) AS tp_count FROM `eb_cmt` INNER JOIN eb_book ON eb_cmt.book_id = eb_book.book_id INNER JOIN eb_user ON eb_cmt.user_id = eb_user.user_id  LIMIT 1   [ RunTime:0.000364s ]
SQL: SELECT * FROM `eb_cmt` INNER JOIN eb_book ON eb_cmt.book_id = eb_book.book_id INNER JOIN eb_user ON eb_cmt.user_id = eb_user.user_id  ORDER BY cmt_id desc LIMIT 0,15   [ RunTime:0.000477s ]
NOTIC: [8] Undefined variable: order_str D:\www\mebook\App\Home\Extend\TableTool\TableTool.class.php 第 214 行.
NOTIC: [8] Undefined variable: order_str D:\www\mebook\App\Home\Extend\TableTool\TableTool.class.php 第 214 行.
NOTIC: [8] Undefined variable: order_str D:\www\mebook\App\Home\Extend\TableTool\TableTool.class.php 第 214 行.
NOTIC: [8] Undefined variable: order_str D:\www\mebook\App\Home\Extend\TableTool\TableTool.class.php 第 214 行.
NOTIC: [8] Undefined index: attr D:\www\mebook\App\Home\View\Public\head_admin.php 第 38 行.
NOTIC: [8] Undefined index: attr D:\www\mebook\App\Home\View\Public\head_admin.php 第 38 行.
NOTIC: [8] Undefined index: attr D:\www\mebook\App\Home\View\Public\head_admin.php 第 38 行.
NOTIC: [8] Undefined index: attr D:\www\mebook\App\Home\View\Public\head_admin.php 第 38 行.
NOTIC: [8] Undefined index: attr D:\www\mebook\App\Home\View\Public\head_admin.php 第 38 行.
NOTIC: [8] Undefined index: attr D:\www\mebook\App\Home\View\Public\head_admin.php 第 55 行.
NOTIC: [8] Undefined index: attr D:\www\mebook\App\Home\View\Public\head_admin.php 第 55 行.
NOTIC: [8] Undefined index: attr D:\www\mebook\App\Home\View\Public\head_admin.php 第 55 行.
NOTIC: [8] Undefined index: attr D:\www\mebook\App\Home\View\Public\head_admin.php 第 55 行.
NOTIC: [8] Undefined index: attr D:\www\mebook\App\Home\View\Public\head_admin.php 第 55 行.
NOTIC: [8] Undefined index: attr D:\www\mebook\App\Home\View\Public\head_admin.php 第 55 行.
NOTIC: [8] Undefined index: attr D:\www\mebook\App\Home\View\Public\head_admin.php 第 55 行.
NOTIC: [8] Undefined index: attr D:\www\mebook\App\Home\View\Public\head_admin.php 第 55 行.
NOTIC: [8] Undefined index: s1 D:\www\mebook\App\Home\View\Cmt\index.php 第 9 行.
NOTIC: [8] Undefined index: v1 D:\www\mebook\App\Home\View\Cmt\index.php 第 10 行.
INFO: [ view_filter ] --START--
INFO: Run Behavior\WriteHtmlCacheBehavior [ RunTime:0.000229s ]
INFO: [ view_filter ] --END-- [ RunTime:0.000284s ]
INFO: [ app_end ] --START--
INFO: Run Behavior\ShowPageTraceBehavior [ RunTime:0.000486s ]
INFO: [ app_end ] --END-- [ RunTime:0.000546s ]

